F:\Ky2nam3\do_an_1\code\doan1\project2\solution2\.autopilot\db\CNN.pp.0.cpp:1317:7: warning: Added loop label VITIS_LOOP_1207_1:   [xilinx-label-all-loops]
      for (i = 0; i < __N - 1; ++i) {
      ^~~
      VITIS_LOOP_1207_1: 
F:\Ky2nam3\do_an_1\code\doan1\project2\solution2\.autopilot\db\CNN.pp.0.cpp:1317:7: note: FIX-IT applied suggested code changes
F:\Ky2nam3\do_an_1\code\doan1\project2\solution2\.autopilot\db\CNN.pp.0.cpp:2291:5: warning: Added loop label VITIS_LOOP_676_1:   [xilinx-label-all-loops]
    for (unsigned i = low; i != high; ++i) {
    ^~~
    VITIS_LOOP_676_1: 
F:\Ky2nam3\do_an_1\code\doan1\project2\solution2\.autopilot\db\CNN.pp.0.cpp:2291:5: note: FIX-IT applied suggested code changes
F:\Ky2nam3\do_an_1\code\doan1\project2\solution2\.autopilot\db\CNN.pp.0.cpp:2305:5: warning: Added loop label VITIS_LOOP_690_1:   [xilinx-label-all-loops]
    for (unsigned i = low; i != high; ++i) {
    ^~~
    VITIS_LOOP_690_1: 
F:\Ky2nam3\do_an_1\code\doan1\project2\solution2\.autopilot\db\CNN.pp.0.cpp:2305:5: note: FIX-IT applied suggested code changes
F:\Ky2nam3\do_an_1\code\doan1\project2\solution2\.autopilot\db\CNN.pp.0.cpp:2319:5: warning: Added loop label VITIS_LOOP_704_1:   [xilinx-label-all-loops]
    for (unsigned i = low; i != high; ++i) {
    ^~~
    VITIS_LOOP_704_1: 
F:\Ky2nam3\do_an_1\code\doan1\project2\solution2\.autopilot\db\CNN.pp.0.cpp:2319:5: note: FIX-IT applied suggested code changes
F:\Ky2nam3\do_an_1\code\doan1\project2\solution2\.autopilot\db\CNN.pp.0.cpp:3948:7: warning: Added loop label VITIS_LOOP_1247_1:   [xilinx-label-all-loops]
      for (i = 0; i < __N - 1; ++i) {
      ^~~
      VITIS_LOOP_1247_1: 
F:\Ky2nam3\do_an_1\code\doan1\project2\solution2\.autopilot\db\CNN.pp.0.cpp:3948:7: note: FIX-IT applied suggested code changes
