

================================================================
== Vitis HLS Report for 'CNN_Pipeline_loop_for_3_channel_pad_3_loop_for_channel_pad_3'
================================================================
* Date:           Fri Jun  7 16:44:00 2024

* Version:        2023.2 (Build 4023990 on Oct 11 2023)
* Project:        project2
* Solution:       solution2 (Vivado IP Flow Target)
* Product family: zynquplus
* Target device:  xck26-sfvc784-2LV-c


================================================================
== Performance Estimates
================================================================
+ Timing: 
    * Summary: 
    +--------+---------+----------+------------+
    |  Clock |  Target | Estimated| Uncertainty|
    +--------+---------+----------+------------+
    |ap_clk  |  5.00 ns|  2.917 ns|     1.35 ns|
    +--------+---------+----------+------------+

+ Latency: 
    * Summary: 
    +---------+---------+----------+----------+------+------+---------+
    |  Latency (cycles) |  Latency (absolute) |   Interval  | Pipeline|
    |   min   |   max   |    min   |    max   |  min |  max |   Type  |
    +---------+---------+----------+----------+------+------+---------+
    |     1316|     1316|  6.580 us|  6.580 us|  1316|  1316|       no|
    +---------+---------+----------+----------+------+------+---------+

    + Detail: 
        * Instance: 
        N/A

        * Loop: 
        +---------------------------------------------------+---------+---------+----------+-----------+-----------+------+----------+
        |                                                   |  Latency (cycles) | Iteration|  Initiation Interval  | Trip |          |
        |                     Loop Name                     |   min   |   max   |  Latency |  achieved |   target  | Count| Pipelined|
        +---------------------------------------------------+---------+---------+----------+-----------+-----------+------+----------+
        |- loop_for_3_channel_pad_3_loop_for_channel_pad_3  |     1314|     1314|         4|          1|          1|  1312|       yes|
        +---------------------------------------------------+---------+---------+----------+-----------+-----------+------+----------+

============================================================
+ Verbose Summary: Synthesis Manager
============================================================
InlineROM: 1
ExposeGlobal: 0
============================================================
+ Verbose Summary: CDFG Model
============================================================
IsTopModel: 0
ResetActiveHigh: 1
IsCombinational: 0
IsDatapathOnly: 0
HasWiredReturn: 1
HasMFsm: 2
HasVarLatency: 1
IsPipeline: 0
IsRtlPipelined: 0
IsInstanceOverlapped: 0
IsDontTouch: 0
HasImplIP: 0
IsGatedGlobalClock: 0

+ Individual pipeline summary: 
  * Pipeline-0: initiation interval (II) = 1, depth = 4


============================================================
+ Verbose Summary: Schedule
============================================================
* Number of FSM states : 4
* Pipeline : 1
  Pipeline-0 : II = 1, D = 4, States = { 1 2 3 4 }
* Dataflow Pipeline: 0

* FSM state transitions: 
1 --> 2 
2 --> 3 
3 --> 4 
4 --> 

* FSM state operations: 

State 1 <SV = 0> <Delay = 2.77>
ST_1 : Operation 7 [1/1] (0.00ns)   --->   "%n = alloca i32 1" [Conv.cpp:85->CNN.cpp:38]   --->   Operation 7 'alloca' 'n' <Predicate = true> <Delay = 0.00>
ST_1 : Operation 8 [1/1] (0.00ns)   --->   "%c = alloca i32 1" [Conv.cpp:83->CNN.cpp:38]   --->   Operation 8 'alloca' 'c' <Predicate = true> <Delay = 0.00>
ST_1 : Operation 9 [1/1] (0.00ns)   --->   "%indvar_flatten41 = alloca i32 1"   --->   Operation 9 'alloca' 'indvar_flatten41' <Predicate = true> <Delay = 0.00>
ST_1 : Operation 10 [1/1] (0.42ns)   --->   "%store_ln0 = store i11 0, i11 %indvar_flatten41"   --->   Operation 10 'store' 'store_ln0' <Predicate = true> <Delay = 0.42>
ST_1 : Operation 11 [1/1] (0.42ns)   --->   "%store_ln83 = store i4 0, i4 %c" [Conv.cpp:83->CNN.cpp:38]   --->   Operation 11 'store' 'store_ln83' <Predicate = true> <Delay = 0.42>
ST_1 : Operation 12 [1/1] (0.42ns)   --->   "%store_ln85 = store i8 0, i8 %n" [Conv.cpp:85->CNN.cpp:38]   --->   Operation 12 'store' 'store_ln85' <Predicate = true> <Delay = 0.42>
ST_1 : Operation 13 [1/1] (0.00ns)   --->   "%br_ln0 = br void %for.body4.i132"   --->   Operation 13 'br' 'br_ln0' <Predicate = true> <Delay = 0.00>
ST_1 : Operation 14 [1/1] (0.00ns)   --->   "%indvar_flatten41_load = load i11 %indvar_flatten41" [Conv.cpp:83->CNN.cpp:38]   --->   Operation 14 'load' 'indvar_flatten41_load' <Predicate = true> <Delay = 0.00>
ST_1 : Operation 15 [1/1] (0.79ns)   --->   "%icmp_ln83 = icmp_eq  i11 %indvar_flatten41_load, i11 1312" [Conv.cpp:83->CNN.cpp:38]   --->   Operation 15 'icmp' 'icmp_ln83' <Predicate = true> <Delay = 0.79> <CoreInst = "Cmp">   --->   Core 9 'Cmp' <Latency = 0> <II = 1> <Delay = 0.79> <FuncUnit> <Opcode : 'icmp'> <InPorts = 2> <OutPorts = 1>
ST_1 : Operation 16 [1/1] (0.79ns)   --->   "%add_ln83 = add i11 %indvar_flatten41_load, i11 1" [Conv.cpp:83->CNN.cpp:38]   --->   Operation 16 'add' 'add_ln83' <Predicate = true> <Delay = 0.79> <CoreInst = "Adder">   --->   Core 1 'Adder' <Latency = 0> <II = 1> <Delay = 0.79> <FuncUnit> <Opcode : 'add' 'sub'> <InPorts = 2> <OutPorts = 1>
ST_1 : Operation 17 [1/1] (0.00ns)   --->   "%br_ln83 = br i1 %icmp_ln83, void %for.inc15.i144, void %for.body4.i150.preheader.exitStub" [Conv.cpp:83->CNN.cpp:38]   --->   Operation 17 'br' 'br_ln83' <Predicate = true> <Delay = 0.00>
ST_1 : Operation 18 [1/1] (0.00ns)   --->   "%n_load = load i8 %n" [Conv.cpp:85->CNN.cpp:38]   --->   Operation 18 'load' 'n_load' <Predicate = (!icmp_ln83)> <Delay = 0.00>
ST_1 : Operation 19 [1/1] (0.00ns)   --->   "%c_load = load i4 %c" [Conv.cpp:83->CNN.cpp:38]   --->   Operation 19 'load' 'c_load' <Predicate = (!icmp_ln83)> <Delay = 0.00>
ST_1 : Operation 20 [1/1] (0.76ns)   --->   "%icmp_ln85 = icmp_eq  i8 %n_load, i8 164" [Conv.cpp:85->CNN.cpp:38]   --->   Operation 20 'icmp' 'icmp_ln85' <Predicate = (!icmp_ln83)> <Delay = 0.76> <CoreInst = "Cmp">   --->   Core 9 'Cmp' <Latency = 0> <II = 1> <Delay = 0.76> <FuncUnit> <Opcode : 'icmp'> <InPorts = 2> <OutPorts = 1>
ST_1 : Operation 21 [1/1] (0.39ns)   --->   "%select_ln83 = select i1 %icmp_ln85, i8 0, i8 %n_load" [Conv.cpp:83->CNN.cpp:38]   --->   Operation 21 'select' 'select_ln83' <Predicate = (!icmp_ln83)> <Delay = 0.39> <CoreInst = "Sel">   --->   Core 73 'Sel' <Latency = 0> <II = 1> <Delay = 0.39> <FuncUnit> <Opcode : 'select'> <InPorts = 3> <OutPorts = 1>
ST_1 : Operation 22 [1/1] (0.79ns)   --->   "%add_ln83_1 = add i4 %c_load, i4 1" [Conv.cpp:83->CNN.cpp:38]   --->   Operation 22 'add' 'add_ln83_1' <Predicate = (!icmp_ln83)> <Delay = 0.79> <CoreInst = "Adder">   --->   Core 1 'Adder' <Latency = 0> <II = 1> <Delay = 0.79> <FuncUnit> <Opcode : 'add' 'sub'> <InPorts = 2> <OutPorts = 1>
ST_1 : Operation 23 [1/1] (0.39ns)   --->   "%select_ln83_1 = select i1 %icmp_ln85, i4 %add_ln83_1, i4 %c_load" [Conv.cpp:83->CNN.cpp:38]   --->   Operation 23 'select' 'select_ln83_1' <Predicate = (!icmp_ln83)> <Delay = 0.39> <CoreInst = "Sel">   --->   Core 73 'Sel' <Latency = 0> <II = 1> <Delay = 0.39> <FuncUnit> <Opcode : 'select'> <InPorts = 3> <OutPorts = 1>
ST_1 : Operation 24 [1/1] (0.00ns)   --->   "%zext_ln85 = zext i4 %select_ln83_1" [Conv.cpp:85->CNN.cpp:38]   --->   Operation 24 'zext' 'zext_ln85' <Predicate = (!icmp_ln83)> <Delay = 0.00>
ST_1 : Operation 25 [1/1] (0.00ns)   --->   "%empty = trunc i4 %select_ln83_1" [Conv.cpp:83->CNN.cpp:38]   --->   Operation 25 'trunc' 'empty' <Predicate = (!icmp_ln83)> <Delay = 0.00>
ST_1 : Operation 26 [3/3] (0.99ns) (grouped into DSP with root node add_ln86)   --->   "%mul_ln85 = mul i11 %zext_ln85, i11 164" [Conv.cpp:85->CNN.cpp:38]   --->   Operation 26 'mul' 'mul_ln85' <Predicate = (!icmp_ln83)> <Delay = 0.99> <CoreInst = "DSP48">   --->   Core 127 'DSP48' <Latency = 3> <II = 1> <Delay = 0.53> <IPBlock> <Opcode : '' 'add' 'sub' 'mul' 'select'> <InPorts = 0> <OutPorts = 1> <Sync> <CReg>
ST_1 : Operation 27 [1/1] (0.00ns)   --->   "%tmp = partselect i7 @_ssdm_op_PartSelect.i7.i8.i32.i32, i8 %select_ln83, i32 1, i32 7" [Conv.cpp:86->CNN.cpp:38]   --->   Operation 27 'partselect' 'tmp' <Predicate = (!icmp_ln83)> <Delay = 0.00>
ST_1 : Operation 28 [1/1] (0.77ns)   --->   "%icmp_ln86 = icmp_eq  i7 %tmp, i7 0" [Conv.cpp:86->CNN.cpp:38]   --->   Operation 28 'icmp' 'icmp_ln86' <Predicate = (!icmp_ln83)> <Delay = 0.77> <CoreInst = "Cmp">   --->   Core 9 'Cmp' <Latency = 0> <II = 1> <Delay = 0.77> <FuncUnit> <Opcode : 'icmp'> <InPorts = 2> <OutPorts = 1>
ST_1 : Operation 29 [1/1] (0.76ns)   --->   "%add_ln85 = add i8 %select_ln83, i8 1" [Conv.cpp:85->CNN.cpp:38]   --->   Operation 29 'add' 'add_ln85' <Predicate = (!icmp_ln83)> <Delay = 0.76> <CoreInst = "Adder">   --->   Core 1 'Adder' <Latency = 0> <II = 1> <Delay = 0.76> <FuncUnit> <Opcode : 'add' 'sub'> <InPorts = 2> <OutPorts = 1>
ST_1 : Operation 30 [1/1] (0.42ns)   --->   "%store_ln83 = store i11 %add_ln83, i11 %indvar_flatten41" [Conv.cpp:83->CNN.cpp:38]   --->   Operation 30 'store' 'store_ln83' <Predicate = (!icmp_ln83)> <Delay = 0.42>
ST_1 : Operation 31 [1/1] (0.42ns)   --->   "%store_ln83 = store i4 %select_ln83_1, i4 %c" [Conv.cpp:83->CNN.cpp:38]   --->   Operation 31 'store' 'store_ln83' <Predicate = (!icmp_ln83)> <Delay = 0.42>
ST_1 : Operation 32 [1/1] (0.42ns)   --->   "%store_ln85 = store i8 %add_ln85, i8 %n" [Conv.cpp:85->CNN.cpp:38]   --->   Operation 32 'store' 'store_ln85' <Predicate = (!icmp_ln83)> <Delay = 0.42>

State 2 <SV = 1> <Delay = 0.99>
ST_2 : Operation 33 [2/3] (0.99ns) (grouped into DSP with root node add_ln86)   --->   "%mul_ln85 = mul i11 %zext_ln85, i11 164" [Conv.cpp:85->CNN.cpp:38]   --->   Operation 33 'mul' 'mul_ln85' <Predicate = true> <Delay = 0.99> <CoreInst = "DSP48">   --->   Core 127 'DSP48' <Latency = 3> <II = 1> <Delay = 0.53> <IPBlock> <Opcode : '' 'add' 'sub' 'mul' 'select'> <InPorts = 0> <OutPorts = 1> <Sync> <CReg>

State 3 <SV = 2> <Delay = 2.91>
ST_3 : Operation 34 [1/1] (0.00ns)   --->   "%p_shl11 = bitconcatenate i10 @_ssdm_op_BitConcatenate.i10.i3.i7, i3 %empty, i7 0" [Conv.cpp:83->CNN.cpp:38]   --->   Operation 34 'bitconcatenate' 'p_shl11' <Predicate = true> <Delay = 0.00>
ST_3 : Operation 35 [1/1] (0.00ns)   --->   "%p_shl19_cast = zext i10 %p_shl11" [Conv.cpp:83->CNN.cpp:38]   --->   Operation 35 'zext' 'p_shl19_cast' <Predicate = true> <Delay = 0.00>
ST_3 : Operation 36 [1/1] (0.00ns)   --->   "%p_shl = bitconcatenate i8 @_ssdm_op_BitConcatenate.i8.i3.i5, i3 %empty, i5 0" [Conv.cpp:83->CNN.cpp:38]   --->   Operation 36 'bitconcatenate' 'p_shl' <Predicate = true> <Delay = 0.00>
ST_3 : Operation 37 [1/1] (0.00ns)   --->   "%p_shl20_cast = zext i8 %p_shl" [Conv.cpp:83->CNN.cpp:38]   --->   Operation 37 'zext' 'p_shl20_cast' <Predicate = true> <Delay = 0.00>
ST_3 : Operation 38 [1/3] (0.00ns) (grouped into DSP with root node add_ln86)   --->   "%mul_ln85 = mul i11 %zext_ln85, i11 164" [Conv.cpp:85->CNN.cpp:38]   --->   Operation 38 'mul' 'mul_ln85' <Predicate = true> <Delay = 0.00> <CoreInst = "DSP48">   --->   Core 127 'DSP48' <Latency = 3> <II = 1> <Delay = 0.53> <IPBlock> <Opcode : '' 'add' 'sub' 'mul' 'select'> <InPorts = 0> <OutPorts = 1> <Sync> <CReg>
ST_3 : Operation 39 [1/1] (0.00ns)   --->   "%zext_ln85_1 = zext i8 %select_ln83" [Conv.cpp:85->CNN.cpp:38]   --->   Operation 39 'zext' 'zext_ln85_1' <Predicate = true> <Delay = 0.00>
ST_3 : Operation 40 [1/1] (0.00ns)   --->   "%zext_ln85_2 = zext i8 %select_ln83" [Conv.cpp:85->CNN.cpp:38]   --->   Operation 40 'zext' 'zext_ln85_2' <Predicate = true> <Delay = 0.00>
ST_3 : Operation 41 [2/2] (0.64ns) (root node of the DSP)   --->   "%add_ln86 = add i11 %zext_ln85_1, i11 %mul_ln85" [Conv.cpp:86->CNN.cpp:38]   --->   Operation 41 'add' 'add_ln86' <Predicate = true> <Delay = 0.64> <CoreInst = "DSP48">   --->   Core 127 'DSP48' <Latency = 3> <II = 1> <Delay = 0.53> <IPBlock> <Opcode : '' 'add' 'sub' 'mul' 'select'> <InPorts = 0> <OutPorts = 1> <Sync> <CReg>
ST_3 : Operation 42 [1/1] (0.00ns) (grouped into TernaryAdder)   --->   "%add_ln86_1 = add i11 %p_shl19_cast, i11 %p_shl20_cast" [Conv.cpp:86->CNN.cpp:38]   --->   Operation 42 'add' 'add_ln86_1' <Predicate = true> <Delay = 0.00> <CoreInst = "TAddSub">   --->   Core 10 'TAddSub' <Latency = 0> <II = 1> <Delay = 0.45> <IPBlock> <Opcode : '' 'add' 'sub'> <InPorts = 3> <OutPorts = 1> <Sync> <CReg>
ST_3 : Operation 43 [1/1] (0.76ns)   --->   "%add_ln86_3 = add i9 %zext_ln85_2, i9 510" [Conv.cpp:86->CNN.cpp:38]   --->   Operation 43 'add' 'add_ln86_3' <Predicate = true> <Delay = 0.76> <CoreInst = "Adder">   --->   Core 1 'Adder' <Latency = 0> <II = 1> <Delay = 0.76> <FuncUnit> <Opcode : 'add' 'sub'> <InPorts = 2> <OutPorts = 1>
ST_3 : Operation 44 [1/1] (0.00ns)   --->   "%sext_ln86 = sext i9 %add_ln86_3" [Conv.cpp:86->CNN.cpp:38]   --->   Operation 44 'sext' 'sext_ln86' <Predicate = true> <Delay = 0.00>
ST_3 : Operation 45 [1/1] (0.91ns) (root node of TernaryAdder)   --->   "%add_ln86_2 = add i11 %sext_ln86, i11 %add_ln86_1" [Conv.cpp:86->CNN.cpp:38]   --->   Operation 45 'add' 'add_ln86_2' <Predicate = true> <Delay = 0.91> <CoreInst = "TAddSub">   --->   Core 10 'TAddSub' <Latency = 0> <II = 1> <Delay = 0.45> <IPBlock> <Opcode : '' 'add' 'sub'> <InPorts = 3> <OutPorts = 1> <Sync> <CReg>
ST_3 : Operation 46 [1/1] (0.00ns)   --->   "%zext_ln86_1 = zext i11 %add_ln86_2" [Conv.cpp:86->CNN.cpp:38]   --->   Operation 46 'zext' 'zext_ln86_1' <Predicate = true> <Delay = 0.00>
ST_3 : Operation 47 [1/1] (0.00ns)   --->   "%OutConv2_addr = getelementptr i16 %OutConv2, i64 0, i64 %zext_ln86_1" [Conv.cpp:86->CNN.cpp:38]   --->   Operation 47 'getelementptr' 'OutConv2_addr' <Predicate = true> <Delay = 0.00>
ST_3 : Operation 48 [2/2] (1.23ns)   --->   "%OutConv2_load = load i11 %OutConv2_addr" [Conv.cpp:86->CNN.cpp:38]   --->   Operation 48 'load' 'OutConv2_load' <Predicate = true> <Delay = 1.23> <CoreInst = "RAM">   --->   Core 83 'RAM' <Latency = 1> <II = 1> <Delay = 1.23> <Storage> <Opcode : 'load' 'store'> <Ports = 2> <Width = 16> <Depth = 1280> <RAM>
ST_3 : Operation 61 [1/1] (0.00ns)   --->   "%ret_ln0 = ret"   --->   Operation 61 'ret' 'ret_ln0' <Predicate = (icmp_ln83)> <Delay = 0.00>

State 4 <SV = 3> <Delay = 2.83>
ST_4 : Operation 49 [1/1] (0.00ns)   --->   "%specloopname_ln0 = specloopname void @_ssdm_op_SpecLoopName, void @loop_for_3_channel_pad_3_loop_for_channel_pad_3_str"   --->   Operation 49 'specloopname' 'specloopname_ln0' <Predicate = true> <Delay = 0.00>
ST_4 : Operation 50 [1/1] (0.00ns)   --->   "%speclooptripcount_ln0 = speclooptripcount void @_ssdm_op_SpecLoopTripCount, i64 1312, i64 1312, i64 1312"   --->   Operation 50 'speclooptripcount' 'speclooptripcount_ln0' <Predicate = true> <Delay = 0.00>
ST_4 : Operation 51 [1/1] (0.00ns)   --->   "%specpipeline_ln85 = specpipeline void @_ssdm_op_SpecPipeline, i32 4294967295, i32 0, i32 0, i32 0, void @empty_7" [Conv.cpp:85->CNN.cpp:38]   --->   Operation 51 'specpipeline' 'specpipeline_ln85' <Predicate = true> <Delay = 0.00>
ST_4 : Operation 52 [1/1] (0.76ns)   --->   "%icmp_ln86_1 = icmp_ugt  i8 %select_ln83, i8 161" [Conv.cpp:86->CNN.cpp:38]   --->   Operation 52 'icmp' 'icmp_ln86_1' <Predicate = true> <Delay = 0.76> <CoreInst = "Cmp">   --->   Core 9 'Cmp' <Latency = 0> <II = 1> <Delay = 0.76> <FuncUnit> <Opcode : 'icmp'> <InPorts = 2> <OutPorts = 1>
ST_4 : Operation 53 [1/1] (0.00ns) (grouped into LUT with out node select_ln86)   --->   "%or_ln86 = or i1 %icmp_ln86, i1 %icmp_ln86_1" [Conv.cpp:86->CNN.cpp:38]   --->   Operation 53 'or' 'or_ln86' <Predicate = true> <Delay = 0.00> <CoreInst = "LogicGate">   --->   Core 74 'LogicGate' <Latency = 0> <II = 1> <Delay = 0.28> <FuncUnit> <Opcode : 'and' 'or' 'xor'> <InPorts = 2> <OutPorts = 1>
ST_4 : Operation 54 [1/2] (0.64ns) (root node of the DSP)   --->   "%add_ln86 = add i11 %zext_ln85_1, i11 %mul_ln85" [Conv.cpp:86->CNN.cpp:38]   --->   Operation 54 'add' 'add_ln86' <Predicate = true> <Delay = 0.64> <CoreInst = "DSP48">   --->   Core 127 'DSP48' <Latency = 3> <II = 1> <Delay = 0.53> <IPBlock> <Opcode : '' 'add' 'sub' 'mul' 'select'> <InPorts = 0> <OutPorts = 1> <Sync> <CReg>
ST_4 : Operation 55 [1/1] (0.00ns)   --->   "%zext_ln86 = zext i11 %add_ln86" [Conv.cpp:86->CNN.cpp:38]   --->   Operation 55 'zext' 'zext_ln86' <Predicate = true> <Delay = 0.00>
ST_4 : Operation 56 [1/1] (0.00ns)   --->   "%OutPadConv3_addr = getelementptr i16 %OutPadConv3, i64 0, i64 %zext_ln86" [Conv.cpp:86->CNN.cpp:38]   --->   Operation 56 'getelementptr' 'OutPadConv3_addr' <Predicate = true> <Delay = 0.00>
ST_4 : Operation 57 [1/2] (1.23ns)   --->   "%OutConv2_load = load i11 %OutConv2_addr" [Conv.cpp:86->CNN.cpp:38]   --->   Operation 57 'load' 'OutConv2_load' <Predicate = true> <Delay = 1.23> <CoreInst = "RAM">   --->   Core 83 'RAM' <Latency = 1> <II = 1> <Delay = 1.23> <Storage> <Opcode : 'load' 'store'> <Ports = 2> <Width = 16> <Depth = 1280> <RAM>
ST_4 : Operation 58 [1/1] (0.35ns) (out node of the LUT)   --->   "%select_ln86 = select i1 %or_ln86, i16 0, i16 %OutConv2_load" [Conv.cpp:86->CNN.cpp:38]   --->   Operation 58 'select' 'select_ln86' <Predicate = true> <Delay = 0.35> <CoreInst = "Sel">   --->   Core 73 'Sel' <Latency = 0> <II = 1> <Delay = 0.35> <FuncUnit> <Opcode : 'select'> <InPorts = 3> <OutPorts = 1>
ST_4 : Operation 59 [1/1] (1.23ns)   --->   "%store_ln86 = store i16 %select_ln86, i11 %OutPadConv3_addr" [Conv.cpp:86->CNN.cpp:38]   --->   Operation 59 'store' 'store_ln86' <Predicate = true> <Delay = 1.23> <CoreInst = "RAM_1WnR">   --->   Core 84 'RAM_1WnR' <Latency = 1> <II = 1> <Delay = 1.23> <Storage> <Opcode : 'load' 'store'> <Ports = 17> <Width = 16> <Depth = 1312> <RAM>
ST_4 : Operation 60 [1/1] (0.00ns)   --->   "%br_ln85 = br void %for.body4.i132" [Conv.cpp:85->CNN.cpp:38]   --->   Operation 60 'br' 'br_ln85' <Predicate = true> <Delay = 0.00>


============================================================
+ Verbose Summary: Timing violations
============================================================
Target clock period: 5.000ns, clock uncertainty: 1.350ns.

 <State 1>: 2.777ns
The critical path consists of the following:
	'store' operation 0 bit ('store_ln85', Conv.cpp:85->CNN.cpp:38) of constant 0 on local variable 'n', Conv.cpp:85->CNN.cpp:38 [8]  (0.427 ns)
	'load' operation 8 bit ('n_load', Conv.cpp:85->CNN.cpp:38) on local variable 'n', Conv.cpp:85->CNN.cpp:38 [16]  (0.000 ns)
	'icmp' operation 1 bit ('icmp_ln85', Conv.cpp:85->CNN.cpp:38) [20]  (0.765 ns)
	'select' operation 8 bit ('select_ln83', Conv.cpp:83->CNN.cpp:38) [21]  (0.393 ns)
	'add' operation 8 bit ('add_ln85', Conv.cpp:85->CNN.cpp:38) [50]  (0.765 ns)
	'store' operation 0 bit ('store_ln85', Conv.cpp:85->CNN.cpp:38) of variable 'add_ln85', Conv.cpp:85->CNN.cpp:38 on local variable 'n', Conv.cpp:85->CNN.cpp:38 [53]  (0.427 ns)

 <State 2>: 0.996ns
The critical path consists of the following:
	'mul' operation 11 bit of DSP[38] ('mul_ln85', Conv.cpp:85->CNN.cpp:38) [30]  (0.996 ns)

 <State 3>: 2.917ns
The critical path consists of the following:
	'add' operation 9 bit ('add_ln86_3', Conv.cpp:86->CNN.cpp:38) [42]  (0.765 ns)
	'add' operation 11 bit ('add_ln86_2', Conv.cpp:86->CNN.cpp:38) [44]  (0.914 ns)
	'getelementptr' operation 11 bit ('OutConv2_addr', Conv.cpp:86->CNN.cpp:38) [46]  (0.000 ns)
	'load' operation 16 bit ('OutConv2_load', Conv.cpp:86->CNN.cpp:38) on array 'OutConv2' [47]  (1.237 ns)

 <State 4>: 2.831ns
The critical path consists of the following:
	'load' operation 16 bit ('OutConv2_load', Conv.cpp:86->CNN.cpp:38) on array 'OutConv2' [47]  (1.237 ns)
	'select' operation 16 bit ('select_ln86', Conv.cpp:86->CNN.cpp:38) [48]  (0.357 ns)
	'store' operation 0 bit ('store_ln86', Conv.cpp:86->CNN.cpp:38) of variable 'select_ln86', Conv.cpp:86->CNN.cpp:38 on array 'OutPadConv3' [49]  (1.237 ns)


============================================================
+ Verbose Summary: Binding
============================================================
N/A
* FSMD analyzer results:
  - Output states:
 - Input state : 
  - Chain level:
	State 1
	State 2
	State 3
	State 4


============================================================
+ Verbose Summary: Datapath Resource usage 
============================================================
N/A
