

================================================================
== Vitis HLS Report for 'CNN_Pipeline_loop_for_channel_pool_0_loop_for_weight_pool_0'
================================================================
* Date:           Fri Jun  7 16:43:59 2024

* Version:        2023.2 (Build 4023990 on Oct 11 2023)
* Project:        project2
* Solution:       solution2 (Vivado IP Flow Target)
* Product family: zynquplus
* Target device:  xck26-sfvc784-2LV-c


================================================================
== Performance Estimates
================================================================
+ Timing: 
    * Summary: 
    +--------+---------+----------+------------+
    |  Clock |  Target | Estimated| Uncertainty|
    +--------+---------+----------+------------+
    |ap_clk  |  5.00 ns|  3.609 ns|     1.35 ns|
    +--------+---------+----------+------------+

+ Latency: 
    * Summary: 
    +---------+---------+----------+----------+-----+-----+---------+
    |  Latency (cycles) |  Latency (absolute) |  Interval | Pipeline|
    |   min   |   max   |    min   |    max   | min | max |   Type  |
    +---------+---------+----------+----------+-----+-----+---------+
    |      643|      643|  3.215 us|  3.215 us|  643|  643|       no|
    +---------+---------+----------+----------+-----+-----+---------+

    + Detail: 
        * Instance: 
        N/A

        * Loop: 
        +--------------------------------------------------+---------+---------+----------+-----------+-----------+------+----------+
        |                                                  |  Latency (cycles) | Iteration|  Initiation Interval  | Trip |          |
        |                     Loop Name                    |   min   |   max   |  Latency |  achieved |   target  | Count| Pipelined|
        +--------------------------------------------------+---------+---------+----------+-----------+-----------+------+----------+
        |- loop_for_channel_pool_0_loop_for_weight_pool_0  |      641|      641|         3|          1|          1|   640|       yes|
        +--------------------------------------------------+---------+---------+----------+-----------+-----------+------+----------+

============================================================
+ Verbose Summary: Synthesis Manager
============================================================
InlineROM: 1
ExposeGlobal: 0
============================================================
+ Verbose Summary: CDFG Model
============================================================
IsTopModel: 0
ResetActiveHigh: 1
IsCombinational: 0
IsDatapathOnly: 0
HasWiredReturn: 1
HasMFsm: 2
HasVarLatency: 1
IsPipeline: 0
IsRtlPipelined: 0
IsInstanceOverlapped: 0
IsDontTouch: 0
HasImplIP: 0
IsGatedGlobalClock: 0

+ Individual pipeline summary: 
  * Pipeline-0: initiation interval (II) = 1, depth = 3


============================================================
+ Verbose Summary: Schedule
============================================================
* Number of FSM states : 3
* Pipeline : 1
  Pipeline-0 : II = 1, D = 3, States = { 1 2 3 }
* Dataflow Pipeline: 0

* FSM state transitions: 
1 --> 2 
2 --> 3 
3 --> 

* FSM state operations: 

State 1 <SV = 0> <Delay = 3.60>
ST_1 : Operation 6 [1/1] (0.00ns)   --->   "%y = alloca i32 1" [Pool.cpp:11->CNN.cpp:35]   --->   Operation 6 'alloca' 'y' <Predicate = true> <Delay = 0.00>
ST_1 : Operation 7 [1/1] (0.00ns)   --->   "%z = alloca i32 1" [Pool.cpp:8->CNN.cpp:35]   --->   Operation 7 'alloca' 'z' <Predicate = true> <Delay = 0.00>
ST_1 : Operation 8 [1/1] (0.00ns)   --->   "%indvar_flatten20 = alloca i32 1"   --->   Operation 8 'alloca' 'indvar_flatten20' <Predicate = true> <Delay = 0.00>
ST_1 : Operation 9 [1/1] (0.42ns)   --->   "%store_ln0 = store i10 0, i10 %indvar_flatten20"   --->   Operation 9 'store' 'store_ln0' <Predicate = true> <Delay = 0.42>
ST_1 : Operation 10 [1/1] (0.42ns)   --->   "%store_ln8 = store i3 0, i3 %z" [Pool.cpp:8->CNN.cpp:35]   --->   Operation 10 'store' 'store_ln8' <Predicate = true> <Delay = 0.42>
ST_1 : Operation 11 [1/1] (0.42ns)   --->   "%store_ln11 = store i8 0, i8 %y" [Pool.cpp:11->CNN.cpp:35]   --->   Operation 11 'store' 'store_ln11' <Predicate = true> <Delay = 0.42>
ST_1 : Operation 12 [1/1] (0.00ns)   --->   "%br_ln0 = br void %if.end.i.i.i.i"   --->   Operation 12 'br' 'br_ln0' <Predicate = true> <Delay = 0.00>
ST_1 : Operation 13 [1/1] (0.00ns)   --->   "%indvar_flatten20_load = load i10 %indvar_flatten20" [Pool.cpp:8->CNN.cpp:35]   --->   Operation 13 'load' 'indvar_flatten20_load' <Predicate = true> <Delay = 0.00>
ST_1 : Operation 14 [1/1] (0.78ns)   --->   "%icmp_ln8 = icmp_eq  i10 %indvar_flatten20_load, i10 640" [Pool.cpp:8->CNN.cpp:35]   --->   Operation 14 'icmp' 'icmp_ln8' <Predicate = true> <Delay = 0.78> <CoreInst = "Cmp">   --->   Core 9 'Cmp' <Latency = 0> <II = 1> <Delay = 0.78> <FuncUnit> <Opcode : 'icmp'> <InPorts = 2> <OutPorts = 1>
ST_1 : Operation 15 [1/1] (0.78ns)   --->   "%add_ln8 = add i10 %indvar_flatten20_load, i10 1" [Pool.cpp:8->CNN.cpp:35]   --->   Operation 15 'add' 'add_ln8' <Predicate = true> <Delay = 0.78> <CoreInst = "Adder">   --->   Core 1 'Adder' <Latency = 0> <II = 1> <Delay = 0.78> <FuncUnit> <Opcode : 'add' 'sub'> <InPorts = 2> <OutPorts = 1>
ST_1 : Operation 16 [1/1] (0.00ns)   --->   "%br_ln8 = br i1 %icmp_ln8, void %for.inc19.i, void %for.body4.i66.preheader.exitStub" [Pool.cpp:8->CNN.cpp:35]   --->   Operation 16 'br' 'br_ln8' <Predicate = true> <Delay = 0.00>
ST_1 : Operation 17 [1/1] (0.00ns)   --->   "%y_load = load i8 %y" [Pool.cpp:11->CNN.cpp:35]   --->   Operation 17 'load' 'y_load' <Predicate = (!icmp_ln8)> <Delay = 0.00>
ST_1 : Operation 18 [1/1] (0.00ns)   --->   "%z_load = load i3 %z" [Pool.cpp:8->CNN.cpp:35]   --->   Operation 18 'load' 'z_load' <Predicate = (!icmp_ln8)> <Delay = 0.00>
ST_1 : Operation 19 [1/1] (0.76ns)   --->   "%icmp_ln11 = icmp_eq  i8 %y_load, i8 160" [Pool.cpp:11->CNN.cpp:35]   --->   Operation 19 'icmp' 'icmp_ln11' <Predicate = (!icmp_ln8)> <Delay = 0.76> <CoreInst = "Cmp">   --->   Core 9 'Cmp' <Latency = 0> <II = 1> <Delay = 0.76> <FuncUnit> <Opcode : 'icmp'> <InPorts = 2> <OutPorts = 1>
ST_1 : Operation 20 [1/1] (0.39ns)   --->   "%select_ln8 = select i1 %icmp_ln11, i8 0, i8 %y_load" [Pool.cpp:8->CNN.cpp:35]   --->   Operation 20 'select' 'select_ln8' <Predicate = (!icmp_ln8)> <Delay = 0.39> <CoreInst = "Sel">   --->   Core 73 'Sel' <Latency = 0> <II = 1> <Delay = 0.39> <FuncUnit> <Opcode : 'select'> <InPorts = 3> <OutPorts = 1>
ST_1 : Operation 21 [1/1] (0.67ns)   --->   "%add_ln8_1 = add i3 %z_load, i3 1" [Pool.cpp:8->CNN.cpp:35]   --->   Operation 21 'add' 'add_ln8_1' <Predicate = (!icmp_ln8)> <Delay = 0.67> <CoreInst = "Adder">   --->   Core 1 'Adder' <Latency = 0> <II = 1> <Delay = 0.67> <FuncUnit> <Opcode : 'add' 'sub'> <InPorts = 2> <OutPorts = 1>
ST_1 : Operation 22 [1/1] (0.20ns)   --->   "%select_ln8_1 = select i1 %icmp_ln11, i3 %add_ln8_1, i3 %z_load" [Pool.cpp:8->CNN.cpp:35]   --->   Operation 22 'select' 'select_ln8_1' <Predicate = (!icmp_ln8)> <Delay = 0.20> <CoreInst = "Sel">   --->   Core 73 'Sel' <Latency = 0> <II = 1> <Delay = 0.20> <FuncUnit> <Opcode : 'select'> <InPorts = 3> <OutPorts = 1>
ST_1 : Operation 23 [1/1] (0.00ns)   --->   "%empty = trunc i3 %select_ln8_1" [Pool.cpp:8->CNN.cpp:35]   --->   Operation 23 'trunc' 'empty' <Predicate = (!icmp_ln8)> <Delay = 0.00>
ST_1 : Operation 24 [1/1] (0.00ns)   --->   "%tmp_4 = bitconcatenate i10 @_ssdm_op_BitConcatenate.i10.i2.i2.i6, i2 %empty, i2 %empty, i6 0" [Pool.cpp:8->CNN.cpp:35]   --->   Operation 24 'bitconcatenate' 'tmp_4' <Predicate = (!icmp_ln8)> <Delay = 0.00>
ST_1 : Operation 25 [1/1] (0.00ns)   --->   "%p_cast79 = zext i10 %tmp_4" [Pool.cpp:8->CNN.cpp:35]   --->   Operation 25 'zext' 'p_cast79' <Predicate = (!icmp_ln8)> <Delay = 0.00>
ST_1 : Operation 26 [1/1] (0.00ns)   --->   "%tmp_s = bitconcatenate i9 @_ssdm_op_BitConcatenate.i9.i8.i1, i8 %select_ln8, i1 0" [Pool.cpp:8->CNN.cpp:35]   --->   Operation 26 'bitconcatenate' 'tmp_s' <Predicate = (!icmp_ln8)> <Delay = 0.00>
ST_1 : Operation 27 [1/1] (0.00ns)   --->   "%zext_ln15 = zext i9 %tmp_s" [Pool.cpp:15->CNN.cpp:35]   --->   Operation 27 'zext' 'zext_ln15' <Predicate = (!icmp_ln8)> <Delay = 0.00>
ST_1 : Operation 28 [1/1] (0.78ns)   --->   "%add_ln15 = add i11 %zext_ln15, i11 %p_cast79" [Pool.cpp:15->CNN.cpp:35]   --->   Operation 28 'add' 'add_ln15' <Predicate = (!icmp_ln8)> <Delay = 0.78> <CoreInst = "Adder">   --->   Core 1 'Adder' <Latency = 0> <II = 1> <Delay = 0.78> <FuncUnit> <Opcode : 'add' 'sub'> <InPorts = 2> <OutPorts = 1>
ST_1 : Operation 29 [1/1] (0.00ns)   --->   "%zext_ln16 = zext i11 %add_ln15" [Pool.cpp:16->CNN.cpp:35]   --->   Operation 29 'zext' 'zext_ln16' <Predicate = (!icmp_ln8)> <Delay = 0.00>
ST_1 : Operation 30 [1/1] (0.00ns)   --->   "%OutConv1_addr = getelementptr i16 %OutConv1, i64 0, i64 %zext_ln16" [Pool.cpp:16->CNN.cpp:35]   --->   Operation 30 'getelementptr' 'OutConv1_addr' <Predicate = (!icmp_ln8)> <Delay = 0.00>
ST_1 : Operation 31 [2/2] (1.23ns)   --->   "%pool_value = load i11 %OutConv1_addr" [Pool.cpp:16->CNN.cpp:35]   --->   Operation 31 'load' 'pool_value' <Predicate = (!icmp_ln8)> <Delay = 1.23> <CoreInst = "RAM">   --->   Core 83 'RAM' <Latency = 1> <II = 1> <Delay = 1.23> <Storage> <Opcode : 'load' 'store'> <Ports = 2> <Width = 16> <Depth = 1280> <RAM>
ST_1 : Operation 32 [1/1] (0.00ns) (grouped into LUT with out node add_ln15_1)   --->   "%or_ln15 = or i10 %tmp_4, i10 1" [Pool.cpp:15->CNN.cpp:35]   --->   Operation 32 'or' 'or_ln15' <Predicate = (!icmp_ln8)> <Delay = 0.00>
ST_1 : Operation 33 [1/1] (0.00ns) (grouped into LUT with out node add_ln15_1)   --->   "%zext_ln15_1 = zext i10 %or_ln15" [Pool.cpp:15->CNN.cpp:35]   --->   Operation 33 'zext' 'zext_ln15_1' <Predicate = (!icmp_ln8)> <Delay = 0.00>
ST_1 : Operation 34 [1/1] (0.78ns) (out node of the LUT)   --->   "%add_ln15_1 = add i11 %zext_ln15, i11 %zext_ln15_1" [Pool.cpp:15->CNN.cpp:35]   --->   Operation 34 'add' 'add_ln15_1' <Predicate = (!icmp_ln8)> <Delay = 0.78> <CoreInst = "Adder">   --->   Core 1 'Adder' <Latency = 0> <II = 1> <Delay = 0.78> <FuncUnit> <Opcode : 'add' 'sub'> <InPorts = 2> <OutPorts = 1>
ST_1 : Operation 35 [1/1] (0.00ns)   --->   "%zext_ln16_1 = zext i11 %add_ln15_1" [Pool.cpp:16->CNN.cpp:35]   --->   Operation 35 'zext' 'zext_ln16_1' <Predicate = (!icmp_ln8)> <Delay = 0.00>
ST_1 : Operation 36 [1/1] (0.00ns)   --->   "%OutConv1_addr_1 = getelementptr i16 %OutConv1, i64 0, i64 %zext_ln16_1" [Pool.cpp:16->CNN.cpp:35]   --->   Operation 36 'getelementptr' 'OutConv1_addr_1' <Predicate = (!icmp_ln8)> <Delay = 0.00>
ST_1 : Operation 37 [2/2] (1.23ns)   --->   "%pool_value_4 = load i11 %OutConv1_addr_1" [Pool.cpp:16->CNN.cpp:35]   --->   Operation 37 'load' 'pool_value_4' <Predicate = (!icmp_ln8)> <Delay = 1.23> <CoreInst = "RAM">   --->   Core 83 'RAM' <Latency = 1> <II = 1> <Delay = 1.23> <Storage> <Opcode : 'load' 'store'> <Ports = 2> <Width = 16> <Depth = 1280> <RAM>
ST_1 : Operation 38 [1/1] (0.76ns)   --->   "%add_ln21 = add i8 %select_ln8, i8 1" [Pool.cpp:21->CNN.cpp:35]   --->   Operation 38 'add' 'add_ln21' <Predicate = (!icmp_ln8)> <Delay = 0.76> <CoreInst = "Adder">   --->   Core 1 'Adder' <Latency = 0> <II = 1> <Delay = 0.76> <FuncUnit> <Opcode : 'add' 'sub'> <InPorts = 2> <OutPorts = 1>
ST_1 : Operation 39 [1/1] (0.42ns)   --->   "%store_ln8 = store i10 %add_ln8, i10 %indvar_flatten20" [Pool.cpp:8->CNN.cpp:35]   --->   Operation 39 'store' 'store_ln8' <Predicate = (!icmp_ln8)> <Delay = 0.42>
ST_1 : Operation 40 [1/1] (0.42ns)   --->   "%store_ln8 = store i3 %select_ln8_1, i3 %z" [Pool.cpp:8->CNN.cpp:35]   --->   Operation 40 'store' 'store_ln8' <Predicate = (!icmp_ln8)> <Delay = 0.42>
ST_1 : Operation 41 [1/1] (0.42ns)   --->   "%store_ln11 = store i8 %add_ln21, i8 %y" [Pool.cpp:11->CNN.cpp:35]   --->   Operation 41 'store' 'store_ln11' <Predicate = (!icmp_ln8)> <Delay = 0.42>

State 2 <SV = 1> <Delay = 2.44>
ST_2 : Operation 42 [1/2] (1.23ns)   --->   "%pool_value = load i11 %OutConv1_addr" [Pool.cpp:16->CNN.cpp:35]   --->   Operation 42 'load' 'pool_value' <Predicate = true> <Delay = 1.23> <CoreInst = "RAM">   --->   Core 83 'RAM' <Latency = 1> <II = 1> <Delay = 1.23> <Storage> <Opcode : 'load' 'store'> <Ports = 2> <Width = 16> <Depth = 1280> <RAM>
ST_2 : Operation 43 [1/1] (0.85ns)   --->   "%icmp_ln17 = icmp_sgt  i16 %pool_value, i16 62976" [Pool.cpp:17->CNN.cpp:35]   --->   Operation 43 'icmp' 'icmp_ln17' <Predicate = true> <Delay = 0.85> <CoreInst = "Cmp">   --->   Core 9 'Cmp' <Latency = 0> <II = 1> <Delay = 0.85> <FuncUnit> <Opcode : 'icmp'> <InPorts = 2> <OutPorts = 1>
ST_2 : Operation 44 [1/1] (0.35ns)   --->   "%max = select i1 %icmp_ln17, i16 %pool_value, i16 62976" [Pool.cpp:17->CNN.cpp:35]   --->   Operation 44 'select' 'max' <Predicate = true> <Delay = 0.35> <CoreInst = "Sel">   --->   Core 73 'Sel' <Latency = 0> <II = 1> <Delay = 0.35> <FuncUnit> <Opcode : 'select'> <InPorts = 3> <OutPorts = 1>
ST_2 : Operation 45 [1/2] (1.23ns)   --->   "%pool_value_4 = load i11 %OutConv1_addr_1" [Pool.cpp:16->CNN.cpp:35]   --->   Operation 45 'load' 'pool_value_4' <Predicate = true> <Delay = 1.23> <CoreInst = "RAM">   --->   Core 83 'RAM' <Latency = 1> <II = 1> <Delay = 1.23> <Storage> <Opcode : 'load' 'store'> <Ports = 2> <Width = 16> <Depth = 1280> <RAM>
ST_2 : Operation 62 [1/1] (0.00ns)   --->   "%ret_ln0 = ret"   --->   Operation 62 'ret' 'ret_ln0' <Predicate = (icmp_ln8)> <Delay = 0.00>

State 3 <SV = 2> <Delay = 2.77>
ST_3 : Operation 46 [1/1] (0.00ns)   --->   "%specloopname_ln0 = specloopname void @_ssdm_op_SpecLoopName, void @loop_for_channel_pool_0_loop_for_weight_pool_0_str"   --->   Operation 46 'specloopname' 'specloopname_ln0' <Predicate = true> <Delay = 0.00>
ST_3 : Operation 47 [1/1] (0.00ns)   --->   "%speclooptripcount_ln0 = speclooptripcount void @_ssdm_op_SpecLoopTripCount, i64 640, i64 640, i64 640"   --->   Operation 47 'speclooptripcount' 'speclooptripcount_ln0' <Predicate = true> <Delay = 0.00>
ST_3 : Operation 48 [1/1] (0.00ns)   --->   "%p_shl9 = bitconcatenate i9 @_ssdm_op_BitConcatenate.i9.i2.i7, i2 %empty, i7 0" [Pool.cpp:8->CNN.cpp:35]   --->   Operation 48 'bitconcatenate' 'p_shl9' <Predicate = true> <Delay = 0.00>
ST_3 : Operation 49 [1/1] (0.00ns)   --->   "%p_shl9_cast = zext i9 %p_shl9" [Pool.cpp:8->CNN.cpp:35]   --->   Operation 49 'zext' 'p_shl9_cast' <Predicate = true> <Delay = 0.00>
ST_3 : Operation 50 [1/1] (0.00ns)   --->   "%p_shl3 = bitconcatenate i7 @_ssdm_op_BitConcatenate.i7.i2.i5, i2 %empty, i5 0" [Pool.cpp:8->CNN.cpp:35]   --->   Operation 50 'bitconcatenate' 'p_shl3' <Predicate = true> <Delay = 0.00>
ST_3 : Operation 51 [1/1] (0.00ns)   --->   "%zext_ln11 = zext i7 %p_shl3" [Pool.cpp:11->CNN.cpp:35]   --->   Operation 51 'zext' 'zext_ln11' <Predicate = true> <Delay = 0.00>
ST_3 : Operation 52 [1/1] (0.00ns)   --->   "%specpipeline_ln6 = specpipeline void @_ssdm_op_SpecPipeline, i32 4294967295, i32 0, i32 0, i32 0, void @empty_7" [Pool.cpp:6->CNN.cpp:35]   --->   Operation 52 'specpipeline' 'specpipeline_ln6' <Predicate = true> <Delay = 0.00>
ST_3 : Operation 53 [1/1] (0.85ns)   --->   "%icmp_ln17_1 = icmp_sgt  i16 %pool_value_4, i16 %max" [Pool.cpp:17->CNN.cpp:35]   --->   Operation 53 'icmp' 'icmp_ln17_1' <Predicate = true> <Delay = 0.85> <CoreInst = "Cmp">   --->   Core 9 'Cmp' <Latency = 0> <II = 1> <Delay = 0.85> <FuncUnit> <Opcode : 'icmp'> <InPorts = 2> <OutPorts = 1>
ST_3 : Operation 54 [1/1] (0.35ns)   --->   "%max_4 = select i1 %icmp_ln17_1, i16 %pool_value_4, i16 %max" [Pool.cpp:17->CNN.cpp:35]   --->   Operation 54 'select' 'max_4' <Predicate = true> <Delay = 0.35> <CoreInst = "Sel">   --->   Core 73 'Sel' <Latency = 0> <II = 1> <Delay = 0.35> <FuncUnit> <Opcode : 'select'> <InPorts = 3> <OutPorts = 1>
ST_3 : Operation 55 [1/1] (0.76ns)   --->   "%add_ln19_1 = add i8 %zext_ln11, i8 %select_ln8" [Pool.cpp:19->CNN.cpp:35]   --->   Operation 55 'add' 'add_ln19_1' <Predicate = true> <Delay = 0.76> <CoreInst = "Adder">   --->   Core 1 'Adder' <Latency = 0> <II = 1> <Delay = 0.76> <FuncUnit> <Opcode : 'add' 'sub'> <InPorts = 2> <OutPorts = 1>
ST_3 : Operation 56 [1/1] (0.00ns)   --->   "%zext_ln19 = zext i8 %add_ln19_1" [Pool.cpp:19->CNN.cpp:35]   --->   Operation 56 'zext' 'zext_ln19' <Predicate = true> <Delay = 0.00>
ST_3 : Operation 57 [1/1] (0.77ns)   --->   "%add_ln19 = add i10 %zext_ln19, i10 %p_shl9_cast" [Pool.cpp:19->CNN.cpp:35]   --->   Operation 57 'add' 'add_ln19' <Predicate = true> <Delay = 0.77> <CoreInst = "Adder">   --->   Core 1 'Adder' <Latency = 0> <II = 1> <Delay = 0.77> <FuncUnit> <Opcode : 'add' 'sub'> <InPorts = 2> <OutPorts = 1>
ST_3 : Operation 58 [1/1] (0.00ns)   --->   "%zext_ln20 = zext i10 %add_ln19" [Pool.cpp:20->CNN.cpp:35]   --->   Operation 58 'zext' 'zext_ln20' <Predicate = true> <Delay = 0.00>
ST_3 : Operation 59 [1/1] (0.00ns)   --->   "%OutPool0_addr = getelementptr i16 %OutPool0, i64 0, i64 %zext_ln20" [Pool.cpp:20->CNN.cpp:35]   --->   Operation 59 'getelementptr' 'OutPool0_addr' <Predicate = true> <Delay = 0.00>
ST_3 : Operation 60 [1/1] (1.23ns)   --->   "%store_ln20 = store i16 %max_4, i10 %OutPool0_addr" [Pool.cpp:20->CNN.cpp:35]   --->   Operation 60 'store' 'store_ln20' <Predicate = true> <Delay = 1.23> <CoreInst = "RAM">   --->   Core 83 'RAM' <Latency = 1> <II = 1> <Delay = 1.23> <Storage> <Opcode : 'load' 'store'> <Ports = 2> <Width = 16> <Depth = 640> <RAM>
ST_3 : Operation 61 [1/1] (0.00ns)   --->   "%br_ln11 = br void %if.end.i.i.i.i" [Pool.cpp:11->CNN.cpp:35]   --->   Operation 61 'br' 'br_ln11' <Predicate = true> <Delay = 0.00>


============================================================
+ Verbose Summary: Binding
============================================================
STG Binding: 
---------------- STG Properties BEGIN ----------------
- Is combinational: 0
- Is one-state seq: 0
- Is datapath-only: 0
- Is pipelined: 0
- Is top level: 0
Port [ Return ] is wired: 1; IO mode=ap_ctrl_hs:ce=0
Port [ OutConv1]:  wired=1; compound=1; hidden=0; nouse=0; global=0; static=0; extern=0; dir=0; type=1; pingpong=0; private_global=0; MemPort=[11]; IO mode=ap_memory:ce=0
Port [ OutPool0]:  wired=1; compound=1; hidden=0; nouse=0; global=0; static=0; extern=0; dir=1; type=1; pingpong=0; private_global=0; MemPort=[03]; IO mode=ap_memory:ce=0
---------------- STG Properties END ------------------

---------------- Datapath Model BEGIN ----------------

<LifeTime>
<method=bitvector/>
y                     (alloca           ) [ 0100]
z                     (alloca           ) [ 0100]
indvar_flatten20      (alloca           ) [ 0100]
store_ln0             (store            ) [ 0000]
store_ln8             (store            ) [ 0000]
store_ln11            (store            ) [ 0000]
br_ln0                (br               ) [ 0000]
indvar_flatten20_load (load             ) [ 0000]
icmp_ln8              (icmp             ) [ 0110]
add_ln8               (add              ) [ 0000]
br_ln8                (br               ) [ 0000]
y_load                (load             ) [ 0000]
z_load                (load             ) [ 0000]
icmp_ln11             (icmp             ) [ 0000]
select_ln8            (select           ) [ 0111]
add_ln8_1             (add              ) [ 0000]
select_ln8_1          (select           ) [ 0000]
empty                 (trunc            ) [ 0111]
tmp_4                 (bitconcatenate   ) [ 0000]
p_cast79              (zext             ) [ 0000]
tmp_s                 (bitconcatenate   ) [ 0000]
zext_ln15             (zext             ) [ 0000]
add_ln15              (add              ) [ 0000]
zext_ln16             (zext             ) [ 0000]
OutConv1_addr         (getelementptr    ) [ 0110]
or_ln15               (or               ) [ 0000]
zext_ln15_1           (zext             ) [ 0000]
add_ln15_1            (add              ) [ 0000]
zext_ln16_1           (zext             ) [ 0000]
OutConv1_addr_1       (getelementptr    ) [ 0110]
add_ln21              (add              ) [ 0000]
store_ln8             (store            ) [ 0000]
store_ln8             (store            ) [ 0000]
store_ln11            (store            ) [ 0000]
pool_value            (load             ) [ 0000]
icmp_ln17             (icmp             ) [ 0000]
max                   (select           ) [ 0101]
pool_value_4          (load             ) [ 0101]
specloopname_ln0      (specloopname     ) [ 0000]
speclooptripcount_ln0 (speclooptripcount) [ 0000]
p_shl9                (bitconcatenate   ) [ 0000]
p_shl9_cast           (zext             ) [ 0000]
p_shl3                (bitconcatenate   ) [ 0000]
zext_ln11             (zext             ) [ 0000]
specpipeline_ln6      (specpipeline     ) [ 0000]
icmp_ln17_1           (icmp             ) [ 0000]
max_4                 (select           ) [ 0000]
add_ln19_1            (add              ) [ 0000]
zext_ln19             (zext             ) [ 0000]
add_ln19              (add              ) [ 0000]
zext_ln20             (zext             ) [ 0000]
OutPool0_addr         (getelementptr    ) [ 0000]
store_ln20            (store            ) [ 0000]
br_ln11               (br               ) [ 0000]
ret_ln0               (ret              ) [ 0000]
</LifeTime>

<model>

<comp_list>
<comp id="0" class="1000" name="OutConv1">
<pin_list>
<pin id="1" dir="1" index="0" bw="1" slack="0"/>
</pin_list>
<bind>
<StgValue><ssdm name="OutConv1"/><MemPortTyVec>1 1 </MemPortTyVec>
</StgValue>
</bind>
</comp>

<comp id="2" class="1000" name="OutPool0">
<pin_list>
<pin id="3" dir="1" index="0" bw="1" slack="0"/>
</pin_list>
<bind>
<StgValue><ssdm name="OutPool0"/><MemPortTyVec>0 3 </MemPortTyVec>
</StgValue>
</bind>
</comp>

<comp id="4" class="1001" name="const_4">
<pin_list>
<pin id="5" dir="1" index="0" bw="1" slack="0"/>
</pin_list>
<bind>
<StgValue><ssdm name=""/></StgValue>
</bind>
</comp>

<comp id="6" class="1001" name="const_6">
<pin_list>
<pin id="7" dir="1" index="0" bw="1" slack="0"/>
</pin_list>
<bind>
<StgValue><ssdm name=""/></StgValue>
</bind>
</comp>

<comp id="8" class="1001" name="const_8">
<pin_list>
<pin id="9" dir="1" index="0" bw="1" slack="0"/>
</pin_list>
<bind>
<StgValue><ssdm name=""/></StgValue>
</bind>
</comp>

<comp id="10" class="1001" name="const_10">
<pin_list>
<pin id="11" dir="1" index="0" bw="1" slack="0"/>
</pin_list>
<bind>
<StgValue><ssdm name=""/></StgValue>
</bind>
</comp>

<comp id="12" class="1001" name="const_12">
<pin_list>
<pin id="13" dir="1" index="0" bw="1" slack="0"/>
</pin_list>
<bind>
<StgValue><ssdm name=""/></StgValue>
</bind>
</comp>

<comp id="14" class="1001" name="const_14">
<pin_list>
<pin id="15" dir="1" index="0" bw="1" slack="0"/>
</pin_list>
<bind>
<StgValue><ssdm name=""/></StgValue>
</bind>
</comp>

<comp id="16" class="1001" name="const_16">
<pin_list>
<pin id="17" dir="1" index="0" bw="1" slack="0"/>
</pin_list>
<bind>
<StgValue><ssdm name=""/></StgValue>
</bind>
</comp>

<comp id="18" class="1001" name="const_18">
<pin_list>
<pin id="19" dir="1" index="0" bw="1" slack="0"/>
</pin_list>
<bind>
<StgValue><ssdm name=""/></StgValue>
</bind>
</comp>

<comp id="20" class="1001" name="const_20">
<pin_list>
<pin id="21" dir="1" index="0" bw="1" slack="0"/>
</pin_list>
<bind>
<StgValue><ssdm name="_ssdm_op_BitConcatenate.i10.i2.i2.i6"/></StgValue>
</bind>
</comp>

<comp id="22" class="1001" name="const_22">
<pin_list>
<pin id="23" dir="1" index="0" bw="1" slack="0"/>
</pin_list>
<bind>
<StgValue><ssdm name=""/></StgValue>
</bind>
</comp>

<comp id="24" class="1001" name="const_24">
<pin_list>
<pin id="25" dir="1" index="0" bw="1" slack="0"/>
</pin_list>
<bind>
<StgValue><ssdm name="_ssdm_op_BitConcatenate.i9.i8.i1"/></StgValue>
</bind>
</comp>

<comp id="26" class="1001" name="const_26">
<pin_list>
<pin id="27" dir="1" index="0" bw="1" slack="0"/>
</pin_list>
<bind>
<StgValue><ssdm name=""/></StgValue>
</bind>
</comp>

<comp id="28" class="1001" name="const_28">
<pin_list>
<pin id="29" dir="1" index="0" bw="1" slack="0"/>
</pin_list>
<bind>
<StgValue><ssdm name=""/></StgValue>
</bind>
</comp>

<comp id="30" class="1001" name="const_30">
<pin_list>
<pin id="31" dir="1" index="0" bw="1" slack="0"/>
</pin_list>
<bind>
<StgValue><ssdm name=""/></StgValue>
</bind>
</comp>

<comp id="32" class="1001" name="const_32">
<pin_list>
<pin id="33" dir="1" index="0" bw="1" slack="0"/>
</pin_list>
<bind>
<StgValue><ssdm name=""/></StgValue>
</bind>
</comp>

<comp id="34" class="1001" name="const_34">
<pin_list>
<pin id="35" dir="1" index="0" bw="1" slack="2147483647"/>
</pin_list>
<bind>
<StgValue><ssdm name="_ssdm_op_SpecLoopName"/></StgValue>
</bind>
</comp>

<comp id="36" class="1001" name="const_36">
<pin_list>
<pin id="37" dir="1" index="0" bw="1" slack="2147483647"/>
</pin_list>
<bind>
<StgValue><ssdm name="loop_for_channel_pool_0_loop_for_weight_pool_0_str"/></StgValue>
</bind>
</comp>

<comp id="38" class="1001" name="const_38">
<pin_list>
<pin id="39" dir="1" index="0" bw="1" slack="2147483647"/>
</pin_list>
<bind>
<StgValue><ssdm name="_ssdm_op_SpecLoopTripCount"/></StgValue>
</bind>
</comp>

<comp id="40" class="1001" name="const_40">
<pin_list>
<pin id="41" dir="1" index="0" bw="1" slack="2147483647"/>
</pin_list>
<bind>
<StgValue><ssdm name=""/></StgValue>
</bind>
</comp>

<comp id="42" class="1001" name="const_42">
<pin_list>
<pin id="43" dir="1" index="0" bw="1" slack="0"/>
</pin_list>
<bind>
<StgValue><ssdm name="_ssdm_op_BitConcatenate.i9.i2.i7"/></StgValue>
</bind>
</comp>

<comp id="44" class="1001" name="const_44">
<pin_list>
<pin id="45" dir="1" index="0" bw="1" slack="0"/>
</pin_list>
<bind>
<StgValue><ssdm name=""/></StgValue>
</bind>
</comp>

<comp id="46" class="1001" name="const_46">
<pin_list>
<pin id="47" dir="1" index="0" bw="1" slack="0"/>
</pin_list>
<bind>
<StgValue><ssdm name="_ssdm_op_BitConcatenate.i7.i2.i5"/></StgValue>
</bind>
</comp>

<comp id="48" class="1001" name="const_48">
<pin_list>
<pin id="49" dir="1" index="0" bw="1" slack="0"/>
</pin_list>
<bind>
<StgValue><ssdm name=""/></StgValue>
</bind>
</comp>

<comp id="50" class="1001" name="const_50">
<pin_list>
<pin id="51" dir="1" index="0" bw="1" slack="2147483647"/>
</pin_list>
<bind>
<StgValue><ssdm name="_ssdm_op_SpecPipeline"/></StgValue>
</bind>
</comp>

<comp id="52" class="1001" name="const_52">
<pin_list>
<pin id="53" dir="1" index="0" bw="1" slack="2147483647"/>
</pin_list>
<bind>
<StgValue><ssdm name=""/></StgValue>
</bind>
</comp>

<comp id="54" class="1001" name="const_54">
<pin_list>
<pin id="55" dir="1" index="0" bw="1" slack="2147483647"/>
</pin_list>
<bind>
<StgValue><ssdm name=""/></StgValue>
</bind>
</comp>

<comp id="56" class="1001" name="const_56">
<pin_list>
<pin id="57" dir="1" index="0" bw="1" slack="2147483647"/>
</pin_list>
<bind>
<StgValue><ssdm name="empty_7"/></StgValue>
</bind>
</comp>

<comp id="58" class="1004" name="y_fu_58">
<pin_list>
<pin id="59" dir="0" index="0" bw="1" slack="0"/>
<pin id="60" dir="1" index="1" bw="8" slack="0"/>
</pin_list>
<bind>
<opcode="alloca(26) " fcode="alloca"/>
<opset="y/1 "/>
</bind>
</comp>

<comp id="62" class="1004" name="z_fu_62">
<pin_list>
<pin id="63" dir="0" index="0" bw="1" slack="0"/>
<pin id="64" dir="1" index="1" bw="3" slack="0"/>
</pin_list>
<bind>
<opcode="alloca(26) " fcode="alloca"/>
<opset="z/1 "/>
</bind>
</comp>

<comp id="66" class="1004" name="indvar_flatten20_fu_66">
<pin_list>
<pin id="67" dir="0" index="0" bw="1" slack="0"/>
<pin id="68" dir="1" index="1" bw="10" slack="0"/>
</pin_list>
<bind>
<opcode="alloca(26) " fcode="alloca"/>
<opset="indvar_flatten20/1 "/>
</bind>
</comp>

<comp id="70" class="1004" name="OutConv1_addr_gep_fu_70">
<pin_list>
<pin id="71" dir="0" index="0" bw="16" slack="0"/>
<pin id="72" dir="0" index="1" bw="1" slack="0"/>
<pin id="73" dir="0" index="2" bw="11" slack="0"/>
<pin id="74" dir="1" index="3" bw="11" slack="0"/>
</pin_list>
<bind>
<opcode="getelementptr(29) " fcode="getelementptr"/>
<opset="OutConv1_addr/1 "/>
</bind>
</comp>

<comp id="77" class="1004" name="grp_access_fu_77">
<pin_list>
<pin id="78" dir="0" index="0" bw="11" slack="0"/>
<pin id="79" dir="0" index="1" bw="16" slack="2147483647"/>
<pin id="80" dir="0" index="2" bw="0" slack="0"/>
<pin id="82" dir="0" index="4" bw="11" slack="2147483647"/>
<pin id="83" dir="0" index="5" bw="16" slack="2147483647"/>
<pin id="84" dir="0" index="6" bw="0" slack="2147483647"/>
<pin id="81" dir="1" index="3" bw="16" slack="1"/>
<pin id="85" dir="1" index="7" bw="16" slack="0"/>
</pin_list>
<bind>
<opcode="load(27) " fcode="load"/>
<opset="pool_value/1 pool_value_4/1 "/>
</bind>
</comp>

<comp id="87" class="1004" name="OutConv1_addr_1_gep_fu_87">
<pin_list>
<pin id="88" dir="0" index="0" bw="16" slack="0"/>
<pin id="89" dir="0" index="1" bw="1" slack="0"/>
<pin id="90" dir="0" index="2" bw="11" slack="0"/>
<pin id="91" dir="1" index="3" bw="11" slack="0"/>
</pin_list>
<bind>
<opcode="getelementptr(29) " fcode="getelementptr"/>
<opset="OutConv1_addr_1/1 "/>
</bind>
</comp>

<comp id="95" class="1004" name="OutPool0_addr_gep_fu_95">
<pin_list>
<pin id="96" dir="0" index="0" bw="16" slack="0"/>
<pin id="97" dir="0" index="1" bw="1" slack="0"/>
<pin id="98" dir="0" index="2" bw="10" slack="0"/>
<pin id="99" dir="1" index="3" bw="10" slack="0"/>
</pin_list>
<bind>
<opcode="getelementptr(29) " fcode="getelementptr"/>
<opset="OutPool0_addr/3 "/>
</bind>
</comp>

<comp id="102" class="1004" name="store_ln20_access_fu_102">
<pin_list>
<pin id="103" dir="0" index="0" bw="10" slack="0"/>
<pin id="104" dir="0" index="1" bw="16" slack="0"/>
<pin id="105" dir="0" index="2" bw="0" slack="2147483647"/>
<pin id="106" dir="1" index="3" bw="16" slack="2147483647"/>
</pin_list>
<bind>
<opcode="store(28) " fcode="store"/>
<opset="store_ln20/3 "/>
</bind>
</comp>

<comp id="108" class="1004" name="store_ln0_store_fu_108">
<pin_list>
<pin id="109" dir="0" index="0" bw="1" slack="0"/>
<pin id="110" dir="0" index="1" bw="10" slack="0"/>
<pin id="111" dir="1" index="2" bw="0" slack="2147483647"/>
</pin_list>
<bind>
<opcode="store(28) " fcode="store"/>
<opset="store_ln0/1 "/>
</bind>
</comp>

<comp id="113" class="1004" name="store_ln8_store_fu_113">
<pin_list>
<pin id="114" dir="0" index="0" bw="1" slack="0"/>
<pin id="115" dir="0" index="1" bw="3" slack="0"/>
<pin id="116" dir="1" index="2" bw="0" slack="2147483647"/>
</pin_list>
<bind>
<opcode="store(28) " fcode="store"/>
<opset="store_ln8/1 "/>
</bind>
</comp>

<comp id="118" class="1004" name="store_ln11_store_fu_118">
<pin_list>
<pin id="119" dir="0" index="0" bw="1" slack="0"/>
<pin id="120" dir="0" index="1" bw="8" slack="0"/>
<pin id="121" dir="1" index="2" bw="0" slack="2147483647"/>
</pin_list>
<bind>
<opcode="store(28) " fcode="store"/>
<opset="store_ln11/1 "/>
</bind>
</comp>

<comp id="123" class="1004" name="indvar_flatten20_load_load_fu_123">
<pin_list>
<pin id="124" dir="0" index="0" bw="10" slack="0"/>
<pin id="125" dir="1" index="1" bw="10" slack="0"/>
</pin_list>
<bind>
<opcode="load(27) " fcode="load"/>
<opset="indvar_flatten20_load/1 "/>
</bind>
</comp>

<comp id="126" class="1004" name="icmp_ln8_fu_126">
<pin_list>
<pin id="127" dir="0" index="0" bw="10" slack="0"/>
<pin id="128" dir="0" index="1" bw="10" slack="0"/>
<pin id="129" dir="1" index="2" bw="1" slack="1"/>
</pin_list>
<bind>
<opcode="icmp(45) " fcode="icmp"/>
<opset="icmp_ln8/1 "/>
</bind>
</comp>

<comp id="132" class="1004" name="add_ln8_fu_132">
<pin_list>
<pin id="133" dir="0" index="0" bw="10" slack="0"/>
<pin id="134" dir="0" index="1" bw="1" slack="0"/>
<pin id="135" dir="1" index="2" bw="10" slack="0"/>
</pin_list>
<bind>
<opcode="add(8) " fcode="add"/>
<opset="add_ln8/1 "/>
</bind>
</comp>

<comp id="138" class="1004" name="y_load_load_fu_138">
<pin_list>
<pin id="139" dir="0" index="0" bw="8" slack="0"/>
<pin id="140" dir="1" index="1" bw="8" slack="0"/>
</pin_list>
<bind>
<opcode="load(27) " fcode="load"/>
<opset="y_load/1 "/>
</bind>
</comp>

<comp id="141" class="1004" name="z_load_load_fu_141">
<pin_list>
<pin id="142" dir="0" index="0" bw="3" slack="0"/>
<pin id="143" dir="1" index="1" bw="3" slack="0"/>
</pin_list>
<bind>
<opcode="load(27) " fcode="load"/>
<opset="z_load/1 "/>
</bind>
</comp>

<comp id="144" class="1004" name="icmp_ln11_fu_144">
<pin_list>
<pin id="145" dir="0" index="0" bw="8" slack="0"/>
<pin id="146" dir="0" index="1" bw="8" slack="0"/>
<pin id="147" dir="1" index="2" bw="1" slack="0"/>
</pin_list>
<bind>
<opcode="icmp(45) " fcode="icmp"/>
<opset="icmp_ln11/1 "/>
</bind>
</comp>

<comp id="150" class="1004" name="select_ln8_fu_150">
<pin_list>
<pin id="151" dir="0" index="0" bw="1" slack="0"/>
<pin id="152" dir="0" index="1" bw="1" slack="0"/>
<pin id="153" dir="0" index="2" bw="8" slack="0"/>
<pin id="154" dir="1" index="3" bw="8" slack="0"/>
</pin_list>
<bind>
<opcode="select(49) " fcode="select"/>
<opset="select_ln8/1 "/>
</bind>
</comp>

<comp id="158" class="1004" name="add_ln8_1_fu_158">
<pin_list>
<pin id="159" dir="0" index="0" bw="3" slack="0"/>
<pin id="160" dir="0" index="1" bw="1" slack="0"/>
<pin id="161" dir="1" index="2" bw="3" slack="0"/>
</pin_list>
<bind>
<opcode="add(8) " fcode="add"/>
<opset="add_ln8_1/1 "/>
</bind>
</comp>

<comp id="164" class="1004" name="select_ln8_1_fu_164">
<pin_list>
<pin id="165" dir="0" index="0" bw="1" slack="0"/>
<pin id="166" dir="0" index="1" bw="3" slack="0"/>
<pin id="167" dir="0" index="2" bw="3" slack="0"/>
<pin id="168" dir="1" index="3" bw="3" slack="0"/>
</pin_list>
<bind>
<opcode="select(49) " fcode="select"/>
<opset="select_ln8_1/1 "/>
</bind>
</comp>

<comp id="172" class="1004" name="empty_fu_172">
<pin_list>
<pin id="173" dir="0" index="0" bw="3" slack="0"/>
<pin id="174" dir="1" index="1" bw="2" slack="0"/>
</pin_list>
<bind>
<opcode="trunc(33) " fcode="trunc"/>
<opset="empty/1 "/>
</bind>
</comp>

<comp id="176" class="1004" name="tmp_4_fu_176">
<pin_list>
<pin id="177" dir="0" index="0" bw="10" slack="0"/>
<pin id="178" dir="0" index="1" bw="2" slack="0"/>
<pin id="179" dir="0" index="2" bw="2" slack="0"/>
<pin id="180" dir="0" index="3" bw="1" slack="0"/>
<pin id="181" dir="1" index="4" bw="10" slack="0"/>
</pin_list>
<bind>
<opcode="bitconcatenate(1004) " fcode="bitconcatenate"/>
<opset="tmp_4/1 "/>
</bind>
</comp>

<comp id="186" class="1004" name="p_cast79_fu_186">
<pin_list>
<pin id="187" dir="0" index="0" bw="10" slack="0"/>
<pin id="188" dir="1" index="1" bw="11" slack="0"/>
</pin_list>
<bind>
<opcode="zext(34) " fcode="zext"/>
<opset="p_cast79/1 "/>
</bind>
</comp>

<comp id="190" class="1004" name="tmp_s_fu_190">
<pin_list>
<pin id="191" dir="0" index="0" bw="9" slack="0"/>
<pin id="192" dir="0" index="1" bw="8" slack="0"/>
<pin id="193" dir="0" index="2" bw="1" slack="0"/>
<pin id="194" dir="1" index="3" bw="9" slack="0"/>
</pin_list>
<bind>
<opcode="bitconcatenate(1004) " fcode="bitconcatenate"/>
<opset="tmp_s/1 "/>
</bind>
</comp>

<comp id="198" class="1004" name="zext_ln15_fu_198">
<pin_list>
<pin id="199" dir="0" index="0" bw="9" slack="0"/>
<pin id="200" dir="1" index="1" bw="11" slack="0"/>
</pin_list>
<bind>
<opcode="zext(34) " fcode="zext"/>
<opset="zext_ln15/1 "/>
</bind>
</comp>

<comp id="202" class="1004" name="add_ln15_fu_202">
<pin_list>
<pin id="203" dir="0" index="0" bw="9" slack="0"/>
<pin id="204" dir="0" index="1" bw="10" slack="0"/>
<pin id="205" dir="1" index="2" bw="11" slack="0"/>
</pin_list>
<bind>
<opcode="add(8) " fcode="add"/>
<opset="add_ln15/1 "/>
</bind>
</comp>

<comp id="208" class="1004" name="zext_ln16_fu_208">
<pin_list>
<pin id="209" dir="0" index="0" bw="11" slack="0"/>
<pin id="210" dir="1" index="1" bw="64" slack="0"/>
</pin_list>
<bind>
<opcode="zext(34) " fcode="zext"/>
<opset="zext_ln16/1 "/>
</bind>
</comp>

<comp id="213" class="1004" name="or_ln15_fu_213">
<pin_list>
<pin id="214" dir="0" index="0" bw="10" slack="0"/>
<pin id="215" dir="0" index="1" bw="1" slack="0"/>
<pin id="216" dir="1" index="2" bw="10" slack="0"/>
</pin_list>
<bind>
<opcode="or(24) " fcode="or"/>
<opset="or_ln15/1 "/>
</bind>
</comp>

<comp id="219" class="1004" name="zext_ln15_1_fu_219">
<pin_list>
<pin id="220" dir="0" index="0" bw="10" slack="0"/>
<pin id="221" dir="1" index="1" bw="11" slack="0"/>
</pin_list>
<bind>
<opcode="zext(34) " fcode="zext"/>
<opset="zext_ln15_1/1 "/>
</bind>
</comp>

<comp id="223" class="1004" name="add_ln15_1_fu_223">
<pin_list>
<pin id="224" dir="0" index="0" bw="9" slack="0"/>
<pin id="225" dir="0" index="1" bw="10" slack="0"/>
<pin id="226" dir="1" index="2" bw="11" slack="0"/>
</pin_list>
<bind>
<opcode="add(8) " fcode="add"/>
<opset="add_ln15_1/1 "/>
</bind>
</comp>

<comp id="229" class="1004" name="zext_ln16_1_fu_229">
<pin_list>
<pin id="230" dir="0" index="0" bw="11" slack="0"/>
<pin id="231" dir="1" index="1" bw="64" slack="0"/>
</pin_list>
<bind>
<opcode="zext(34) " fcode="zext"/>
<opset="zext_ln16_1/1 "/>
</bind>
</comp>

<comp id="234" class="1004" name="add_ln21_fu_234">
<pin_list>
<pin id="235" dir="0" index="0" bw="8" slack="0"/>
<pin id="236" dir="0" index="1" bw="1" slack="0"/>
<pin id="237" dir="1" index="2" bw="8" slack="0"/>
</pin_list>
<bind>
<opcode="add(8) " fcode="add"/>
<opset="add_ln21/1 "/>
</bind>
</comp>

<comp id="240" class="1004" name="store_ln8_store_fu_240">
<pin_list>
<pin id="241" dir="0" index="0" bw="10" slack="0"/>
<pin id="242" dir="0" index="1" bw="10" slack="0"/>
<pin id="243" dir="1" index="2" bw="0" slack="2147483647"/>
</pin_list>
<bind>
<opcode="store(28) " fcode="store"/>
<opset="store_ln8/1 "/>
</bind>
</comp>

<comp id="245" class="1004" name="store_ln8_store_fu_245">
<pin_list>
<pin id="246" dir="0" index="0" bw="3" slack="0"/>
<pin id="247" dir="0" index="1" bw="3" slack="0"/>
<pin id="248" dir="1" index="2" bw="0" slack="2147483647"/>
</pin_list>
<bind>
<opcode="store(28) " fcode="store"/>
<opset="store_ln8/1 "/>
</bind>
</comp>

<comp id="250" class="1004" name="store_ln11_store_fu_250">
<pin_list>
<pin id="251" dir="0" index="0" bw="8" slack="0"/>
<pin id="252" dir="0" index="1" bw="8" slack="0"/>
<pin id="253" dir="1" index="2" bw="0" slack="2147483647"/>
</pin_list>
<bind>
<opcode="store(28) " fcode="store"/>
<opset="store_ln11/1 "/>
</bind>
</comp>

<comp id="255" class="1004" name="icmp_ln17_fu_255">
<pin_list>
<pin id="256" dir="0" index="0" bw="16" slack="0"/>
<pin id="257" dir="0" index="1" bw="13" slack="0"/>
<pin id="258" dir="1" index="2" bw="1" slack="0"/>
</pin_list>
<bind>
<opcode="icmp(45) " fcode="icmp"/>
<opset="icmp_ln17/2 "/>
</bind>
</comp>

<comp id="261" class="1004" name="max_fu_261">
<pin_list>
<pin id="262" dir="0" index="0" bw="1" slack="0"/>
<pin id="263" dir="0" index="1" bw="16" slack="0"/>
<pin id="264" dir="0" index="2" bw="13" slack="0"/>
<pin id="265" dir="1" index="3" bw="16" slack="1"/>
</pin_list>
<bind>
<opcode="select(49) " fcode="select"/>
<opset="max/2 "/>
</bind>
</comp>

<comp id="269" class="1004" name="p_shl9_fu_269">
<pin_list>
<pin id="270" dir="0" index="0" bw="9" slack="0"/>
<pin id="271" dir="0" index="1" bw="2" slack="2"/>
<pin id="272" dir="0" index="2" bw="1" slack="0"/>
<pin id="273" dir="1" index="3" bw="9" slack="0"/>
</pin_list>
<bind>
<opcode="bitconcatenate(1004) " fcode="bitconcatenate"/>
<opset="p_shl9/3 "/>
</bind>
</comp>

<comp id="276" class="1004" name="p_shl9_cast_fu_276">
<pin_list>
<pin id="277" dir="0" index="0" bw="9" slack="0"/>
<pin id="278" dir="1" index="1" bw="10" slack="0"/>
</pin_list>
<bind>
<opcode="zext(34) " fcode="zext"/>
<opset="p_shl9_cast/3 "/>
</bind>
</comp>

<comp id="280" class="1004" name="p_shl3_fu_280">
<pin_list>
<pin id="281" dir="0" index="0" bw="7" slack="0"/>
<pin id="282" dir="0" index="1" bw="2" slack="2"/>
<pin id="283" dir="0" index="2" bw="1" slack="0"/>
<pin id="284" dir="1" index="3" bw="7" slack="0"/>
</pin_list>
<bind>
<opcode="bitconcatenate(1004) " fcode="bitconcatenate"/>
<opset="p_shl3/3 "/>
</bind>
</comp>

<comp id="287" class="1004" name="zext_ln11_fu_287">
<pin_list>
<pin id="288" dir="0" index="0" bw="7" slack="0"/>
<pin id="289" dir="1" index="1" bw="8" slack="0"/>
</pin_list>
<bind>
<opcode="zext(34) " fcode="zext"/>
<opset="zext_ln11/3 "/>
</bind>
</comp>

<comp id="291" class="1004" name="icmp_ln17_1_fu_291">
<pin_list>
<pin id="292" dir="0" index="0" bw="16" slack="1"/>
<pin id="293" dir="0" index="1" bw="16" slack="1"/>
<pin id="294" dir="1" index="2" bw="1" slack="0"/>
</pin_list>
<bind>
<opcode="icmp(45) " fcode="icmp"/>
<opset="icmp_ln17_1/3 "/>
</bind>
</comp>

<comp id="295" class="1004" name="max_4_fu_295">
<pin_list>
<pin id="296" dir="0" index="0" bw="1" slack="0"/>
<pin id="297" dir="0" index="1" bw="16" slack="1"/>
<pin id="298" dir="0" index="2" bw="16" slack="1"/>
<pin id="299" dir="1" index="3" bw="16" slack="0"/>
</pin_list>
<bind>
<opcode="select(49) " fcode="select"/>
<opset="max_4/3 "/>
</bind>
</comp>

<comp id="302" class="1004" name="add_ln19_1_fu_302">
<pin_list>
<pin id="303" dir="0" index="0" bw="7" slack="0"/>
<pin id="304" dir="0" index="1" bw="8" slack="2"/>
<pin id="305" dir="1" index="2" bw="8" slack="0"/>
</pin_list>
<bind>
<opcode="add(8) " fcode="add"/>
<opset="add_ln19_1/3 "/>
</bind>
</comp>

<comp id="307" class="1004" name="zext_ln19_fu_307">
<pin_list>
<pin id="308" dir="0" index="0" bw="8" slack="0"/>
<pin id="309" dir="1" index="1" bw="10" slack="0"/>
</pin_list>
<bind>
<opcode="zext(34) " fcode="zext"/>
<opset="zext_ln19/3 "/>
</bind>
</comp>

<comp id="311" class="1004" name="add_ln19_fu_311">
<pin_list>
<pin id="312" dir="0" index="0" bw="8" slack="0"/>
<pin id="313" dir="0" index="1" bw="9" slack="0"/>
<pin id="314" dir="1" index="2" bw="10" slack="0"/>
</pin_list>
<bind>
<opcode="add(8) " fcode="add"/>
<opset="add_ln19/3 "/>
</bind>
</comp>

<comp id="317" class="1004" name="zext_ln20_fu_317">
<pin_list>
<pin id="318" dir="0" index="0" bw="10" slack="0"/>
<pin id="319" dir="1" index="1" bw="64" slack="0"/>
</pin_list>
<bind>
<opcode="zext(34) " fcode="zext"/>
<opset="zext_ln20/3 "/>
</bind>
</comp>

<comp id="322" class="1005" name="y_reg_322">
<pin_list>
<pin id="323" dir="0" index="0" bw="8" slack="0"/>
<pin id="324" dir="1" index="1" bw="8" slack="0"/>
</pin_list>
<bind>
<opset="y "/>
</bind>
</comp>

<comp id="329" class="1005" name="z_reg_329">
<pin_list>
<pin id="330" dir="0" index="0" bw="3" slack="0"/>
<pin id="331" dir="1" index="1" bw="3" slack="0"/>
</pin_list>
<bind>
<opset="z "/>
</bind>
</comp>

<comp id="336" class="1005" name="indvar_flatten20_reg_336">
<pin_list>
<pin id="337" dir="0" index="0" bw="10" slack="0"/>
<pin id="338" dir="1" index="1" bw="10" slack="0"/>
</pin_list>
<bind>
<opset="indvar_flatten20 "/>
</bind>
</comp>

<comp id="343" class="1005" name="icmp_ln8_reg_343">
<pin_list>
<pin id="344" dir="0" index="0" bw="1" slack="1"/>
<pin id="345" dir="1" index="1" bw="1" slack="2147483647"/>
</pin_list>
<bind>
<opset="icmp_ln8 "/>
</bind>
</comp>

<comp id="347" class="1005" name="select_ln8_reg_347">
<pin_list>
<pin id="348" dir="0" index="0" bw="8" slack="2"/>
<pin id="349" dir="1" index="1" bw="8" slack="2"/>
</pin_list>
<bind>
<opset="select_ln8 "/>
</bind>
</comp>

<comp id="352" class="1005" name="empty_reg_352">
<pin_list>
<pin id="353" dir="0" index="0" bw="2" slack="2"/>
<pin id="354" dir="1" index="1" bw="2" slack="2"/>
</pin_list>
<bind>
<opset="empty "/>
</bind>
</comp>

<comp id="358" class="1005" name="OutConv1_addr_reg_358">
<pin_list>
<pin id="359" dir="0" index="0" bw="11" slack="1"/>
<pin id="360" dir="1" index="1" bw="11" slack="1"/>
</pin_list>
<bind>
<opset="OutConv1_addr "/>
</bind>
</comp>

<comp id="363" class="1005" name="OutConv1_addr_1_reg_363">
<pin_list>
<pin id="364" dir="0" index="0" bw="11" slack="1"/>
<pin id="365" dir="1" index="1" bw="11" slack="1"/>
</pin_list>
<bind>
<opset="OutConv1_addr_1 "/>
</bind>
</comp>

<comp id="368" class="1005" name="max_reg_368">
<pin_list>
<pin id="369" dir="0" index="0" bw="16" slack="1"/>
<pin id="370" dir="1" index="1" bw="16" slack="1"/>
</pin_list>
<bind>
<opset="max "/>
</bind>
</comp>

<comp id="374" class="1005" name="pool_value_4_reg_374">
<pin_list>
<pin id="375" dir="0" index="0" bw="16" slack="1"/>
<pin id="376" dir="1" index="1" bw="16" slack="1"/>
</pin_list>
<bind>
<opset="pool_value_4 "/>
</bind>
</comp>

</comp_list>

<net_list>
<net id="61"><net_src comp="4" pin="0"/><net_sink comp="58" pin=0"/></net>

<net id="65"><net_src comp="4" pin="0"/><net_sink comp="62" pin=0"/></net>

<net id="69"><net_src comp="4" pin="0"/><net_sink comp="66" pin=0"/></net>

<net id="75"><net_src comp="0" pin="0"/><net_sink comp="70" pin=0"/></net>

<net id="76"><net_src comp="28" pin="0"/><net_sink comp="70" pin=1"/></net>

<net id="86"><net_src comp="70" pin="3"/><net_sink comp="77" pin=2"/></net>

<net id="92"><net_src comp="0" pin="0"/><net_sink comp="87" pin=0"/></net>

<net id="93"><net_src comp="28" pin="0"/><net_sink comp="87" pin=1"/></net>

<net id="94"><net_src comp="87" pin="3"/><net_sink comp="77" pin=0"/></net>

<net id="100"><net_src comp="2" pin="0"/><net_sink comp="95" pin=0"/></net>

<net id="101"><net_src comp="28" pin="0"/><net_sink comp="95" pin=1"/></net>

<net id="107"><net_src comp="95" pin="3"/><net_sink comp="102" pin=0"/></net>

<net id="112"><net_src comp="6" pin="0"/><net_sink comp="108" pin=0"/></net>

<net id="117"><net_src comp="8" pin="0"/><net_sink comp="113" pin=0"/></net>

<net id="122"><net_src comp="10" pin="0"/><net_sink comp="118" pin=0"/></net>

<net id="130"><net_src comp="123" pin="1"/><net_sink comp="126" pin=0"/></net>

<net id="131"><net_src comp="12" pin="0"/><net_sink comp="126" pin=1"/></net>

<net id="136"><net_src comp="123" pin="1"/><net_sink comp="132" pin=0"/></net>

<net id="137"><net_src comp="14" pin="0"/><net_sink comp="132" pin=1"/></net>

<net id="148"><net_src comp="138" pin="1"/><net_sink comp="144" pin=0"/></net>

<net id="149"><net_src comp="16" pin="0"/><net_sink comp="144" pin=1"/></net>

<net id="155"><net_src comp="144" pin="2"/><net_sink comp="150" pin=0"/></net>

<net id="156"><net_src comp="10" pin="0"/><net_sink comp="150" pin=1"/></net>

<net id="157"><net_src comp="138" pin="1"/><net_sink comp="150" pin=2"/></net>

<net id="162"><net_src comp="141" pin="1"/><net_sink comp="158" pin=0"/></net>

<net id="163"><net_src comp="18" pin="0"/><net_sink comp="158" pin=1"/></net>

<net id="169"><net_src comp="144" pin="2"/><net_sink comp="164" pin=0"/></net>

<net id="170"><net_src comp="158" pin="2"/><net_sink comp="164" pin=1"/></net>

<net id="171"><net_src comp="141" pin="1"/><net_sink comp="164" pin=2"/></net>

<net id="175"><net_src comp="164" pin="3"/><net_sink comp="172" pin=0"/></net>

<net id="182"><net_src comp="20" pin="0"/><net_sink comp="176" pin=0"/></net>

<net id="183"><net_src comp="172" pin="1"/><net_sink comp="176" pin=1"/></net>

<net id="184"><net_src comp="172" pin="1"/><net_sink comp="176" pin=2"/></net>

<net id="185"><net_src comp="22" pin="0"/><net_sink comp="176" pin=3"/></net>

<net id="189"><net_src comp="176" pin="4"/><net_sink comp="186" pin=0"/></net>

<net id="195"><net_src comp="24" pin="0"/><net_sink comp="190" pin=0"/></net>

<net id="196"><net_src comp="150" pin="3"/><net_sink comp="190" pin=1"/></net>

<net id="197"><net_src comp="26" pin="0"/><net_sink comp="190" pin=2"/></net>

<net id="201"><net_src comp="190" pin="3"/><net_sink comp="198" pin=0"/></net>

<net id="206"><net_src comp="198" pin="1"/><net_sink comp="202" pin=0"/></net>

<net id="207"><net_src comp="186" pin="1"/><net_sink comp="202" pin=1"/></net>

<net id="211"><net_src comp="202" pin="2"/><net_sink comp="208" pin=0"/></net>

<net id="212"><net_src comp="208" pin="1"/><net_sink comp="70" pin=2"/></net>

<net id="217"><net_src comp="176" pin="4"/><net_sink comp="213" pin=0"/></net>

<net id="218"><net_src comp="14" pin="0"/><net_sink comp="213" pin=1"/></net>

<net id="222"><net_src comp="213" pin="2"/><net_sink comp="219" pin=0"/></net>

<net id="227"><net_src comp="198" pin="1"/><net_sink comp="223" pin=0"/></net>

<net id="228"><net_src comp="219" pin="1"/><net_sink comp="223" pin=1"/></net>

<net id="232"><net_src comp="223" pin="2"/><net_sink comp="229" pin=0"/></net>

<net id="233"><net_src comp="229" pin="1"/><net_sink comp="87" pin=2"/></net>

<net id="238"><net_src comp="150" pin="3"/><net_sink comp="234" pin=0"/></net>

<net id="239"><net_src comp="30" pin="0"/><net_sink comp="234" pin=1"/></net>

<net id="244"><net_src comp="132" pin="2"/><net_sink comp="240" pin=0"/></net>

<net id="249"><net_src comp="164" pin="3"/><net_sink comp="245" pin=0"/></net>

<net id="254"><net_src comp="234" pin="2"/><net_sink comp="250" pin=0"/></net>

<net id="259"><net_src comp="77" pin="7"/><net_sink comp="255" pin=0"/></net>

<net id="260"><net_src comp="32" pin="0"/><net_sink comp="255" pin=1"/></net>

<net id="266"><net_src comp="255" pin="2"/><net_sink comp="261" pin=0"/></net>

<net id="267"><net_src comp="77" pin="7"/><net_sink comp="261" pin=1"/></net>

<net id="268"><net_src comp="32" pin="0"/><net_sink comp="261" pin=2"/></net>

<net id="274"><net_src comp="42" pin="0"/><net_sink comp="269" pin=0"/></net>

<net id="275"><net_src comp="44" pin="0"/><net_sink comp="269" pin=2"/></net>

<net id="279"><net_src comp="269" pin="3"/><net_sink comp="276" pin=0"/></net>

<net id="285"><net_src comp="46" pin="0"/><net_sink comp="280" pin=0"/></net>

<net id="286"><net_src comp="48" pin="0"/><net_sink comp="280" pin=2"/></net>

<net id="290"><net_src comp="280" pin="3"/><net_sink comp="287" pin=0"/></net>

<net id="300"><net_src comp="291" pin="2"/><net_sink comp="295" pin=0"/></net>

<net id="301"><net_src comp="295" pin="3"/><net_sink comp="102" pin=1"/></net>

<net id="306"><net_src comp="287" pin="1"/><net_sink comp="302" pin=0"/></net>

<net id="310"><net_src comp="302" pin="2"/><net_sink comp="307" pin=0"/></net>

<net id="315"><net_src comp="307" pin="1"/><net_sink comp="311" pin=0"/></net>

<net id="316"><net_src comp="276" pin="1"/><net_sink comp="311" pin=1"/></net>

<net id="320"><net_src comp="311" pin="2"/><net_sink comp="317" pin=0"/></net>

<net id="321"><net_src comp="317" pin="1"/><net_sink comp="95" pin=2"/></net>

<net id="325"><net_src comp="58" pin="1"/><net_sink comp="322" pin=0"/></net>

<net id="326"><net_src comp="322" pin="1"/><net_sink comp="118" pin=1"/></net>

<net id="327"><net_src comp="322" pin="1"/><net_sink comp="138" pin=0"/></net>

<net id="328"><net_src comp="322" pin="1"/><net_sink comp="250" pin=1"/></net>

<net id="332"><net_src comp="62" pin="1"/><net_sink comp="329" pin=0"/></net>

<net id="333"><net_src comp="329" pin="1"/><net_sink comp="113" pin=1"/></net>

<net id="334"><net_src comp="329" pin="1"/><net_sink comp="141" pin=0"/></net>

<net id="335"><net_src comp="329" pin="1"/><net_sink comp="245" pin=1"/></net>

<net id="339"><net_src comp="66" pin="1"/><net_sink comp="336" pin=0"/></net>

<net id="340"><net_src comp="336" pin="1"/><net_sink comp="108" pin=1"/></net>

<net id="341"><net_src comp="336" pin="1"/><net_sink comp="123" pin=0"/></net>

<net id="342"><net_src comp="336" pin="1"/><net_sink comp="240" pin=1"/></net>

<net id="346"><net_src comp="126" pin="2"/><net_sink comp="343" pin=0"/></net>

<net id="350"><net_src comp="150" pin="3"/><net_sink comp="347" pin=0"/></net>

<net id="351"><net_src comp="347" pin="1"/><net_sink comp="302" pin=1"/></net>

<net id="355"><net_src comp="172" pin="1"/><net_sink comp="352" pin=0"/></net>

<net id="356"><net_src comp="352" pin="1"/><net_sink comp="269" pin=1"/></net>

<net id="357"><net_src comp="352" pin="1"/><net_sink comp="280" pin=1"/></net>

<net id="361"><net_src comp="70" pin="3"/><net_sink comp="358" pin=0"/></net>

<net id="362"><net_src comp="358" pin="1"/><net_sink comp="77" pin=2"/></net>

<net id="366"><net_src comp="87" pin="3"/><net_sink comp="363" pin=0"/></net>

<net id="367"><net_src comp="363" pin="1"/><net_sink comp="77" pin=0"/></net>

<net id="371"><net_src comp="261" pin="3"/><net_sink comp="368" pin=0"/></net>

<net id="372"><net_src comp="368" pin="1"/><net_sink comp="291" pin=1"/></net>

<net id="373"><net_src comp="368" pin="1"/><net_sink comp="295" pin=2"/></net>

<net id="377"><net_src comp="77" pin="3"/><net_sink comp="374" pin=0"/></net>

<net id="378"><net_src comp="374" pin="1"/><net_sink comp="291" pin=0"/></net>

<net id="379"><net_src comp="374" pin="1"/><net_sink comp="295" pin=1"/></net>

</net_list>

</model> 
---------------- Datapath Model END ------------------

* FSMD analyzer results:
  - Output states:
	Port: OutPool0 | {3 }
 - Input state : 
	Port: CNN_Pipeline_loop_for_channel_pool_0_loop_for_weight_pool_0 : OutConv1 | {1 2 }
  - Chain level:
	State 1
		store_ln0 : 1
		store_ln8 : 1
		store_ln11 : 1
		indvar_flatten20_load : 1
		icmp_ln8 : 2
		add_ln8 : 2
		br_ln8 : 3
		y_load : 1
		z_load : 1
		icmp_ln11 : 2
		select_ln8 : 3
		add_ln8_1 : 2
		select_ln8_1 : 3
		empty : 4
		tmp_4 : 5
		p_cast79 : 6
		tmp_s : 4
		zext_ln15 : 5
		add_ln15 : 7
		zext_ln16 : 8
		OutConv1_addr : 9
		pool_value : 10
		or_ln15 : 6
		zext_ln15_1 : 6
		add_ln15_1 : 7
		zext_ln16_1 : 8
		OutConv1_addr_1 : 9
		pool_value_4 : 10
		add_ln21 : 4
		store_ln8 : 3
		store_ln8 : 4
		store_ln11 : 5
	State 2
		icmp_ln17 : 1
		max : 2
	State 3
		p_shl9_cast : 1
		zext_ln11 : 1
		max_4 : 1
		add_ln19_1 : 2
		zext_ln19 : 3
		add_ln19 : 4
		zext_ln20 : 5
		OutPool0_addr : 6
		store_ln20 : 7


============================================================
+ Verbose Summary: Datapath Resource usage 
============================================================

* Functional unit list:
|----------|---------------------|---------|---------|
| Operation|   Functional Unit   |    FF   |   LUT   |
|----------|---------------------|---------|---------|
|          |    add_ln8_fu_132   |    0    |    17   |
|          |   add_ln8_1_fu_158  |    0    |    10   |
|          |   add_ln15_fu_202   |    0    |    17   |
|    add   |  add_ln15_1_fu_223  |    0    |    17   |
|          |   add_ln21_fu_234   |    0    |    15   |
|          |  add_ln19_1_fu_302  |    0    |    15   |
|          |   add_ln19_fu_311   |    0    |    16   |
|----------|---------------------|---------|---------|
|          |   icmp_ln8_fu_126   |    0    |    17   |
|   icmp   |   icmp_ln11_fu_144  |    0    |    15   |
|          |   icmp_ln17_fu_255  |    0    |    23   |
|          |  icmp_ln17_1_fu_291 |    0    |    23   |
|----------|---------------------|---------|---------|
|          |  select_ln8_fu_150  |    0    |    8    |
|  select  | select_ln8_1_fu_164 |    0    |    3    |
|          |      max_fu_261     |    0    |    16   |
|          |     max_4_fu_295    |    0    |    16   |
|----------|---------------------|---------|---------|
|   trunc  |     empty_fu_172    |    0    |    0    |
|----------|---------------------|---------|---------|
|          |     tmp_4_fu_176    |    0    |    0    |
|bitconcatenate|     tmp_s_fu_190    |    0    |    0    |
|          |    p_shl9_fu_269    |    0    |    0    |
|          |    p_shl3_fu_280    |    0    |    0    |
|----------|---------------------|---------|---------|
|          |   p_cast79_fu_186   |    0    |    0    |
|          |   zext_ln15_fu_198  |    0    |    0    |
|          |   zext_ln16_fu_208  |    0    |    0    |
|          |  zext_ln15_1_fu_219 |    0    |    0    |
|   zext   |  zext_ln16_1_fu_229 |    0    |    0    |
|          |  p_shl9_cast_fu_276 |    0    |    0    |
|          |   zext_ln11_fu_287  |    0    |    0    |
|          |   zext_ln19_fu_307  |    0    |    0    |
|          |   zext_ln20_fu_317  |    0    |    0    |
|----------|---------------------|---------|---------|
|    or    |    or_ln15_fu_213   |    0    |    0    |
|----------|---------------------|---------|---------|
|   Total  |                     |    0    |   228   |
|----------|---------------------|---------|---------|

Memories:
N/A

* Register list:
+------------------------+--------+
|                        |   FF   |
+------------------------+--------+
| OutConv1_addr_1_reg_363|   11   |
|  OutConv1_addr_reg_358 |   11   |
|      empty_reg_352     |    2   |
|    icmp_ln8_reg_343    |    1   |
|indvar_flatten20_reg_336|   10   |
|       max_reg_368      |   16   |
|  pool_value_4_reg_374  |   16   |
|   select_ln8_reg_347   |    8   |
|        y_reg_322       |    8   |
|        z_reg_329       |    3   |
+------------------------+--------+
|          Total         |   86   |
+------------------------+--------+

* Multiplexer (MUX) list: 
|------------------|------|------|------|--------||---------||---------|
|       Comp       |  Pin | Size |  BW  | S x BW ||  Delay  ||   LUT   |
|------------------|------|------|------|--------||---------||---------|
| grp_access_fu_77 |  p0  |   2  |  11  |   22   ||    9    |
| grp_access_fu_77 |  p2  |   2  |   0  |    0   ||    9    |
|------------------|------|------|------|--------||---------||---------|
|       Total      |      |      |      |   22   ||  0.854  ||    18   |
|------------------|------|------|------|--------||---------||---------|



* Summary:
+-----------+--------+--------+--------+
|           |  Delay |   FF   |   LUT  |
+-----------+--------+--------+--------+
|  Function |    -   |    0   |   228  |
|   Memory  |    -   |    -   |    -   |
|Multiplexer|    0   |    -   |   18   |
|  Register |    -   |   86   |    -   |
+-----------+--------+--------+--------+
|   Total   |    0   |   86   |   246  |
+-----------+--------+--------+--------+
