

================================================================
== Vitis HLS Report for 'CNN_Pipeline_loop_for_3_channel_pad_4_loop_for_channel_pad_4'
================================================================
* Date:           Fri Jun  7 16:44:02 2024

* Version:        2023.2 (Build 4023990 on Oct 11 2023)
* Project:        project2
* Solution:       solution2 (Vivado IP Flow Target)
* Product family: zynquplus
* Target device:  xck26-sfvc784-2LV-c


================================================================
== Performance Estimates
================================================================
+ Timing: 
    * Summary: 
    +--------+---------+----------+------------+
    |  Clock |  Target | Estimated| Uncertainty|
    +--------+---------+----------+------------+
    |ap_clk  |  5.00 ns|  2.970 ns|     1.35 ns|
    +--------+---------+----------+------------+

+ Latency: 
    * Summary: 
    +---------+---------+----------+----------+-----+-----+---------+
    |  Latency (cycles) |  Latency (absolute) |  Interval | Pipeline|
    |   min   |   max   |    min   |    max   | min | max |   Type  |
    +---------+---------+----------+----------+-----+-----+---------+
    |      676|      676|  3.380 us|  3.380 us|  676|  676|       no|
    +---------+---------+----------+----------+-----+-----+---------+

    + Detail: 
        * Instance: 
        N/A

        * Loop: 
        +---------------------------------------------------+---------+---------+----------+-----------+-----------+------+----------+
        |                                                   |  Latency (cycles) | Iteration|  Initiation Interval  | Trip |          |
        |                     Loop Name                     |   min   |   max   |  Latency |  achieved |   target  | Count| Pipelined|
        +---------------------------------------------------+---------+---------+----------+-----------+-----------+------+----------+
        |- loop_for_3_channel_pad_4_loop_for_channel_pad_4  |      674|      674|         4|          1|          1|   672|       yes|
        +---------------------------------------------------+---------+---------+----------+-----------+-----------+------+----------+

============================================================
+ Verbose Summary: Synthesis Manager
============================================================
InlineROM: 1
ExposeGlobal: 0
============================================================
+ Verbose Summary: CDFG Model
============================================================
IsTopModel: 0
ResetActiveHigh: 1
IsCombinational: 0
IsDatapathOnly: 0
HasWiredReturn: 1
HasMFsm: 2
HasVarLatency: 1
IsPipeline: 0
IsRtlPipelined: 0
IsInstanceOverlapped: 0
IsDontTouch: 0
HasImplIP: 0
IsGatedGlobalClock: 0

+ Individual pipeline summary: 
  * Pipeline-0: initiation interval (II) = 1, depth = 4


============================================================
+ Verbose Summary: Schedule
============================================================
* Number of FSM states : 4
* Pipeline : 1
  Pipeline-0 : II = 1, D = 4, States = { 1 2 3 4 }
* Dataflow Pipeline: 0

* FSM state transitions: 
1 --> 2 
2 --> 3 
3 --> 4 
4 --> 

* FSM state operations: 

State 1 <SV = 0> <Delay = 2.76>
ST_1 : Operation 7 [1/1] (0.00ns)   --->   "%n = alloca i32 1" [Conv.cpp:111->CNN.cpp:41]   --->   Operation 7 'alloca' 'n' <Predicate = true> <Delay = 0.00>
ST_1 : Operation 8 [1/1] (0.00ns)   --->   "%c = alloca i32 1" [Conv.cpp:109->CNN.cpp:41]   --->   Operation 8 'alloca' 'c' <Predicate = true> <Delay = 0.00>
ST_1 : Operation 9 [1/1] (0.00ns)   --->   "%indvar_flatten62 = alloca i32 1"   --->   Operation 9 'alloca' 'indvar_flatten62' <Predicate = true> <Delay = 0.00>
ST_1 : Operation 10 [1/1] (0.42ns)   --->   "%store_ln0 = store i10 0, i10 %indvar_flatten62"   --->   Operation 10 'store' 'store_ln0' <Predicate = true> <Delay = 0.42>
ST_1 : Operation 11 [1/1] (0.42ns)   --->   "%store_ln109 = store i4 0, i4 %c" [Conv.cpp:109->CNN.cpp:41]   --->   Operation 11 'store' 'store_ln109' <Predicate = true> <Delay = 0.42>
ST_1 : Operation 12 [1/1] (0.42ns)   --->   "%store_ln111 = store i7 0, i7 %n" [Conv.cpp:111->CNN.cpp:41]   --->   Operation 12 'store' 'store_ln111' <Predicate = true> <Delay = 0.42>
ST_1 : Operation 13 [1/1] (0.00ns)   --->   "%br_ln0 = br void %for.body4.i217"   --->   Operation 13 'br' 'br_ln0' <Predicate = true> <Delay = 0.00>
ST_1 : Operation 14 [1/1] (0.00ns)   --->   "%indvar_flatten62_load = load i10 %indvar_flatten62" [Conv.cpp:109->CNN.cpp:41]   --->   Operation 14 'load' 'indvar_flatten62_load' <Predicate = true> <Delay = 0.00>
ST_1 : Operation 15 [1/1] (0.78ns)   --->   "%icmp_ln109 = icmp_eq  i10 %indvar_flatten62_load, i10 672" [Conv.cpp:109->CNN.cpp:41]   --->   Operation 15 'icmp' 'icmp_ln109' <Predicate = true> <Delay = 0.78> <CoreInst = "Cmp">   --->   Core 9 'Cmp' <Latency = 0> <II = 1> <Delay = 0.78> <FuncUnit> <Opcode : 'icmp'> <InPorts = 2> <OutPorts = 1>
ST_1 : Operation 16 [1/1] (0.78ns)   --->   "%add_ln109 = add i10 %indvar_flatten62_load, i10 1" [Conv.cpp:109->CNN.cpp:41]   --->   Operation 16 'add' 'add_ln109' <Predicate = true> <Delay = 0.78> <CoreInst = "Adder">   --->   Core 1 'Adder' <Latency = 0> <II = 1> <Delay = 0.78> <FuncUnit> <Opcode : 'add' 'sub'> <InPorts = 2> <OutPorts = 1>
ST_1 : Operation 17 [1/1] (0.00ns)   --->   "%br_ln109 = br i1 %icmp_ln109, void %for.inc15.i229, void %for.body4.i235.preheader.exitStub" [Conv.cpp:109->CNN.cpp:41]   --->   Operation 17 'br' 'br_ln109' <Predicate = true> <Delay = 0.00>
ST_1 : Operation 18 [1/1] (0.00ns)   --->   "%n_load = load i7 %n" [Conv.cpp:111->CNN.cpp:41]   --->   Operation 18 'load' 'n_load' <Predicate = (!icmp_ln109)> <Delay = 0.00>
ST_1 : Operation 19 [1/1] (0.00ns)   --->   "%c_load = load i4 %c" [Conv.cpp:109->CNN.cpp:41]   --->   Operation 19 'load' 'c_load' <Predicate = (!icmp_ln109)> <Delay = 0.00>
ST_1 : Operation 20 [1/1] (0.77ns)   --->   "%icmp_ln111 = icmp_eq  i7 %n_load, i7 84" [Conv.cpp:111->CNN.cpp:41]   --->   Operation 20 'icmp' 'icmp_ln111' <Predicate = (!icmp_ln109)> <Delay = 0.77> <CoreInst = "Cmp">   --->   Core 9 'Cmp' <Latency = 0> <II = 1> <Delay = 0.77> <FuncUnit> <Opcode : 'icmp'> <InPorts = 2> <OutPorts = 1>
ST_1 : Operation 21 [1/1] (0.36ns)   --->   "%select_ln109 = select i1 %icmp_ln111, i7 0, i7 %n_load" [Conv.cpp:109->CNN.cpp:41]   --->   Operation 21 'select' 'select_ln109' <Predicate = (!icmp_ln109)> <Delay = 0.36> <CoreInst = "Sel">   --->   Core 73 'Sel' <Latency = 0> <II = 1> <Delay = 0.36> <FuncUnit> <Opcode : 'select'> <InPorts = 3> <OutPorts = 1>
ST_1 : Operation 22 [1/1] (0.79ns)   --->   "%add_ln109_1 = add i4 %c_load, i4 1" [Conv.cpp:109->CNN.cpp:41]   --->   Operation 22 'add' 'add_ln109_1' <Predicate = (!icmp_ln109)> <Delay = 0.79> <CoreInst = "Adder">   --->   Core 1 'Adder' <Latency = 0> <II = 1> <Delay = 0.79> <FuncUnit> <Opcode : 'add' 'sub'> <InPorts = 2> <OutPorts = 1>
ST_1 : Operation 23 [1/1] (0.39ns)   --->   "%select_ln109_1 = select i1 %icmp_ln111, i4 %add_ln109_1, i4 %c_load" [Conv.cpp:109->CNN.cpp:41]   --->   Operation 23 'select' 'select_ln109_1' <Predicate = (!icmp_ln109)> <Delay = 0.39> <CoreInst = "Sel">   --->   Core 73 'Sel' <Latency = 0> <II = 1> <Delay = 0.39> <FuncUnit> <Opcode : 'select'> <InPorts = 3> <OutPorts = 1>
ST_1 : Operation 24 [1/1] (0.00ns)   --->   "%zext_ln111 = zext i4 %select_ln109_1" [Conv.cpp:111->CNN.cpp:41]   --->   Operation 24 'zext' 'zext_ln111' <Predicate = (!icmp_ln109)> <Delay = 0.00>
ST_1 : Operation 25 [1/1] (0.00ns)   --->   "%empty = trunc i4 %select_ln109_1" [Conv.cpp:109->CNN.cpp:41]   --->   Operation 25 'trunc' 'empty' <Predicate = (!icmp_ln109)> <Delay = 0.00>
ST_1 : Operation 26 [3/3] (0.99ns) (grouped into DSP with root node add_ln112)   --->   "%mul_ln111 = mul i10 %zext_ln111, i10 84" [Conv.cpp:111->CNN.cpp:41]   --->   Operation 26 'mul' 'mul_ln111' <Predicate = (!icmp_ln109)> <Delay = 0.99> <CoreInst = "DSP48">   --->   Core 127 'DSP48' <Latency = 3> <II = 1> <Delay = 0.53> <IPBlock> <Opcode : '' 'add' 'sub' 'mul' 'select'> <InPorts = 0> <OutPorts = 1> <Sync> <CReg>
ST_1 : Operation 27 [1/1] (0.00ns)   --->   "%tmp = partselect i6 @_ssdm_op_PartSelect.i6.i7.i32.i32, i7 %select_ln109, i32 1, i32 6" [Conv.cpp:112->CNN.cpp:41]   --->   Operation 27 'partselect' 'tmp' <Predicate = (!icmp_ln109)> <Delay = 0.00>
ST_1 : Operation 28 [1/1] (0.78ns)   --->   "%icmp_ln112 = icmp_eq  i6 %tmp, i6 0" [Conv.cpp:112->CNN.cpp:41]   --->   Operation 28 'icmp' 'icmp_ln112' <Predicate = (!icmp_ln109)> <Delay = 0.78> <CoreInst = "Cmp">   --->   Core 9 'Cmp' <Latency = 0> <II = 1> <Delay = 0.78> <FuncUnit> <Opcode : 'icmp'> <InPorts = 2> <OutPorts = 1>
ST_1 : Operation 29 [1/1] (0.77ns)   --->   "%add_ln111 = add i7 %select_ln109, i7 1" [Conv.cpp:111->CNN.cpp:41]   --->   Operation 29 'add' 'add_ln111' <Predicate = (!icmp_ln109)> <Delay = 0.77> <CoreInst = "Adder">   --->   Core 1 'Adder' <Latency = 0> <II = 1> <Delay = 0.77> <FuncUnit> <Opcode : 'add' 'sub'> <InPorts = 2> <OutPorts = 1>
ST_1 : Operation 30 [1/1] (0.42ns)   --->   "%store_ln109 = store i10 %add_ln109, i10 %indvar_flatten62" [Conv.cpp:109->CNN.cpp:41]   --->   Operation 30 'store' 'store_ln109' <Predicate = (!icmp_ln109)> <Delay = 0.42>
ST_1 : Operation 31 [1/1] (0.42ns)   --->   "%store_ln109 = store i4 %select_ln109_1, i4 %c" [Conv.cpp:109->CNN.cpp:41]   --->   Operation 31 'store' 'store_ln109' <Predicate = (!icmp_ln109)> <Delay = 0.42>
ST_1 : Operation 32 [1/1] (0.42ns)   --->   "%store_ln111 = store i7 %add_ln111, i7 %n" [Conv.cpp:111->CNN.cpp:41]   --->   Operation 32 'store' 'store_ln111' <Predicate = (!icmp_ln109)> <Delay = 0.42>

State 2 <SV = 1> <Delay = 0.99>
ST_2 : Operation 33 [2/3] (0.99ns) (grouped into DSP with root node add_ln112)   --->   "%mul_ln111 = mul i10 %zext_ln111, i10 84" [Conv.cpp:111->CNN.cpp:41]   --->   Operation 33 'mul' 'mul_ln111' <Predicate = true> <Delay = 0.99> <CoreInst = "DSP48">   --->   Core 127 'DSP48' <Latency = 3> <II = 1> <Delay = 0.53> <IPBlock> <Opcode : '' 'add' 'sub' 'mul' 'select'> <InPorts = 0> <OutPorts = 1> <Sync> <CReg>

State 3 <SV = 2> <Delay = 2.97>
ST_3 : Operation 34 [1/1] (0.00ns)   --->   "%p_shl = bitconcatenate i9 @_ssdm_op_BitConcatenate.i9.i3.i6, i3 %empty, i6 0" [Conv.cpp:109->CNN.cpp:41]   --->   Operation 34 'bitconcatenate' 'p_shl' <Predicate = true> <Delay = 0.00>
ST_3 : Operation 35 [1/1] (0.00ns)   --->   "%p_shl29_cast = zext i9 %p_shl" [Conv.cpp:109->CNN.cpp:41]   --->   Operation 35 'zext' 'p_shl29_cast' <Predicate = true> <Delay = 0.00>
ST_3 : Operation 36 [1/1] (0.00ns)   --->   "%p_shl11 = bitconcatenate i7 @_ssdm_op_BitConcatenate.i7.i3.i4, i3 %empty, i4 0" [Conv.cpp:109->CNN.cpp:41]   --->   Operation 36 'bitconcatenate' 'p_shl11' <Predicate = true> <Delay = 0.00>
ST_3 : Operation 37 [1/1] (0.00ns)   --->   "%p_shl30_cast = zext i7 %p_shl11" [Conv.cpp:109->CNN.cpp:41]   --->   Operation 37 'zext' 'p_shl30_cast' <Predicate = true> <Delay = 0.00>
ST_3 : Operation 38 [1/3] (0.00ns) (grouped into DSP with root node add_ln112)   --->   "%mul_ln111 = mul i10 %zext_ln111, i10 84" [Conv.cpp:111->CNN.cpp:41]   --->   Operation 38 'mul' 'mul_ln111' <Predicate = true> <Delay = 0.00> <CoreInst = "DSP48">   --->   Core 127 'DSP48' <Latency = 3> <II = 1> <Delay = 0.53> <IPBlock> <Opcode : '' 'add' 'sub' 'mul' 'select'> <InPorts = 0> <OutPorts = 1> <Sync> <CReg>
ST_3 : Operation 39 [1/1] (0.00ns)   --->   "%zext_ln111_1 = zext i7 %select_ln109" [Conv.cpp:111->CNN.cpp:41]   --->   Operation 39 'zext' 'zext_ln111_1' <Predicate = true> <Delay = 0.00>
ST_3 : Operation 40 [1/1] (0.00ns)   --->   "%zext_ln111_2 = zext i7 %select_ln109" [Conv.cpp:111->CNN.cpp:41]   --->   Operation 40 'zext' 'zext_ln111_2' <Predicate = true> <Delay = 0.00>
ST_3 : Operation 41 [2/2] (0.64ns) (root node of the DSP)   --->   "%add_ln112 = add i10 %zext_ln111_1, i10 %mul_ln111" [Conv.cpp:112->CNN.cpp:41]   --->   Operation 41 'add' 'add_ln112' <Predicate = true> <Delay = 0.64> <CoreInst = "DSP48">   --->   Core 127 'DSP48' <Latency = 3> <II = 1> <Delay = 0.53> <IPBlock> <Opcode : '' 'add' 'sub' 'mul' 'select'> <InPorts = 0> <OutPorts = 1> <Sync> <CReg>
ST_3 : Operation 42 [1/1] (0.00ns) (grouped into TernaryAdder)   --->   "%add_ln112_1 = add i10 %p_shl29_cast, i10 %p_shl30_cast" [Conv.cpp:112->CNN.cpp:41]   --->   Operation 42 'add' 'add_ln112_1' <Predicate = true> <Delay = 0.00> <CoreInst = "TAddSub">   --->   Core 10 'TAddSub' <Latency = 0> <II = 1> <Delay = 0.48> <IPBlock> <Opcode : '' 'add' 'sub'> <InPorts = 3> <OutPorts = 1> <Sync> <CReg>
ST_3 : Operation 43 [1/1] (0.77ns)   --->   "%add_ln112_3 = add i8 %zext_ln111_2, i8 254" [Conv.cpp:112->CNN.cpp:41]   --->   Operation 43 'add' 'add_ln112_3' <Predicate = true> <Delay = 0.77> <CoreInst = "Adder">   --->   Core 1 'Adder' <Latency = 0> <II = 1> <Delay = 0.77> <FuncUnit> <Opcode : 'add' 'sub'> <InPorts = 2> <OutPorts = 1>
ST_3 : Operation 44 [1/1] (0.00ns)   --->   "%sext_ln112 = sext i8 %add_ln112_3" [Conv.cpp:112->CNN.cpp:41]   --->   Operation 44 'sext' 'sext_ln112' <Predicate = true> <Delay = 0.00>
ST_3 : Operation 45 [1/1] (0.96ns) (root node of TernaryAdder)   --->   "%add_ln112_2 = add i10 %sext_ln112, i10 %add_ln112_1" [Conv.cpp:112->CNN.cpp:41]   --->   Operation 45 'add' 'add_ln112_2' <Predicate = true> <Delay = 0.96> <CoreInst = "TAddSub">   --->   Core 10 'TAddSub' <Latency = 0> <II = 1> <Delay = 0.48> <IPBlock> <Opcode : '' 'add' 'sub'> <InPorts = 3> <OutPorts = 1> <Sync> <CReg>
ST_3 : Operation 46 [1/1] (0.00ns)   --->   "%zext_ln112_1 = zext i10 %add_ln112_2" [Conv.cpp:112->CNN.cpp:41]   --->   Operation 46 'zext' 'zext_ln112_1' <Predicate = true> <Delay = 0.00>
ST_3 : Operation 47 [1/1] (0.00ns)   --->   "%OutPool1_addr = getelementptr i16 %OutPool1, i64 0, i64 %zext_ln112_1" [Conv.cpp:112->CNN.cpp:41]   --->   Operation 47 'getelementptr' 'OutPool1_addr' <Predicate = true> <Delay = 0.00>
ST_3 : Operation 48 [2/2] (1.23ns)   --->   "%OutPool1_load = load i10 %OutPool1_addr" [Conv.cpp:112->CNN.cpp:41]   --->   Operation 48 'load' 'OutPool1_load' <Predicate = true> <Delay = 1.23> <CoreInst = "RAM">   --->   Core 83 'RAM' <Latency = 1> <II = 1> <Delay = 1.23> <Storage> <Opcode : 'load' 'store'> <Ports = 2> <Width = 16> <Depth = 640> <RAM>
ST_3 : Operation 61 [1/1] (0.00ns)   --->   "%ret_ln0 = ret"   --->   Operation 61 'ret' 'ret_ln0' <Predicate = (icmp_ln109)> <Delay = 0.00>

State 4 <SV = 3> <Delay = 2.83>
ST_4 : Operation 49 [1/1] (0.00ns)   --->   "%specloopname_ln0 = specloopname void @_ssdm_op_SpecLoopName, void @loop_for_3_channel_pad_4_loop_for_channel_pad_4_str"   --->   Operation 49 'specloopname' 'specloopname_ln0' <Predicate = true> <Delay = 0.00>
ST_4 : Operation 50 [1/1] (0.00ns)   --->   "%speclooptripcount_ln0 = speclooptripcount void @_ssdm_op_SpecLoopTripCount, i64 672, i64 672, i64 672"   --->   Operation 50 'speclooptripcount' 'speclooptripcount_ln0' <Predicate = true> <Delay = 0.00>
ST_4 : Operation 51 [1/1] (0.00ns)   --->   "%specpipeline_ln111 = specpipeline void @_ssdm_op_SpecPipeline, i32 4294967295, i32 0, i32 0, i32 0, void @empty_7" [Conv.cpp:111->CNN.cpp:41]   --->   Operation 51 'specpipeline' 'specpipeline_ln111' <Predicate = true> <Delay = 0.00>
ST_4 : Operation 52 [1/1] (0.77ns)   --->   "%icmp_ln112_1 = icmp_ugt  i7 %select_ln109, i7 81" [Conv.cpp:112->CNN.cpp:41]   --->   Operation 52 'icmp' 'icmp_ln112_1' <Predicate = true> <Delay = 0.77> <CoreInst = "Cmp">   --->   Core 9 'Cmp' <Latency = 0> <II = 1> <Delay = 0.77> <FuncUnit> <Opcode : 'icmp'> <InPorts = 2> <OutPorts = 1>
ST_4 : Operation 53 [1/1] (0.00ns) (grouped into LUT with out node select_ln112)   --->   "%or_ln112 = or i1 %icmp_ln112, i1 %icmp_ln112_1" [Conv.cpp:112->CNN.cpp:41]   --->   Operation 53 'or' 'or_ln112' <Predicate = true> <Delay = 0.00> <CoreInst = "LogicGate">   --->   Core 74 'LogicGate' <Latency = 0> <II = 1> <Delay = 0.28> <FuncUnit> <Opcode : 'and' 'or' 'xor'> <InPorts = 2> <OutPorts = 1>
ST_4 : Operation 54 [1/2] (0.64ns) (root node of the DSP)   --->   "%add_ln112 = add i10 %zext_ln111_1, i10 %mul_ln111" [Conv.cpp:112->CNN.cpp:41]   --->   Operation 54 'add' 'add_ln112' <Predicate = true> <Delay = 0.64> <CoreInst = "DSP48">   --->   Core 127 'DSP48' <Latency = 3> <II = 1> <Delay = 0.53> <IPBlock> <Opcode : '' 'add' 'sub' 'mul' 'select'> <InPorts = 0> <OutPorts = 1> <Sync> <CReg>
ST_4 : Operation 55 [1/1] (0.00ns)   --->   "%zext_ln112 = zext i10 %add_ln112" [Conv.cpp:112->CNN.cpp:41]   --->   Operation 55 'zext' 'zext_ln112' <Predicate = true> <Delay = 0.00>
ST_4 : Operation 56 [1/1] (0.00ns)   --->   "%OutPadConv4_addr = getelementptr i16 %OutPadConv4, i64 0, i64 %zext_ln112" [Conv.cpp:112->CNN.cpp:41]   --->   Operation 56 'getelementptr' 'OutPadConv4_addr' <Predicate = true> <Delay = 0.00>
ST_4 : Operation 57 [1/2] (1.23ns)   --->   "%OutPool1_load = load i10 %OutPool1_addr" [Conv.cpp:112->CNN.cpp:41]   --->   Operation 57 'load' 'OutPool1_load' <Predicate = true> <Delay = 1.23> <CoreInst = "RAM">   --->   Core 83 'RAM' <Latency = 1> <II = 1> <Delay = 1.23> <Storage> <Opcode : 'load' 'store'> <Ports = 2> <Width = 16> <Depth = 640> <RAM>
ST_4 : Operation 58 [1/1] (0.35ns) (out node of the LUT)   --->   "%select_ln112 = select i1 %or_ln112, i16 0, i16 %OutPool1_load" [Conv.cpp:112->CNN.cpp:41]   --->   Operation 58 'select' 'select_ln112' <Predicate = true> <Delay = 0.35> <CoreInst = "Sel">   --->   Core 73 'Sel' <Latency = 0> <II = 1> <Delay = 0.35> <FuncUnit> <Opcode : 'select'> <InPorts = 3> <OutPorts = 1>
ST_4 : Operation 59 [1/1] (1.23ns)   --->   "%store_ln112 = store i16 %select_ln112, i10 %OutPadConv4_addr" [Conv.cpp:112->CNN.cpp:41]   --->   Operation 59 'store' 'store_ln112' <Predicate = true> <Delay = 1.23> <CoreInst = "RAM_1WnR">   --->   Core 84 'RAM_1WnR' <Latency = 1> <II = 1> <Delay = 1.23> <Storage> <Opcode : 'load' 'store'> <Ports = 17> <Width = 16> <Depth = 672> <RAM>
ST_4 : Operation 60 [1/1] (0.00ns)   --->   "%br_ln111 = br void %for.body4.i217" [Conv.cpp:111->CNN.cpp:41]   --->   Operation 60 'br' 'br_ln111' <Predicate = true> <Delay = 0.00>


============================================================
+ Verbose Summary: Timing violations
============================================================
Target clock period: 5.000ns, clock uncertainty: 1.350ns.

 <State 1>: 2.760ns
The critical path consists of the following:
	'store' operation 0 bit ('store_ln111', Conv.cpp:111->CNN.cpp:41) of constant 0 on local variable 'n', Conv.cpp:111->CNN.cpp:41 [8]  (0.427 ns)
	'load' operation 7 bit ('n_load', Conv.cpp:111->CNN.cpp:41) on local variable 'n', Conv.cpp:111->CNN.cpp:41 [16]  (0.000 ns)
	'icmp' operation 1 bit ('icmp_ln111', Conv.cpp:111->CNN.cpp:41) [20]  (0.773 ns)
	'select' operation 7 bit ('select_ln109', Conv.cpp:109->CNN.cpp:41) [21]  (0.360 ns)
	'add' operation 7 bit ('add_ln111', Conv.cpp:111->CNN.cpp:41) [50]  (0.773 ns)
	'store' operation 0 bit ('store_ln111', Conv.cpp:111->CNN.cpp:41) of variable 'add_ln111', Conv.cpp:111->CNN.cpp:41 on local variable 'n', Conv.cpp:111->CNN.cpp:41 [53]  (0.427 ns)

 <State 2>: 0.996ns
The critical path consists of the following:
	'mul' operation 10 bit of DSP[38] ('mul_ln111', Conv.cpp:111->CNN.cpp:41) [30]  (0.996 ns)

 <State 3>: 2.970ns
The critical path consists of the following:
	'add' operation 8 bit ('add_ln112_3', Conv.cpp:112->CNN.cpp:41) [42]  (0.773 ns)
	'add' operation 10 bit ('add_ln112_2', Conv.cpp:112->CNN.cpp:41) [44]  (0.960 ns)
	'getelementptr' operation 10 bit ('OutPool1_addr', Conv.cpp:112->CNN.cpp:41) [46]  (0.000 ns)
	'load' operation 16 bit ('OutPool1_load', Conv.cpp:112->CNN.cpp:41) on array 'OutPool1' [47]  (1.237 ns)

 <State 4>: 2.831ns
The critical path consists of the following:
	'load' operation 16 bit ('OutPool1_load', Conv.cpp:112->CNN.cpp:41) on array 'OutPool1' [47]  (1.237 ns)
	'select' operation 16 bit ('select_ln112', Conv.cpp:112->CNN.cpp:41) [48]  (0.357 ns)
	'store' operation 0 bit ('store_ln112', Conv.cpp:112->CNN.cpp:41) of variable 'select_ln112', Conv.cpp:112->CNN.cpp:41 on array 'OutPadConv4' [49]  (1.237 ns)


============================================================
+ Verbose Summary: Binding
============================================================
N/A
* FSMD analyzer results:
  - Output states:
 - Input state : 
  - Chain level:
	State 1
	State 2
	State 3
	State 4


============================================================
+ Verbose Summary: Datapath Resource usage 
============================================================
N/A
