

================================================================
== Vitis HLS Report for 'CNN_Pipeline_loop_for_3_channel_pad_1_loop_for_channel_pad_1'
================================================================
* Date:           Fri Jun  7 16:43:58 2024

* Version:        2023.2 (Build 4023990 on Oct 11 2023)
* Project:        project2
* Solution:       solution2 (Vivado IP Flow Target)
* Product family: zynquplus
* Target device:  xck26-sfvc784-2LV-c


================================================================
== Performance Estimates
================================================================
+ Timing: 
    * Summary: 
    +--------+---------+----------+------------+
    |  Clock |  Target | Estimated| Uncertainty|
    +--------+---------+----------+------------+
    |ap_clk  |  5.00 ns|  2.990 ns|     1.35 ns|
    +--------+---------+----------+------------+

+ Latency: 
    * Summary: 
    +---------+---------+----------+----------+------+------+---------+
    |  Latency (cycles) |  Latency (absolute) |   Interval  | Pipeline|
    |   min   |   max   |    min   |    max   |  min |  max |   Type  |
    +---------+---------+----------+----------+------+------+---------+
    |     1299|     1299|  6.495 us|  6.495 us|  1299|  1299|       no|
    +---------+---------+----------+----------+------+------+---------+

    + Detail: 
        * Instance: 
        N/A

        * Loop: 
        +---------------------------------------------------+---------+---------+----------+-----------+-----------+------+----------+
        |                                                   |  Latency (cycles) | Iteration|  Initiation Interval  | Trip |          |
        |                     Loop Name                     |   min   |   max   |  Latency |  achieved |   target  | Count| Pipelined|
        +---------------------------------------------------+---------+---------+----------+-----------+-----------+------+----------+
        |- loop_for_3_channel_pad_1_loop_for_channel_pad_1  |     1297|     1297|         3|          1|          1|  1296|       yes|
        +---------------------------------------------------+---------+---------+----------+-----------+-----------+------+----------+

============================================================
+ Verbose Summary: Synthesis Manager
============================================================
InlineROM: 1
ExposeGlobal: 0
============================================================
+ Verbose Summary: CDFG Model
============================================================
IsTopModel: 0
ResetActiveHigh: 1
IsCombinational: 0
IsDatapathOnly: 0
HasWiredReturn: 1
HasMFsm: 2
HasVarLatency: 1
IsPipeline: 0
IsRtlPipelined: 0
IsInstanceOverlapped: 0
IsDontTouch: 0
HasImplIP: 0
IsGatedGlobalClock: 0

+ Individual pipeline summary: 
  * Pipeline-0: initiation interval (II) = 1, depth = 3


============================================================
+ Verbose Summary: Schedule
============================================================
* Number of FSM states : 3
* Pipeline : 1
  Pipeline-0 : II = 1, D = 3, States = { 1 2 3 }
* Dataflow Pipeline: 0

* FSM state transitions: 
1 --> 2 
2 --> 3 
3 --> 

* FSM state operations: 

State 1 <SV = 0> <Delay = 2.80>
ST_1 : Operation 6 [1/1] (0.00ns)   --->   "%n = alloca i32 1" [Conv.cpp:33->CNN.cpp:33]   --->   Operation 6 'alloca' 'n' <Predicate = true> <Delay = 0.00>
ST_1 : Operation 7 [1/1] (0.00ns)   --->   "%c = alloca i32 1" [Conv.cpp:31->CNN.cpp:33]   --->   Operation 7 'alloca' 'c' <Predicate = true> <Delay = 0.00>
ST_1 : Operation 8 [1/1] (0.00ns)   --->   "%indvar_flatten6 = alloca i32 1"   --->   Operation 8 'alloca' 'indvar_flatten6' <Predicate = true> <Delay = 0.00>
ST_1 : Operation 9 [1/1] (0.42ns)   --->   "%store_ln0 = store i11 0, i11 %indvar_flatten6"   --->   Operation 9 'store' 'store_ln0' <Predicate = true> <Delay = 0.42>
ST_1 : Operation 10 [1/1] (0.42ns)   --->   "%store_ln31 = store i3 0, i3 %c" [Conv.cpp:31->CNN.cpp:33]   --->   Operation 10 'store' 'store_ln31' <Predicate = true> <Delay = 0.42>
ST_1 : Operation 11 [1/1] (0.42ns)   --->   "%store_ln33 = store i9 0, i9 %n" [Conv.cpp:33->CNN.cpp:33]   --->   Operation 11 'store' 'store_ln33' <Predicate = true> <Delay = 0.42>
ST_1 : Operation 12 [1/1] (0.00ns)   --->   "%br_ln0 = br void %for.body4.i9"   --->   Operation 12 'br' 'br_ln0' <Predicate = true> <Delay = 0.00>
ST_1 : Operation 13 [1/1] (0.00ns)   --->   "%indvar_flatten6_load = load i11 %indvar_flatten6" [Conv.cpp:31->CNN.cpp:33]   --->   Operation 13 'load' 'indvar_flatten6_load' <Predicate = true> <Delay = 0.00>
ST_1 : Operation 14 [1/1] (0.79ns)   --->   "%icmp_ln31 = icmp_eq  i11 %indvar_flatten6_load, i11 1296" [Conv.cpp:31->CNN.cpp:33]   --->   Operation 14 'icmp' 'icmp_ln31' <Predicate = true> <Delay = 0.79> <CoreInst = "Cmp">   --->   Core 9 'Cmp' <Latency = 0> <II = 1> <Delay = 0.79> <FuncUnit> <Opcode : 'icmp'> <InPorts = 2> <OutPorts = 1>
ST_1 : Operation 15 [1/1] (0.79ns)   --->   "%add_ln31 = add i11 %indvar_flatten6_load, i11 1" [Conv.cpp:31->CNN.cpp:33]   --->   Operation 15 'add' 'add_ln31' <Predicate = true> <Delay = 0.79> <CoreInst = "Adder">   --->   Core 1 'Adder' <Latency = 0> <II = 1> <Delay = 0.79> <FuncUnit> <Opcode : 'add' 'sub'> <InPorts = 2> <OutPorts = 1>
ST_1 : Operation 16 [1/1] (0.00ns)   --->   "%br_ln31 = br i1 %icmp_ln31, void %for.inc15.i, void %for.body4.i22.preheader.exitStub" [Conv.cpp:31->CNN.cpp:33]   --->   Operation 16 'br' 'br_ln31' <Predicate = true> <Delay = 0.00>
ST_1 : Operation 17 [1/1] (0.00ns)   --->   "%n_load = load i9 %n" [Conv.cpp:33->CNN.cpp:33]   --->   Operation 17 'load' 'n_load' <Predicate = (!icmp_ln31)> <Delay = 0.00>
ST_1 : Operation 18 [1/1] (0.77ns)   --->   "%icmp_ln33 = icmp_eq  i9 %n_load, i9 324" [Conv.cpp:33->CNN.cpp:33]   --->   Operation 18 'icmp' 'icmp_ln33' <Predicate = (!icmp_ln31)> <Delay = 0.77> <CoreInst = "Cmp">   --->   Core 9 'Cmp' <Latency = 0> <II = 1> <Delay = 0.77> <FuncUnit> <Opcode : 'icmp'> <InPorts = 2> <OutPorts = 1>
ST_1 : Operation 19 [1/1] (0.39ns)   --->   "%select_ln31 = select i1 %icmp_ln33, i9 0, i9 %n_load" [Conv.cpp:31->CNN.cpp:33]   --->   Operation 19 'select' 'select_ln31' <Predicate = (!icmp_ln31)> <Delay = 0.39> <CoreInst = "Sel">   --->   Core 73 'Sel' <Latency = 0> <II = 1> <Delay = 0.39> <FuncUnit> <Opcode : 'select'> <InPorts = 3> <OutPorts = 1>
ST_1 : Operation 20 [1/1] (0.00ns)   --->   "%tmp = partselect i8 @_ssdm_op_PartSelect.i8.i9.i32.i32, i9 %select_ln31, i32 1, i32 8" [Conv.cpp:34->CNN.cpp:33]   --->   Operation 20 'partselect' 'tmp' <Predicate = (!icmp_ln31)> <Delay = 0.00>
ST_1 : Operation 21 [1/1] (0.76ns)   --->   "%icmp_ln34 = icmp_eq  i8 %tmp, i8 0" [Conv.cpp:34->CNN.cpp:33]   --->   Operation 21 'icmp' 'icmp_ln34' <Predicate = (!icmp_ln31)> <Delay = 0.76> <CoreInst = "Cmp">   --->   Core 9 'Cmp' <Latency = 0> <II = 1> <Delay = 0.76> <FuncUnit> <Opcode : 'icmp'> <InPorts = 2> <OutPorts = 1>
ST_1 : Operation 22 [1/1] (0.77ns)   --->   "%add_ln33 = add i9 %select_ln31, i9 1" [Conv.cpp:33->CNN.cpp:33]   --->   Operation 22 'add' 'add_ln33' <Predicate = (!icmp_ln31)> <Delay = 0.77> <CoreInst = "Adder">   --->   Core 1 'Adder' <Latency = 0> <II = 1> <Delay = 0.77> <FuncUnit> <Opcode : 'add' 'sub'> <InPorts = 2> <OutPorts = 1>
ST_1 : Operation 23 [1/1] (0.42ns)   --->   "%store_ln31 = store i11 %add_ln31, i11 %indvar_flatten6" [Conv.cpp:31->CNN.cpp:33]   --->   Operation 23 'store' 'store_ln31' <Predicate = (!icmp_ln31)> <Delay = 0.42>
ST_1 : Operation 24 [1/1] (0.42ns)   --->   "%store_ln33 = store i9 %add_ln33, i9 %n" [Conv.cpp:33->CNN.cpp:33]   --->   Operation 24 'store' 'store_ln33' <Predicate = (!icmp_ln31)> <Delay = 0.42>

State 2 <SV = 1> <Delay = 2.99>
ST_2 : Operation 25 [1/1] (0.00ns)   --->   "%c_load = load i3 %c" [Conv.cpp:31->CNN.cpp:33]   --->   Operation 25 'load' 'c_load' <Predicate = true> <Delay = 0.00>
ST_2 : Operation 26 [1/1] (0.67ns)   --->   "%add_ln31_1 = add i3 %c_load, i3 1" [Conv.cpp:31->CNN.cpp:33]   --->   Operation 26 'add' 'add_ln31_1' <Predicate = (icmp_ln33)> <Delay = 0.67> <CoreInst = "Adder">   --->   Core 1 'Adder' <Latency = 0> <II = 1> <Delay = 0.67> <FuncUnit> <Opcode : 'add' 'sub'> <InPorts = 2> <OutPorts = 1>
ST_2 : Operation 27 [1/1] (0.20ns)   --->   "%select_ln31_1 = select i1 %icmp_ln33, i3 %add_ln31_1, i3 %c_load" [Conv.cpp:31->CNN.cpp:33]   --->   Operation 27 'select' 'select_ln31_1' <Predicate = true> <Delay = 0.20> <CoreInst = "Sel">   --->   Core 73 'Sel' <Latency = 0> <II = 1> <Delay = 0.20> <FuncUnit> <Opcode : 'select'> <InPorts = 3> <OutPorts = 1>
ST_2 : Operation 28 [1/1] (0.00ns)   --->   "%zext_ln33 = zext i3 %select_ln31_1" [Conv.cpp:33->CNN.cpp:33]   --->   Operation 28 'zext' 'zext_ln33' <Predicate = true> <Delay = 0.00>
ST_2 : Operation 29 [1/1] (0.00ns)   --->   "%empty = trunc i3 %select_ln31_1" [Conv.cpp:31->CNN.cpp:33]   --->   Operation 29 'trunc' 'empty' <Predicate = true> <Delay = 0.00>
ST_2 : Operation 30 [1/1] (2.11ns)   --->   "%mul_ln33 = mul i10 %zext_ln33, i10 324" [Conv.cpp:33->CNN.cpp:33]   --->   Operation 30 'mul' 'mul_ln33' <Predicate = true> <Delay = 2.11> <CoreInst = "Multiplier">   --->   Core 3 'Multiplier' <Latency = 0> <II = 1> <Delay = 2.11> <FuncUnit> <Opcode : 'mul'> <InPorts = 2> <OutPorts = 1>
ST_2 : Operation 31 [1/1] (0.00ns)   --->   "%zext_ln33_3 = zext i9 %select_ln31" [Conv.cpp:33->CNN.cpp:33]   --->   Operation 31 'zext' 'zext_ln33_3' <Predicate = true> <Delay = 0.00>
ST_2 : Operation 32 [1/1] (0.00ns)   --->   "%tmp1 = bitconcatenate i10 @_ssdm_op_BitConcatenate.i10.i2.i2.i6, i2 %empty, i2 %empty, i6 0" [Conv.cpp:34->CNN.cpp:33]   --->   Operation 32 'bitconcatenate' 'tmp1' <Predicate = true> <Delay = 0.00>
ST_2 : Operation 33 [1/1] (0.00ns)   --->   "%zext_ln34_1 = zext i10 %tmp1" [Conv.cpp:34->CNN.cpp:33]   --->   Operation 33 'zext' 'zext_ln34_1' <Predicate = true> <Delay = 0.00>
ST_2 : Operation 34 [1/1] (0.77ns)   --->   "%add_ln34_1 = add i10 %zext_ln33_3, i10 1022" [Conv.cpp:34->CNN.cpp:33]   --->   Operation 34 'add' 'add_ln34_1' <Predicate = true> <Delay = 0.77> <CoreInst = "Adder">   --->   Core 1 'Adder' <Latency = 0> <II = 1> <Delay = 0.77> <FuncUnit> <Opcode : 'add' 'sub'> <InPorts = 2> <OutPorts = 1>
ST_2 : Operation 35 [1/1] (0.00ns)   --->   "%sext_ln34 = sext i10 %add_ln34_1" [Conv.cpp:34->CNN.cpp:33]   --->   Operation 35 'sext' 'sext_ln34' <Predicate = true> <Delay = 0.00>
ST_2 : Operation 36 [1/1] (0.78ns)   --->   "%add_ln34_2 = add i11 %sext_ln34, i11 %zext_ln34_1" [Conv.cpp:34->CNN.cpp:33]   --->   Operation 36 'add' 'add_ln34_2' <Predicate = true> <Delay = 0.78> <CoreInst = "Adder">   --->   Core 1 'Adder' <Latency = 0> <II = 1> <Delay = 0.78> <FuncUnit> <Opcode : 'add' 'sub'> <InPorts = 2> <OutPorts = 1>
ST_2 : Operation 37 [1/1] (0.00ns)   --->   "%zext_ln34_2 = zext i11 %add_ln34_2" [Conv.cpp:34->CNN.cpp:33]   --->   Operation 37 'zext' 'zext_ln34_2' <Predicate = true> <Delay = 0.00>
ST_2 : Operation 38 [1/1] (0.00ns)   --->   "%OutConv0_addr = getelementptr i16 %OutConv0, i64 0, i64 %zext_ln34_2" [Conv.cpp:34->CNN.cpp:33]   --->   Operation 38 'getelementptr' 'OutConv0_addr' <Predicate = true> <Delay = 0.00>
ST_2 : Operation 39 [2/2] (1.23ns)   --->   "%OutConv0_load = load i11 %OutConv0_addr" [Conv.cpp:34->CNN.cpp:33]   --->   Operation 39 'load' 'OutConv0_load' <Predicate = true> <Delay = 1.23> <CoreInst = "RAM">   --->   Core 83 'RAM' <Latency = 1> <II = 1> <Delay = 1.23> <Storage> <Opcode : 'load' 'store'> <Ports = 2> <Width = 16> <Depth = 1280> <RAM>
ST_2 : Operation 40 [1/1] (0.42ns)   --->   "%store_ln31 = store i3 %select_ln31_1, i3 %c" [Conv.cpp:31->CNN.cpp:33]   --->   Operation 40 'store' 'store_ln31' <Predicate = true> <Delay = 0.42>
ST_2 : Operation 55 [1/1] (0.00ns)   --->   "%ret_ln0 = ret"   --->   Operation 55 'ret' 'ret_ln0' <Predicate = (icmp_ln31)> <Delay = 0.00>

State 3 <SV = 2> <Delay = 2.83>
ST_3 : Operation 41 [1/1] (0.00ns)   --->   "%specloopname_ln0 = specloopname void @_ssdm_op_SpecLoopName, void @loop_for_3_channel_pad_1_loop_for_channel_pad_1_str"   --->   Operation 41 'specloopname' 'specloopname_ln0' <Predicate = true> <Delay = 0.00>
ST_3 : Operation 42 [1/1] (0.00ns)   --->   "%speclooptripcount_ln0 = speclooptripcount void @_ssdm_op_SpecLoopTripCount, i64 1296, i64 1296, i64 1296"   --->   Operation 42 'speclooptripcount' 'speclooptripcount_ln0' <Predicate = true> <Delay = 0.00>
ST_3 : Operation 43 [1/1] (0.00ns)   --->   "%zext_ln33_1 = zext i10 %mul_ln33" [Conv.cpp:33->CNN.cpp:33]   --->   Operation 43 'zext' 'zext_ln33_1' <Predicate = true> <Delay = 0.00>
ST_3 : Operation 44 [1/1] (0.00ns)   --->   "%zext_ln33_2 = zext i9 %select_ln31" [Conv.cpp:33->CNN.cpp:33]   --->   Operation 44 'zext' 'zext_ln33_2' <Predicate = true> <Delay = 0.00>
ST_3 : Operation 45 [1/1] (0.00ns)   --->   "%specpipeline_ln33 = specpipeline void @_ssdm_op_SpecPipeline, i32 4294967295, i32 0, i32 0, i32 0, void @empty_7" [Conv.cpp:33->CNN.cpp:33]   --->   Operation 45 'specpipeline' 'specpipeline_ln33' <Predicate = true> <Delay = 0.00>
ST_3 : Operation 46 [1/1] (0.77ns)   --->   "%icmp_ln34_1 = icmp_ugt  i9 %select_ln31, i9 321" [Conv.cpp:34->CNN.cpp:33]   --->   Operation 46 'icmp' 'icmp_ln34_1' <Predicate = true> <Delay = 0.77> <CoreInst = "Cmp">   --->   Core 9 'Cmp' <Latency = 0> <II = 1> <Delay = 0.77> <FuncUnit> <Opcode : 'icmp'> <InPorts = 2> <OutPorts = 1>
ST_3 : Operation 47 [1/1] (0.00ns) (grouped into LUT with out node select_ln34)   --->   "%or_ln34 = or i1 %icmp_ln34, i1 %icmp_ln34_1" [Conv.cpp:34->CNN.cpp:33]   --->   Operation 47 'or' 'or_ln34' <Predicate = true> <Delay = 0.00> <CoreInst = "LogicGate">   --->   Core 74 'LogicGate' <Latency = 0> <II = 1> <Delay = 0.28> <FuncUnit> <Opcode : 'and' 'or' 'xor'> <InPorts = 2> <OutPorts = 1>
ST_3 : Operation 48 [1/1] (0.78ns)   --->   "%add_ln34 = add i11 %zext_ln33_2, i11 %zext_ln33_1" [Conv.cpp:34->CNN.cpp:33]   --->   Operation 48 'add' 'add_ln34' <Predicate = true> <Delay = 0.78> <CoreInst = "Adder">   --->   Core 1 'Adder' <Latency = 0> <II = 1> <Delay = 0.78> <FuncUnit> <Opcode : 'add' 'sub'> <InPorts = 2> <OutPorts = 1>
ST_3 : Operation 49 [1/1] (0.00ns)   --->   "%zext_ln34 = zext i11 %add_ln34" [Conv.cpp:34->CNN.cpp:33]   --->   Operation 49 'zext' 'zext_ln34' <Predicate = true> <Delay = 0.00>
ST_3 : Operation 50 [1/1] (0.00ns)   --->   "%OutPadConv1_addr = getelementptr i16 %OutPadConv1, i64 0, i64 %zext_ln34" [Conv.cpp:34->CNN.cpp:33]   --->   Operation 50 'getelementptr' 'OutPadConv1_addr' <Predicate = true> <Delay = 0.00>
ST_3 : Operation 51 [1/2] (1.23ns)   --->   "%OutConv0_load = load i11 %OutConv0_addr" [Conv.cpp:34->CNN.cpp:33]   --->   Operation 51 'load' 'OutConv0_load' <Predicate = true> <Delay = 1.23> <CoreInst = "RAM">   --->   Core 83 'RAM' <Latency = 1> <II = 1> <Delay = 1.23> <Storage> <Opcode : 'load' 'store'> <Ports = 2> <Width = 16> <Depth = 1280> <RAM>
ST_3 : Operation 52 [1/1] (0.35ns) (out node of the LUT)   --->   "%select_ln34 = select i1 %or_ln34, i16 0, i16 %OutConv0_load" [Conv.cpp:34->CNN.cpp:33]   --->   Operation 52 'select' 'select_ln34' <Predicate = true> <Delay = 0.35> <CoreInst = "Sel">   --->   Core 73 'Sel' <Latency = 0> <II = 1> <Delay = 0.35> <FuncUnit> <Opcode : 'select'> <InPorts = 3> <OutPorts = 1>
ST_3 : Operation 53 [1/1] (1.23ns)   --->   "%store_ln34 = store i16 %select_ln34, i11 %OutPadConv1_addr" [Conv.cpp:34->CNN.cpp:33]   --->   Operation 53 'store' 'store_ln34' <Predicate = true> <Delay = 1.23> <CoreInst = "RAM_1WnR">   --->   Core 84 'RAM_1WnR' <Latency = 1> <II = 1> <Delay = 1.23> <Storage> <Opcode : 'load' 'store'> <Ports = 17> <Width = 16> <Depth = 1296> <RAM>
ST_3 : Operation 54 [1/1] (0.00ns)   --->   "%br_ln33 = br void %for.body4.i9" [Conv.cpp:33->CNN.cpp:33]   --->   Operation 54 'br' 'br_ln33' <Predicate = true> <Delay = 0.00>


============================================================
+ Verbose Summary: Timing violations
============================================================
Target clock period: 5.000ns, clock uncertainty: 1.350ns.

 <State 1>: 2.804ns
The critical path consists of the following:
	'store' operation 0 bit ('store_ln33', Conv.cpp:33->CNN.cpp:33) of constant 0 on local variable 'n', Conv.cpp:33->CNN.cpp:33 [8]  (0.427 ns)
	'load' operation 9 bit ('n_load', Conv.cpp:33->CNN.cpp:33) on local variable 'n', Conv.cpp:33->CNN.cpp:33 [16]  (0.000 ns)
	'icmp' operation 1 bit ('icmp_ln33', Conv.cpp:33->CNN.cpp:33) [20]  (0.776 ns)
	'select' operation 9 bit ('select_ln31', Conv.cpp:31->CNN.cpp:33) [21]  (0.398 ns)
	'add' operation 9 bit ('add_ln33', Conv.cpp:33->CNN.cpp:33) [48]  (0.776 ns)
	'store' operation 0 bit ('store_ln33', Conv.cpp:33->CNN.cpp:33) of variable 'add_ln33', Conv.cpp:33->CNN.cpp:33 on local variable 'n', Conv.cpp:33->CNN.cpp:33 [51]  (0.427 ns)

 <State 2>: 2.990ns
The critical path consists of the following:
	'load' operation 3 bit ('c_load', Conv.cpp:31->CNN.cpp:33) on local variable 'c', Conv.cpp:31->CNN.cpp:33 [17]  (0.000 ns)
	'add' operation 3 bit ('add_ln31_1', Conv.cpp:31->CNN.cpp:33) [22]  (0.673 ns)
	'select' operation 3 bit ('select_ln31_1', Conv.cpp:31->CNN.cpp:33) [23]  (0.208 ns)
	'mul' operation 10 bit ('mul_ln33', Conv.cpp:33->CNN.cpp:33) [26]  (2.110 ns)

 <State 3>: 2.831ns
The critical path consists of the following:
	'load' operation 16 bit ('OutConv0_load', Conv.cpp:34->CNN.cpp:33) on array 'OutConv0' [45]  (1.237 ns)
	'select' operation 16 bit ('select_ln34', Conv.cpp:34->CNN.cpp:33) [46]  (0.357 ns)
	'store' operation 0 bit ('store_ln34', Conv.cpp:34->CNN.cpp:33) of variable 'select_ln34', Conv.cpp:34->CNN.cpp:33 on array 'OutPadConv1' [47]  (1.237 ns)


============================================================
+ Verbose Summary: Binding
============================================================
N/A
* FSMD analyzer results:
  - Output states:
 - Input state : 
  - Chain level:
	State 1
	State 2
	State 3


============================================================
+ Verbose Summary: Datapath Resource usage 
============================================================
N/A
