

================================================================
== Vitis HLS Report for 'CNN_Pipeline_VITIS_LOOP_197_1_loop_for_ap_7_loop_for_fc_7_loop_for_fa_7'
================================================================
* Date:           Fri Jun  7 16:44:05 2024

* Version:        2023.2 (Build 4023990 on Oct 11 2023)
* Project:        project2
* Solution:       solution2 (Vivado IP Flow Target)
* Product family: zynquplus
* Target device:  xck26-sfvc784-2LV-c


================================================================
== Performance Estimates
================================================================
+ Timing: 
    * Summary: 
    +--------+---------+----------+------------+
    |  Clock |  Target | Estimated| Uncertainty|
    +--------+---------+----------+------------+
    |ap_clk  |  5.00 ns|  3.581 ns|     1.35 ns|
    +--------+---------+----------+------------+

+ Latency: 
    * Summary: 
    +---------+---------+----------+----------+--------+--------+---------+
    |  Latency (cycles) |  Latency (absolute) |     Interval    | Pipeline|
    |   min   |   max   |    min   |    max   |   min  |   max  |   Type  |
    +---------+---------+----------+----------+--------+--------+---------+
    |   204809|   204809|  1.024 ms|  1.024 ms|  204809|  204809|       no|
    +---------+---------+----------+----------+--------+--------+---------+

    + Detail: 
        * Instance: 
        N/A

        * Loop: 
        +--------------------------------------------------------------+---------+---------+----------+-----------+-----------+--------+----------+
        |                                                              |  Latency (cycles) | Iteration|  Initiation Interval  |  Trip  |          |
        |                           Loop Name                          |   min   |   max   |  Latency |  achieved |   target  |  Count | Pipelined|
        +--------------------------------------------------------------+---------+---------+----------+-----------+-----------+--------+----------+
        |- VITIS_LOOP_197_1_loop_for_ap_7_loop_for_fc_7_loop_for_fa_7  |   204807|   204807|         9|          1|          1|  204800|       yes|
        +--------------------------------------------------------------+---------+---------+----------+-----------+-----------+--------+----------+

============================================================
+ Verbose Summary: Synthesis Manager
============================================================
InlineROM: 1
ExposeGlobal: 0
============================================================
+ Verbose Summary: CDFG Model
============================================================
IsTopModel: 0
ResetActiveHigh: 1
IsCombinational: 0
IsDatapathOnly: 0
HasWiredReturn: 1
HasMFsm: 2
HasVarLatency: 1
IsPipeline: 0
IsRtlPipelined: 0
IsInstanceOverlapped: 0
IsDontTouch: 0
HasImplIP: 0
IsGatedGlobalClock: 0

+ Individual pipeline summary: 
  * Pipeline-0: initiation interval (II) = 1, depth = 10


============================================================
+ Verbose Summary: Schedule
============================================================
* Number of FSM states : 10
* Pipeline : 1
  Pipeline-0 : II = 1, D = 10, States = { 1 2 3 4 5 6 7 8 9 10 }
* Dataflow Pipeline: 0

* FSM state transitions: 
1 --> 2 
2 --> 3 
3 --> 4 
4 --> 5 
5 --> 6 
6 --> 7 
7 --> 8 
8 --> 9 
9 --> 10 
10 --> 

* FSM state operations: 

State 1 <SV = 0> <Delay = 0.42>
ST_1 : Operation 12 [1/1] (0.00ns)   --->   "%s = alloca i32 1" [Conv.cpp:200->CNN.cpp:49]   --->   Operation 12 'alloca' 's' <Predicate = true> <Delay = 0.00>
ST_1 : Operation 13 [1/1] (0.00ns)   --->   "%j = alloca i32 1" [Conv.cpp:204->CNN.cpp:49]   --->   Operation 13 'alloca' 'j' <Predicate = true> <Delay = 0.00>
ST_1 : Operation 14 [1/1] (0.00ns)   --->   "%k = alloca i32 1" [Conv.cpp:202->CNN.cpp:49]   --->   Operation 14 'alloca' 'k' <Predicate = true> <Delay = 0.00>
ST_1 : Operation 15 [1/1] (0.00ns)   --->   "%indvar_flatten196 = alloca i32 1"   --->   Operation 15 'alloca' 'indvar_flatten196' <Predicate = true> <Delay = 0.00>
ST_1 : Operation 16 [1/1] (0.00ns)   --->   "%y = alloca i32 1" [Conv.cpp:199->CNN.cpp:49]   --->   Operation 16 'alloca' 'y' <Predicate = true> <Delay = 0.00>
ST_1 : Operation 17 [1/1] (0.00ns)   --->   "%indvar_flatten211 = alloca i32 1"   --->   Operation 17 'alloca' 'indvar_flatten211' <Predicate = true> <Delay = 0.00>
ST_1 : Operation 18 [1/1] (0.00ns)   --->   "%n = alloca i32 1" [Conv.cpp:197->CNN.cpp:49]   --->   Operation 18 'alloca' 'n' <Predicate = true> <Delay = 0.00>
ST_1 : Operation 19 [1/1] (0.00ns)   --->   "%indvar_flatten235 = alloca i32 1"   --->   Operation 19 'alloca' 'indvar_flatten235' <Predicate = true> <Delay = 0.00>
ST_1 : Operation 20 [1/1] (0.00ns)   --->   "%specinterface_ln0 = specinterface void @_ssdm_op_SpecInterface, i16 %Weights, void @empty_5, i32 0, i32 0, void @empty_7, i32 4294967295, i32 0, void @empty_7, void @empty_7, void @empty_7, i32 0, i32 0, i32 0, i32 0, void @empty_7, void @empty_7, i32 4294967295, i32 0"   --->   Operation 20 'specinterface' 'specinterface_ln0' <Predicate = true> <Delay = 0.00>
ST_1 : Operation 21 [1/1] (0.42ns)   --->   "%store_ln0 = store i18 0, i18 %indvar_flatten235"   --->   Operation 21 'store' 'store_ln0' <Predicate = true> <Delay = 0.42>
ST_1 : Operation 22 [1/1] (0.42ns)   --->   "%store_ln197 = store i6 0, i6 %n" [Conv.cpp:197->CNN.cpp:49]   --->   Operation 22 'store' 'store_ln197' <Predicate = true> <Delay = 0.42>
ST_1 : Operation 23 [1/1] (0.42ns)   --->   "%store_ln0 = store i14 0, i14 %indvar_flatten211"   --->   Operation 23 'store' 'store_ln0' <Predicate = true> <Delay = 0.42>
ST_1 : Operation 24 [1/1] (0.42ns)   --->   "%store_ln199 = store i6 0, i6 %y" [Conv.cpp:199->CNN.cpp:49]   --->   Operation 24 'store' 'store_ln199' <Predicate = true> <Delay = 0.42>
ST_1 : Operation 25 [1/1] (0.42ns)   --->   "%store_ln0 = store i9 0, i9 %indvar_flatten196"   --->   Operation 25 'store' 'store_ln0' <Predicate = true> <Delay = 0.42>
ST_1 : Operation 26 [1/1] (0.42ns)   --->   "%store_ln202 = store i6 0, i6 %k" [Conv.cpp:202->CNN.cpp:49]   --->   Operation 26 'store' 'store_ln202' <Predicate = true> <Delay = 0.42>
ST_1 : Operation 27 [1/1] (0.42ns)   --->   "%store_ln204 = store i3 0, i3 %j" [Conv.cpp:204->CNN.cpp:49]   --->   Operation 27 'store' 'store_ln204' <Predicate = true> <Delay = 0.42>
ST_1 : Operation 28 [1/1] (0.42ns)   --->   "%store_ln200 = store i16 0, i16 %s" [Conv.cpp:200->CNN.cpp:49]   --->   Operation 28 'store' 'store_ln200' <Predicate = true> <Delay = 0.42>
ST_1 : Operation 29 [1/1] (0.00ns)   --->   "%br_ln0 = br void %for.body12.i469"   --->   Operation 29 'br' 'br_ln0' <Predicate = true> <Delay = 0.00>

State 2 <SV = 1> <Delay = 2.51>
ST_2 : Operation 30 [1/1] (0.00ns)   --->   "%indvar_flatten196_load = load i9 %indvar_flatten196" [Conv.cpp:202->CNN.cpp:49]   --->   Operation 30 'load' 'indvar_flatten196_load' <Predicate = true> <Delay = 0.00>
ST_2 : Operation 31 [1/1] (0.00ns)   --->   "%indvar_flatten211_load = load i14 %indvar_flatten211" [Conv.cpp:199->CNN.cpp:49]   --->   Operation 31 'load' 'indvar_flatten211_load' <Predicate = true> <Delay = 0.00>
ST_2 : Operation 32 [1/1] (0.00ns)   --->   "%indvar_flatten235_load = load i18 %indvar_flatten235" [Conv.cpp:197->CNN.cpp:49]   --->   Operation 32 'load' 'indvar_flatten235_load' <Predicate = true> <Delay = 0.00>
ST_2 : Operation 33 [1/1] (0.87ns)   --->   "%icmp_ln197 = icmp_eq  i18 %indvar_flatten235_load, i18 204800" [Conv.cpp:197->CNN.cpp:49]   --->   Operation 33 'icmp' 'icmp_ln197' <Predicate = true> <Delay = 0.87> <CoreInst = "Cmp">   --->   Core 9 'Cmp' <Latency = 0> <II = 1> <Delay = 0.87> <FuncUnit> <Opcode : 'icmp'> <InPorts = 2> <OutPorts = 1>
ST_2 : Operation 34 [1/1] (0.87ns)   --->   "%add_ln197 = add i18 %indvar_flatten235_load, i18 1" [Conv.cpp:197->CNN.cpp:49]   --->   Operation 34 'add' 'add_ln197' <Predicate = true> <Delay = 0.87> <CoreInst = "Adder">   --->   Core 1 'Adder' <Latency = 0> <II = 1> <Delay = 0.87> <FuncUnit> <Opcode : 'add' 'sub'> <InPorts = 2> <OutPorts = 1>
ST_2 : Operation 35 [1/1] (0.00ns)   --->   "%br_ln197 = br i1 %icmp_ln197, void %for.inc45.i493, void %if.end.i.i.i.i496.preheader.exitStub" [Conv.cpp:197->CNN.cpp:49]   --->   Operation 35 'br' 'br_ln197' <Predicate = true> <Delay = 0.00>
ST_2 : Operation 36 [1/1] (0.83ns)   --->   "%icmp_ln199 = icmp_eq  i14 %indvar_flatten211_load, i14 6400" [Conv.cpp:199->CNN.cpp:49]   --->   Operation 36 'icmp' 'icmp_ln199' <Predicate = (!icmp_ln197)> <Delay = 0.83> <CoreInst = "Cmp">   --->   Core 9 'Cmp' <Latency = 0> <II = 1> <Delay = 0.83> <FuncUnit> <Opcode : 'icmp'> <InPorts = 2> <OutPorts = 1>
ST_2 : Operation 37 [1/1] (0.28ns)   --->   "%xor_ln197 = xor i1 %icmp_ln199, i1 1" [Conv.cpp:197->CNN.cpp:49]   --->   Operation 37 'xor' 'xor_ln197' <Predicate = (!icmp_ln197)> <Delay = 0.28> <CoreInst = "LogicGate">   --->   Core 74 'LogicGate' <Latency = 0> <II = 1> <Delay = 0.28> <FuncUnit> <Opcode : 'and' 'or' 'xor'> <InPorts = 2> <OutPorts = 1>
ST_2 : Operation 38 [1/1] (0.77ns)   --->   "%icmp_ln202 = icmp_eq  i9 %indvar_flatten196_load, i9 160" [Conv.cpp:202->CNN.cpp:49]   --->   Operation 38 'icmp' 'icmp_ln202' <Predicate = (!icmp_ln197)> <Delay = 0.77> <CoreInst = "Cmp">   --->   Core 9 'Cmp' <Latency = 0> <II = 1> <Delay = 0.77> <FuncUnit> <Opcode : 'icmp'> <InPorts = 2> <OutPorts = 1>
ST_2 : Operation 39 [1/1] (0.28ns)   --->   "%and_ln197_1 = and i1 %icmp_ln202, i1 %xor_ln197" [Conv.cpp:197->CNN.cpp:49]   --->   Operation 39 'and' 'and_ln197_1' <Predicate = (!icmp_ln197)> <Delay = 0.28> <CoreInst = "LogicGate">   --->   Core 74 'LogicGate' <Latency = 0> <II = 1> <Delay = 0.28> <FuncUnit> <Opcode : 'and' 'or' 'xor'> <InPorts = 2> <OutPorts = 1>
ST_2 : Operation 40 [1/1] (0.28ns)   --->   "%or_ln199 = or i1 %and_ln197_1, i1 %icmp_ln199" [Conv.cpp:199->CNN.cpp:49]   --->   Operation 40 'or' 'or_ln199' <Predicate = (!icmp_ln197)> <Delay = 0.28> <CoreInst = "LogicGate">   --->   Core 74 'LogicGate' <Latency = 0> <II = 1> <Delay = 0.28> <FuncUnit> <Opcode : 'and' 'or' 'xor'> <InPorts = 2> <OutPorts = 1>
ST_2 : Operation 41 [1/1] (0.77ns)   --->   "%add_ln202_1 = add i9 %indvar_flatten196_load, i9 1" [Conv.cpp:202->CNN.cpp:49]   --->   Operation 41 'add' 'add_ln202_1' <Predicate = (!icmp_ln197)> <Delay = 0.77> <CoreInst = "Adder">   --->   Core 1 'Adder' <Latency = 0> <II = 1> <Delay = 0.77> <FuncUnit> <Opcode : 'add' 'sub'> <InPorts = 2> <OutPorts = 1>
ST_2 : Operation 42 [1/1] (0.39ns)   --->   "%select_ln202_1 = select i1 %or_ln199, i9 1, i9 %add_ln202_1" [Conv.cpp:202->CNN.cpp:49]   --->   Operation 42 'select' 'select_ln202_1' <Predicate = (!icmp_ln197)> <Delay = 0.39> <CoreInst = "Sel">   --->   Core 73 'Sel' <Latency = 0> <II = 1> <Delay = 0.39> <FuncUnit> <Opcode : 'select'> <InPorts = 3> <OutPorts = 1>
ST_2 : Operation 43 [1/1] (0.83ns)   --->   "%add_ln199_1 = add i14 %indvar_flatten211_load, i14 1" [Conv.cpp:199->CNN.cpp:49]   --->   Operation 43 'add' 'add_ln199_1' <Predicate = (!icmp_ln197)> <Delay = 0.83> <CoreInst = "Adder">   --->   Core 1 'Adder' <Latency = 0> <II = 1> <Delay = 0.83> <FuncUnit> <Opcode : 'add' 'sub'> <InPorts = 2> <OutPorts = 1>
ST_2 : Operation 44 [1/1] (0.23ns)   --->   "%select_ln199_3 = select i1 %icmp_ln199, i14 1, i14 %add_ln199_1" [Conv.cpp:199->CNN.cpp:49]   --->   Operation 44 'select' 'select_ln199_3' <Predicate = (!icmp_ln197)> <Delay = 0.23> <CoreInst = "Sel">   --->   Core 73 'Sel' <Latency = 0> <II = 1> <Delay = 0.23> <FuncUnit> <Opcode : 'select'> <InPorts = 3> <OutPorts = 1>
ST_2 : Operation 45 [1/1] (0.42ns)   --->   "%store_ln197 = store i18 %add_ln197, i18 %indvar_flatten235" [Conv.cpp:197->CNN.cpp:49]   --->   Operation 45 'store' 'store_ln197' <Predicate = (!icmp_ln197)> <Delay = 0.42>
ST_2 : Operation 46 [1/1] (0.42ns)   --->   "%store_ln199 = store i14 %select_ln199_3, i14 %indvar_flatten211" [Conv.cpp:199->CNN.cpp:49]   --->   Operation 46 'store' 'store_ln199' <Predicate = (!icmp_ln197)> <Delay = 0.42>
ST_2 : Operation 47 [1/1] (0.42ns)   --->   "%store_ln202 = store i9 %select_ln202_1, i9 %indvar_flatten196" [Conv.cpp:202->CNN.cpp:49]   --->   Operation 47 'store' 'store_ln202' <Predicate = (!icmp_ln197)> <Delay = 0.42>

State 3 <SV = 2> <Delay = 2.59>
ST_3 : Operation 48 [1/1] (0.00ns)   --->   "%j_load = load i3 %j" [Conv.cpp:200->CNN.cpp:49]   --->   Operation 48 'load' 'j_load' <Predicate = true> <Delay = 0.00>
ST_3 : Operation 49 [1/1] (0.00ns)   --->   "%k_load = load i6 %k" [Conv.cpp:199->CNN.cpp:49]   --->   Operation 49 'load' 'k_load' <Predicate = (!or_ln199)> <Delay = 0.00>
ST_3 : Operation 50 [1/1] (0.67ns)   --->   "%icmp_ln204 = icmp_eq  i3 %j_load, i3 5" [Conv.cpp:204->CNN.cpp:49]   --->   Operation 50 'icmp' 'icmp_ln204' <Predicate = true> <Delay = 0.67> <CoreInst = "Cmp">   --->   Core 9 'Cmp' <Latency = 0> <II = 1> <Delay = 0.67> <FuncUnit> <Opcode : 'icmp'> <InPorts = 2> <OutPorts = 1>
ST_3 : Operation 51 [1/1] (0.38ns)   --->   "%select_ln199 = select i1 %or_ln199, i6 0, i6 %k_load" [Conv.cpp:199->CNN.cpp:49]   --->   Operation 51 'select' 'select_ln199' <Predicate = true> <Delay = 0.38> <CoreInst = "Sel">   --->   Core 73 'Sel' <Latency = 0> <II = 1> <Delay = 0.38> <FuncUnit> <Opcode : 'select'> <InPorts = 3> <OutPorts = 1>
ST_3 : Operation 52 [1/1] (0.00ns) (grouped into LUT with out node and_ln199)   --->   "%xor_ln199 = xor i1 %icmp_ln202, i1 1" [Conv.cpp:199->CNN.cpp:49]   --->   Operation 52 'xor' 'xor_ln199' <Predicate = true> <Delay = 0.00> <CoreInst = "LogicGate">   --->   Core 74 'LogicGate' <Latency = 0> <II = 1> <Delay = 0.28> <FuncUnit> <Opcode : 'and' 'or' 'xor'> <InPorts = 2> <OutPorts = 1>
ST_3 : Operation 53 [1/1] (0.00ns) (grouped into LUT with out node and_ln199)   --->   "%or_ln199_1 = or i1 %icmp_ln199, i1 %xor_ln199" [Conv.cpp:199->CNN.cpp:49]   --->   Operation 53 'or' 'or_ln199_1' <Predicate = true> <Delay = 0.00> <CoreInst = "LogicGate">   --->   Core 74 'LogicGate' <Latency = 0> <II = 1> <Delay = 0.28> <FuncUnit> <Opcode : 'and' 'or' 'xor'> <InPorts = 2> <OutPorts = 1>
ST_3 : Operation 54 [1/1] (0.00ns) (grouped into LUT with out node and_ln199)   --->   "%and_ln197 = and i1 %xor_ln197, i1 %icmp_ln204" [Conv.cpp:197->CNN.cpp:49]   --->   Operation 54 'and' 'and_ln197' <Predicate = true> <Delay = 0.00> <CoreInst = "LogicGate">   --->   Core 74 'LogicGate' <Latency = 0> <II = 1> <Delay = 0.28> <FuncUnit> <Opcode : 'and' 'or' 'xor'> <InPorts = 2> <OutPorts = 1>
ST_3 : Operation 55 [1/1] (0.28ns) (out node of the LUT)   --->   "%and_ln199 = and i1 %and_ln197, i1 %or_ln199_1" [Conv.cpp:199->CNN.cpp:49]   --->   Operation 55 'and' 'and_ln199' <Predicate = true> <Delay = 0.28> <CoreInst = "LogicGate">   --->   Core 74 'LogicGate' <Latency = 0> <II = 1> <Delay = 0.28> <FuncUnit> <Opcode : 'and' 'or' 'xor'> <InPorts = 2> <OutPorts = 1>
ST_3 : Operation 56 [1/1] (0.78ns)   --->   "%add_ln202 = add i6 %select_ln199, i6 1" [Conv.cpp:202->CNN.cpp:49]   --->   Operation 56 'add' 'add_ln202' <Predicate = true> <Delay = 0.78> <CoreInst = "Adder">   --->   Core 1 'Adder' <Latency = 0> <II = 1> <Delay = 0.78> <FuncUnit> <Opcode : 'add' 'sub'> <InPorts = 2> <OutPorts = 1>
ST_3 : Operation 57 [1/1] (0.00ns) (grouped into LUT with out node select_ln200)   --->   "%or_ln200 = or i1 %and_ln199, i1 %and_ln197_1" [Conv.cpp:200->CNN.cpp:49]   --->   Operation 57 'or' 'or_ln200' <Predicate = true> <Delay = 0.00> <CoreInst = "LogicGate">   --->   Core 74 'LogicGate' <Latency = 0> <II = 1> <Delay = 0.28> <FuncUnit> <Opcode : 'and' 'or' 'xor'> <InPorts = 2> <OutPorts = 1>
ST_3 : Operation 58 [1/1] (0.00ns) (grouped into LUT with out node select_ln200)   --->   "%or_ln200_1 = or i1 %or_ln200, i1 %icmp_ln199" [Conv.cpp:200->CNN.cpp:49]   --->   Operation 58 'or' 'or_ln200_1' <Predicate = true> <Delay = 0.00> <CoreInst = "LogicGate">   --->   Core 74 'LogicGate' <Latency = 0> <II = 1> <Delay = 0.28> <FuncUnit> <Opcode : 'and' 'or' 'xor'> <InPorts = 2> <OutPorts = 1>
ST_3 : Operation 59 [1/1] (0.28ns) (out node of the LUT)   --->   "%select_ln200 = select i1 %or_ln200_1, i3 0, i3 %j_load" [Conv.cpp:200->CNN.cpp:49]   --->   Operation 59 'select' 'select_ln200' <Predicate = true> <Delay = 0.28> <CoreInst = "Sel">   --->   Core 73 'Sel' <Latency = 0> <II = 1> <Delay = 0.20> <FuncUnit> <Opcode : 'select'> <InPorts = 3> <OutPorts = 1>
ST_3 : Operation 60 [1/1] (0.38ns)   --->   "%select_ln202 = select i1 %and_ln199, i6 %add_ln202, i6 %select_ln199" [Conv.cpp:202->CNN.cpp:49]   --->   Operation 60 'select' 'select_ln202' <Predicate = true> <Delay = 0.38> <CoreInst = "Sel">   --->   Core 73 'Sel' <Latency = 0> <II = 1> <Delay = 0.38> <FuncUnit> <Opcode : 'select'> <InPorts = 3> <OutPorts = 1>
ST_3 : Operation 61 [1/1] (0.00ns)   --->   "%zext_ln204 = zext i6 %select_ln202" [Conv.cpp:204->CNN.cpp:49]   --->   Operation 61 'zext' 'zext_ln204' <Predicate = true> <Delay = 0.00>
ST_3 : Operation 62 [1/1] (0.00ns)   --->   "%empty_157 = trunc i6 %select_ln202" [Conv.cpp:202->CNN.cpp:49]   --->   Operation 62 'trunc' 'empty_157' <Predicate = true> <Delay = 0.00>
ST_3 : Operation 63 [3/3] (0.99ns) (grouped into DSP with root node add_ln205_1)   --->   "%mul_ln204 = mul i11 %zext_ln204, i11 44" [Conv.cpp:204->CNN.cpp:49]   --->   Operation 63 'mul' 'mul_ln204' <Predicate = true> <Delay = 0.99> <CoreInst = "DSP48">   --->   Core 127 'DSP48' <Latency = 3> <II = 1> <Delay = 0.53> <IPBlock> <Opcode : '' 'add' 'sub' 'mul' 'select'> <InPorts = 0> <OutPorts = 1> <Sync> <CReg>
ST_3 : Operation 64 [1/1] (0.67ns)   --->   "%add_ln204 = add i3 %select_ln200, i3 1" [Conv.cpp:204->CNN.cpp:49]   --->   Operation 64 'add' 'add_ln204' <Predicate = true> <Delay = 0.67> <CoreInst = "Adder">   --->   Core 1 'Adder' <Latency = 0> <II = 1> <Delay = 0.67> <FuncUnit> <Opcode : 'add' 'sub'> <InPorts = 2> <OutPorts = 1>
ST_3 : Operation 65 [1/1] (0.67ns)   --->   "%icmp_ln204_1 = icmp_eq  i3 %add_ln204, i3 5" [Conv.cpp:204->CNN.cpp:49]   --->   Operation 65 'icmp' 'icmp_ln204_1' <Predicate = true> <Delay = 0.67> <CoreInst = "Cmp">   --->   Core 9 'Cmp' <Latency = 0> <II = 1> <Delay = 0.67> <FuncUnit> <Opcode : 'icmp'> <InPorts = 2> <OutPorts = 1>
ST_3 : Operation 66 [1/1] (0.78ns)   --->   "%icmp_ln202_1 = icmp_eq  i6 %select_ln202, i6 31" [Conv.cpp:202->CNN.cpp:49]   --->   Operation 66 'icmp' 'icmp_ln202_1' <Predicate = true> <Delay = 0.78> <CoreInst = "Cmp">   --->   Core 9 'Cmp' <Latency = 0> <II = 1> <Delay = 0.78> <FuncUnit> <Opcode : 'icmp'> <InPorts = 2> <OutPorts = 1>
ST_3 : Operation 67 [1/1] (0.00ns)   --->   "%br_ln204 = br i1 %icmp_ln204_1, void %new.latch.for.body12.i469.split, void %last.iter.for.body12.i469.split" [Conv.cpp:204->CNN.cpp:49]   --->   Operation 67 'br' 'br_ln204' <Predicate = true> <Delay = 0.00>
ST_3 : Operation 68 [1/1] (0.00ns)   --->   "%br_ln204 = br i1 %icmp_ln202_1, void %new.latch.for.inc23.i472, void %last.iter.for.inc23.i472" [Conv.cpp:204->CNN.cpp:49]   --->   Operation 68 'br' 'br_ln204' <Predicate = (icmp_ln204_1)> <Delay = 0.00>
ST_3 : Operation 69 [1/1] (0.00ns)   --->   "%br_ln204 = br void %new.latch.for.body12.i469.split" [Conv.cpp:204->CNN.cpp:49]   --->   Operation 69 'br' 'br_ln204' <Predicate = (icmp_ln204_1)> <Delay = 0.00>
ST_3 : Operation 70 [1/1] (0.42ns)   --->   "%store_ln202 = store i6 %select_ln202, i6 %k" [Conv.cpp:202->CNN.cpp:49]   --->   Operation 70 'store' 'store_ln202' <Predicate = true> <Delay = 0.42>
ST_3 : Operation 71 [1/1] (0.42ns)   --->   "%store_ln204 = store i3 %add_ln204, i3 %j" [Conv.cpp:204->CNN.cpp:49]   --->   Operation 71 'store' 'store_ln204' <Predicate = true> <Delay = 0.42>

State 4 <SV = 3> <Delay = 0.99>
ST_4 : Operation 72 [2/3] (0.99ns) (grouped into DSP with root node add_ln205_1)   --->   "%mul_ln204 = mul i11 %zext_ln204, i11 44" [Conv.cpp:204->CNN.cpp:49]   --->   Operation 72 'mul' 'mul_ln204' <Predicate = true> <Delay = 0.99> <CoreInst = "DSP48">   --->   Core 127 'DSP48' <Latency = 3> <II = 1> <Delay = 0.53> <IPBlock> <Opcode : '' 'add' 'sub' 'mul' 'select'> <InPorts = 0> <OutPorts = 1> <Sync> <CReg>

State 5 <SV = 4> <Delay = 3.58>
ST_5 : Operation 73 [1/1] (0.00ns)   --->   "%y_load = load i6 %y" [Conv.cpp:197->CNN.cpp:49]   --->   Operation 73 'load' 'y_load' <Predicate = (!icmp_ln199)> <Delay = 0.00>
ST_5 : Operation 74 [1/1] (0.00ns)   --->   "%n_load = load i6 %n" [Conv.cpp:197->CNN.cpp:49]   --->   Operation 74 'load' 'n_load' <Predicate = true> <Delay = 0.00>
ST_5 : Operation 75 [1/1] (0.38ns)   --->   "%select_ln197 = select i1 %icmp_ln199, i6 0, i6 %y_load" [Conv.cpp:197->CNN.cpp:49]   --->   Operation 75 'select' 'select_ln197' <Predicate = true> <Delay = 0.38> <CoreInst = "Sel">   --->   Core 73 'Sel' <Latency = 0> <II = 1> <Delay = 0.38> <FuncUnit> <Opcode : 'select'> <InPorts = 3> <OutPorts = 1>
ST_5 : Operation 76 [1/1] (0.78ns)   --->   "%add_ln197_1 = add i6 %n_load, i6 1" [Conv.cpp:197->CNN.cpp:49]   --->   Operation 76 'add' 'add_ln197_1' <Predicate = (icmp_ln199)> <Delay = 0.78> <CoreInst = "Adder">   --->   Core 1 'Adder' <Latency = 0> <II = 1> <Delay = 0.78> <FuncUnit> <Opcode : 'add' 'sub'> <InPorts = 2> <OutPorts = 1>
ST_5 : Operation 77 [1/1] (0.38ns)   --->   "%select_ln197_1 = select i1 %icmp_ln199, i6 %add_ln197_1, i6 %n_load" [Conv.cpp:197->CNN.cpp:49]   --->   Operation 77 'select' 'select_ln197_1' <Predicate = true> <Delay = 0.38> <CoreInst = "Sel">   --->   Core 73 'Sel' <Latency = 0> <II = 1> <Delay = 0.38> <FuncUnit> <Opcode : 'select'> <InPorts = 3> <OutPorts = 1>
ST_5 : Operation 78 [1/1] (0.78ns)   --->   "%add_ln199 = add i6 %select_ln197, i6 1" [Conv.cpp:199->CNN.cpp:49]   --->   Operation 78 'add' 'add_ln199' <Predicate = (and_ln197_1)> <Delay = 0.78> <CoreInst = "Adder">   --->   Core 1 'Adder' <Latency = 0> <II = 1> <Delay = 0.78> <FuncUnit> <Opcode : 'add' 'sub'> <InPorts = 2> <OutPorts = 1>
ST_5 : Operation 79 [1/1] (0.38ns)   --->   "%select_ln199_1 = select i1 %and_ln197_1, i6 %add_ln199, i6 %select_ln197" [Conv.cpp:199->CNN.cpp:49]   --->   Operation 79 'select' 'select_ln199_1' <Predicate = true> <Delay = 0.38> <CoreInst = "Sel">   --->   Core 73 'Sel' <Latency = 0> <II = 1> <Delay = 0.38> <FuncUnit> <Opcode : 'select'> <InPorts = 3> <OutPorts = 1>
ST_5 : Operation 80 [1/1] (0.00ns)   --->   "%empty = trunc i6 %select_ln197_1" [Conv.cpp:197->CNN.cpp:49]   --->   Operation 80 'trunc' 'empty' <Predicate = true> <Delay = 0.00>
ST_5 : Operation 81 [1/1] (0.00ns)   --->   "%p_shl = bitconcatenate i12 @_ssdm_op_BitConcatenate.i12.i5.i7, i5 %empty, i7 0" [Conv.cpp:197->CNN.cpp:49]   --->   Operation 81 'bitconcatenate' 'p_shl' <Predicate = true> <Delay = 0.00>
ST_5 : Operation 82 [1/1] (0.00ns)   --->   "%p_shl55_cast = zext i12 %p_shl" [Conv.cpp:197->CNN.cpp:49]   --->   Operation 82 'zext' 'p_shl55_cast' <Predicate = true> <Delay = 0.00>
ST_5 : Operation 83 [1/1] (0.00ns)   --->   "%p_shl14 = bitconcatenate i10 @_ssdm_op_BitConcatenate.i10.i5.i5, i5 %empty, i5 0" [Conv.cpp:197->CNN.cpp:49]   --->   Operation 83 'bitconcatenate' 'p_shl14' <Predicate = true> <Delay = 0.00>
ST_5 : Operation 84 [1/1] (0.00ns)   --->   "%p_shl56_cast = zext i10 %p_shl14" [Conv.cpp:197->CNN.cpp:49]   --->   Operation 84 'zext' 'p_shl56_cast' <Predicate = true> <Delay = 0.00>
ST_5 : Operation 85 [1/1] (0.00ns)   --->   "%p_shl15 = bitconcatenate i8 @_ssdm_op_BitConcatenate.i8.i5.i3, i5 %empty, i3 0" [Conv.cpp:197->CNN.cpp:49]   --->   Operation 85 'bitconcatenate' 'p_shl15' <Predicate = true> <Delay = 0.00>
ST_5 : Operation 86 [1/1] (0.00ns)   --->   "%zext_ln199 = zext i8 %p_shl15" [Conv.cpp:199->CNN.cpp:49]   --->   Operation 86 'zext' 'zext_ln199' <Predicate = true> <Delay = 0.00>
ST_5 : Operation 87 [1/1] (0.00ns)   --->   "%zext_ln199_1 = zext i6 %select_ln199_1" [Conv.cpp:199->CNN.cpp:49]   --->   Operation 87 'zext' 'zext_ln199_1' <Predicate = true> <Delay = 0.00>
ST_5 : Operation 88 [1/1] (0.00ns)   --->   "%zext_ln202 = zext i6 %select_ln202" [Conv.cpp:202->CNN.cpp:49]   --->   Operation 88 'zext' 'zext_ln202' <Predicate = true> <Delay = 0.00>
ST_5 : Operation 89 [1/1] (0.00ns)   --->   "%p_shl16 = bitconcatenate i7 @_ssdm_op_BitConcatenate.i7.i5.i2, i5 %empty_157, i2 0" [Conv.cpp:202->CNN.cpp:49]   --->   Operation 89 'bitconcatenate' 'p_shl16' <Predicate = true> <Delay = 0.00>
ST_5 : Operation 90 [1/1] (0.00ns)   --->   "%p_shl57_cast = zext i7 %p_shl16" [Conv.cpp:202->CNN.cpp:49]   --->   Operation 90 'zext' 'p_shl57_cast' <Predicate = true> <Delay = 0.00>
ST_5 : Operation 91 [1/3] (0.00ns) (grouped into DSP with root node add_ln205_1)   --->   "%mul_ln204 = mul i11 %zext_ln204, i11 44" [Conv.cpp:204->CNN.cpp:49]   --->   Operation 91 'mul' 'mul_ln204' <Predicate = true> <Delay = 0.00> <CoreInst = "DSP48">   --->   Core 127 'DSP48' <Latency = 3> <II = 1> <Delay = 0.53> <IPBlock> <Opcode : '' 'add' 'sub' 'mul' 'select'> <InPorts = 0> <OutPorts = 1> <Sync> <CReg>
ST_5 : Operation 92 [1/1] (0.00ns)   --->   "%zext_ln204_1 = zext i3 %select_ln200" [Conv.cpp:204->CNN.cpp:49]   --->   Operation 92 'zext' 'zext_ln204_1' <Predicate = true> <Delay = 0.00>
ST_5 : Operation 93 [1/1] (0.00ns)   --->   "%zext_ln204_2 = zext i3 %select_ln200" [Conv.cpp:204->CNN.cpp:49]   --->   Operation 93 'zext' 'zext_ln204_2' <Predicate = true> <Delay = 0.00>
ST_5 : Operation 94 [1/1] (0.78ns)   --->   "%add_ln205 = add i6 %select_ln199_1, i6 %zext_ln204_2" [Conv.cpp:205->CNN.cpp:49]   --->   Operation 94 'add' 'add_ln205' <Predicate = true> <Delay = 0.78> <CoreInst = "Adder">   --->   Core 1 'Adder' <Latency = 0> <II = 1> <Delay = 0.78> <FuncUnit> <Opcode : 'add' 'sub'> <InPorts = 2> <OutPorts = 1>
ST_5 : Operation 95 [1/1] (0.00ns)   --->   "%zext_ln205 = zext i6 %add_ln205" [Conv.cpp:205->CNN.cpp:49]   --->   Operation 95 'zext' 'zext_ln205' <Predicate = true> <Delay = 0.00>
ST_5 : Operation 96 [2/2] (0.64ns) (root node of the DSP)   --->   "%add_ln205_1 = add i11 %zext_ln205, i11 %mul_ln204" [Conv.cpp:205->CNN.cpp:49]   --->   Operation 96 'add' 'add_ln205_1' <Predicate = true> <Delay = 0.64> <CoreInst = "DSP48">   --->   Core 127 'DSP48' <Latency = 3> <II = 1> <Delay = 0.53> <IPBlock> <Opcode : '' 'add' 'sub' 'mul' 'select'> <InPorts = 0> <OutPorts = 1> <Sync> <CReg>
ST_5 : Operation 97 [1/1] (0.78ns)   --->   "%add_ln205_2 = add i10 %p_shl14, i10 %zext_ln202" [Conv.cpp:205->CNN.cpp:49]   --->   Operation 97 'add' 'add_ln205_2' <Predicate = true> <Delay = 0.78> <CoreInst = "Adder">   --->   Core 1 'Adder' <Latency = 0> <II = 1> <Delay = 0.78> <FuncUnit> <Opcode : 'add' 'sub'> <InPorts = 2> <OutPorts = 1>
ST_5 : Operation 98 [1/1] (0.00ns)   --->   "%zext_ln205_2 = zext i10 %add_ln205_2" [Conv.cpp:205->CNN.cpp:49]   --->   Operation 98 'zext' 'zext_ln205_2' <Predicate = true> <Delay = 0.00>
ST_5 : Operation 99 [1/1] (0.80ns)   --->   "%add_ln205_5 = add i13 %zext_ln205_2, i13 %p_shl55_cast" [Conv.cpp:205->CNN.cpp:49]   --->   Operation 99 'add' 'add_ln205_5' <Predicate = true> <Delay = 0.80> <CoreInst = "Adder">   --->   Core 1 'Adder' <Latency = 0> <II = 1> <Delay = 0.80> <FuncUnit> <Opcode : 'add' 'sub'> <InPorts = 2> <OutPorts = 1>
ST_5 : Operation 100 [1/1] (0.00ns)   --->   "%zext_ln205_3 = zext i13 %add_ln205_5" [Conv.cpp:205->CNN.cpp:49]   --->   Operation 100 'zext' 'zext_ln205_3' <Predicate = true> <Delay = 0.00>
ST_5 : Operation 101 [1/1] (0.00ns) (grouped into TernaryAdder)   --->   "%add_ln205_6 = add i13 %zext_ln204_1, i13 5148" [Conv.cpp:205->CNN.cpp:49]   --->   Operation 101 'add' 'add_ln205_6' <Predicate = true> <Delay = 0.00> <CoreInst = "TAddSub">   --->   Core 10 'TAddSub' <Latency = 0> <II = 1> <Delay = 0.41> <IPBlock> <Opcode : '' 'add' 'sub'> <InPorts = 3> <OutPorts = 1> <Sync> <CReg>
ST_5 : Operation 102 [1/1] (0.82ns) (root node of TernaryAdder)   --->   "%add_ln205_7 = add i13 %add_ln205_6, i13 %p_shl57_cast" [Conv.cpp:205->CNN.cpp:49]   --->   Operation 102 'add' 'add_ln205_7' <Predicate = true> <Delay = 0.82> <CoreInst = "TAddSub">   --->   Core 10 'TAddSub' <Latency = 0> <II = 1> <Delay = 0.41> <IPBlock> <Opcode : '' 'add' 'sub'> <InPorts = 3> <OutPorts = 1> <Sync> <CReg>
ST_5 : Operation 103 [1/1] (0.00ns)   --->   "%zext_ln205_4 = zext i13 %add_ln205_7" [Conv.cpp:205->CNN.cpp:49]   --->   Operation 103 'zext' 'zext_ln205_4' <Predicate = true> <Delay = 0.00>
ST_5 : Operation 104 [1/1] (0.82ns)   --->   "%add_ln205_3 = add i14 %zext_ln205_4, i14 %zext_ln205_3" [Conv.cpp:205->CNN.cpp:49]   --->   Operation 104 'add' 'add_ln205_3' <Predicate = true> <Delay = 0.82> <CoreInst = "Adder">   --->   Core 1 'Adder' <Latency = 0> <II = 1> <Delay = 0.82> <FuncUnit> <Opcode : 'add' 'sub'> <InPorts = 2> <OutPorts = 1>
ST_5 : Operation 105 [1/1] (0.76ns)   --->   "%add_ln207_3 = add i9 %zext_ln199, i9 %zext_ln199_1" [Conv.cpp:207->CNN.cpp:49]   --->   Operation 105 'add' 'add_ln207_3' <Predicate = true> <Delay = 0.76> <CoreInst = "Adder">   --->   Core 1 'Adder' <Latency = 0> <II = 1> <Delay = 0.76> <FuncUnit> <Opcode : 'add' 'sub'> <InPorts = 2> <OutPorts = 1>
ST_5 : Operation 106 [1/1] (0.00ns)   --->   "%zext_ln207 = zext i9 %add_ln207_3" [Conv.cpp:207->CNN.cpp:49]   --->   Operation 106 'zext' 'zext_ln207' <Predicate = true> <Delay = 0.00>
ST_5 : Operation 107 [1/1] (0.78ns)   --->   "%add_ln207_1 = add i11 %zext_ln207, i11 %p_shl56_cast" [Conv.cpp:207->CNN.cpp:49]   --->   Operation 107 'add' 'add_ln207_1' <Predicate = true> <Delay = 0.78> <CoreInst = "Adder">   --->   Core 1 'Adder' <Latency = 0> <II = 1> <Delay = 0.78> <FuncUnit> <Opcode : 'add' 'sub'> <InPorts = 2> <OutPorts = 1>
ST_5 : Operation 108 [1/1] (0.42ns)   --->   "%store_ln197 = store i6 %select_ln197_1, i6 %n" [Conv.cpp:197->CNN.cpp:49]   --->   Operation 108 'store' 'store_ln197' <Predicate = true> <Delay = 0.42>
ST_5 : Operation 109 [1/1] (0.42ns)   --->   "%store_ln199 = store i6 %select_ln199_1, i6 %y" [Conv.cpp:199->CNN.cpp:49]   --->   Operation 109 'store' 'store_ln199' <Predicate = true> <Delay = 0.42>

State 6 <SV = 5> <Delay = 1.88>
ST_6 : Operation 110 [1/2] (0.64ns) (root node of the DSP)   --->   "%add_ln205_1 = add i11 %zext_ln205, i11 %mul_ln204" [Conv.cpp:205->CNN.cpp:49]   --->   Operation 110 'add' 'add_ln205_1' <Predicate = true> <Delay = 0.64> <CoreInst = "DSP48">   --->   Core 127 'DSP48' <Latency = 3> <II = 1> <Delay = 0.53> <IPBlock> <Opcode : '' 'add' 'sub' 'mul' 'select'> <InPorts = 0> <OutPorts = 1> <Sync> <CReg>
ST_6 : Operation 111 [1/1] (0.00ns)   --->   "%zext_ln205_1 = zext i11 %add_ln205_1" [Conv.cpp:205->CNN.cpp:49]   --->   Operation 111 'zext' 'zext_ln205_1' <Predicate = true> <Delay = 0.00>
ST_6 : Operation 112 [1/1] (0.00ns)   --->   "%zext_ln205_5 = zext i14 %add_ln205_3" [Conv.cpp:205->CNN.cpp:49]   --->   Operation 112 'zext' 'zext_ln205_5' <Predicate = true> <Delay = 0.00>
ST_6 : Operation 113 [1/1] (0.00ns)   --->   "%Weights_addr_88 = getelementptr i16 %Weights, i64 0, i64 %zext_ln205_5" [Conv.cpp:205->CNN.cpp:49]   --->   Operation 113 'getelementptr' 'Weights_addr_88' <Predicate = true> <Delay = 0.00>
ST_6 : Operation 114 [2/2] (1.23ns)   --->   "%Weights_load_88 = load i14 %Weights_addr_88" [Conv.cpp:205->CNN.cpp:49]   --->   Operation 114 'load' 'Weights_load_88' <Predicate = true> <Delay = 1.23> <CoreInst = "RAM">   --->   Core 83 'RAM' <Latency = 1> <II = 1> <Delay = 1.23> <Storage> <Opcode : 'load' 'store'> <Ports = 2> <Width = 16> <Depth = 11065> <RAM>
ST_6 : Operation 115 [1/1] (0.00ns)   --->   "%OutPadConv7_addr = getelementptr i16 %OutPadConv7, i64 0, i64 %zext_ln205_1" [Conv.cpp:205->CNN.cpp:49]   --->   Operation 115 'getelementptr' 'OutPadConv7_addr' <Predicate = true> <Delay = 0.00>
ST_6 : Operation 116 [2/2] (1.23ns)   --->   "%OutPadConv7_load = load i11 %OutPadConv7_addr" [Conv.cpp:205->CNN.cpp:49]   --->   Operation 116 'load' 'OutPadConv7_load' <Predicate = true> <Delay = 1.23> <CoreInst = "RAM">   --->   Core 83 'RAM' <Latency = 1> <II = 1> <Delay = 1.23> <Storage> <Opcode : 'load' 'store'> <Ports = 2> <Width = 16> <Depth = 1408> <RAM>

State 7 <SV = 6> <Delay = 2.23>
ST_7 : Operation 117 [1/2] (1.23ns)   --->   "%Weights_load_88 = load i14 %Weights_addr_88" [Conv.cpp:205->CNN.cpp:49]   --->   Operation 117 'load' 'Weights_load_88' <Predicate = true> <Delay = 1.23> <CoreInst = "RAM">   --->   Core 83 'RAM' <Latency = 1> <II = 1> <Delay = 1.23> <Storage> <Opcode : 'load' 'store'> <Ports = 2> <Width = 16> <Depth = 11065> <RAM>
ST_7 : Operation 118 [1/1] (0.00ns)   --->   "%sext_ln205 = sext i16 %Weights_load_88" [Conv.cpp:205->CNN.cpp:49]   --->   Operation 118 'sext' 'sext_ln205' <Predicate = true> <Delay = 0.00>
ST_7 : Operation 119 [1/2] (1.23ns)   --->   "%OutPadConv7_load = load i11 %OutPadConv7_addr" [Conv.cpp:205->CNN.cpp:49]   --->   Operation 119 'load' 'OutPadConv7_load' <Predicate = true> <Delay = 1.23> <CoreInst = "RAM">   --->   Core 83 'RAM' <Latency = 1> <II = 1> <Delay = 1.23> <Storage> <Opcode : 'load' 'store'> <Ports = 2> <Width = 16> <Depth = 1408> <RAM>
ST_7 : Operation 120 [1/1] (0.00ns)   --->   "%sext_ln205_1 = sext i16 %OutPadConv7_load" [Conv.cpp:205->CNN.cpp:49]   --->   Operation 120 'sext' 'sext_ln205_1' <Predicate = true> <Delay = 0.00>
ST_7 : Operation 121 [3/3] (0.99ns) (grouped into DSP with root node add_ln205_4)   --->   "%mul_ln205 = mul i24 %sext_ln205_1, i24 %sext_ln205" [Conv.cpp:205->CNN.cpp:49]   --->   Operation 121 'mul' 'mul_ln205' <Predicate = true> <Delay = 0.99> <CoreInst = "DSP48">   --->   Core 127 'DSP48' <Latency = 3> <II = 1> <Delay = 0.53> <IPBlock> <Opcode : '' 'add' 'sub' 'mul' 'select'> <InPorts = 0> <OutPorts = 1> <Sync> <CReg>

State 8 <SV = 7> <Delay = 2.06>
ST_8 : Operation 122 [1/1] (0.00ns)   --->   "%zext_ln197 = zext i6 %select_ln197_1" [Conv.cpp:197->CNN.cpp:49]   --->   Operation 122 'zext' 'zext_ln197' <Predicate = true> <Delay = 0.00>
ST_8 : Operation 123 [1/1] (0.83ns)   --->   "%arrayidx51_sum = add i14 %zext_ln197, i14 10268" [Conv.cpp:197->CNN.cpp:49]   --->   Operation 123 'add' 'arrayidx51_sum' <Predicate = true> <Delay = 0.83> <CoreInst = "Adder">   --->   Core 1 'Adder' <Latency = 0> <II = 1> <Delay = 0.83> <FuncUnit> <Opcode : 'add' 'sub'> <InPorts = 2> <OutPorts = 1>
ST_8 : Operation 124 [1/1] (0.00ns)   --->   "%arrayidx51_sum_cast = zext i14 %arrayidx51_sum" [Conv.cpp:197->CNN.cpp:49]   --->   Operation 124 'zext' 'arrayidx51_sum_cast' <Predicate = true> <Delay = 0.00>
ST_8 : Operation 125 [1/1] (0.00ns)   --->   "%Weights_addr = getelementptr i16 %Weights, i64 0, i64 %arrayidx51_sum_cast" [Conv.cpp:197->CNN.cpp:49]   --->   Operation 125 'getelementptr' 'Weights_addr' <Predicate = true> <Delay = 0.00>
ST_8 : Operation 126 [2/2] (1.23ns)   --->   "%Weights_load = load i14 %Weights_addr" [Conv.cpp:197->CNN.cpp:49]   --->   Operation 126 'load' 'Weights_load' <Predicate = true> <Delay = 1.23> <CoreInst = "RAM">   --->   Core 83 'RAM' <Latency = 1> <II = 1> <Delay = 1.23> <Storage> <Opcode : 'load' 'store'> <Ports = 2> <Width = 16> <Depth = 11065> <RAM>
ST_8 : Operation 127 [2/3] (0.99ns) (grouped into DSP with root node add_ln205_4)   --->   "%mul_ln205 = mul i24 %sext_ln205_1, i24 %sext_ln205" [Conv.cpp:205->CNN.cpp:49]   --->   Operation 127 'mul' 'mul_ln205' <Predicate = true> <Delay = 0.99> <CoreInst = "DSP48">   --->   Core 127 'DSP48' <Latency = 3> <II = 1> <Delay = 0.53> <IPBlock> <Opcode : '' 'add' 'sub' 'mul' 'select'> <InPorts = 0> <OutPorts = 1> <Sync> <CReg>

State 9 <SV = 8> <Delay = 1.23>
ST_9 : Operation 128 [1/1] (0.00ns)   --->   "%s_load = load i16 %s" [Conv.cpp:199->CNN.cpp:49]   --->   Operation 128 'load' 's_load' <Predicate = (!or_ln199)> <Delay = 0.00>
ST_9 : Operation 129 [1/2] (1.23ns)   --->   "%Weights_load = load i14 %Weights_addr" [Conv.cpp:197->CNN.cpp:49]   --->   Operation 129 'load' 'Weights_load' <Predicate = true> <Delay = 1.23> <CoreInst = "RAM">   --->   Core 83 'RAM' <Latency = 1> <II = 1> <Delay = 1.23> <Storage> <Opcode : 'load' 'store'> <Ports = 2> <Width = 16> <Depth = 11065> <RAM>
ST_9 : Operation 130 [1/3] (0.00ns) (grouped into DSP with root node add_ln205_4)   --->   "%mul_ln205 = mul i24 %sext_ln205_1, i24 %sext_ln205" [Conv.cpp:205->CNN.cpp:49]   --->   Operation 130 'mul' 'mul_ln205' <Predicate = true> <Delay = 0.00> <CoreInst = "DSP48">   --->   Core 127 'DSP48' <Latency = 3> <II = 1> <Delay = 0.53> <IPBlock> <Opcode : '' 'add' 'sub' 'mul' 'select'> <InPorts = 0> <OutPorts = 1> <Sync> <CReg>
ST_9 : Operation 131 [1/1] (0.35ns)   --->   "%select_ln199_2 = select i1 %or_ln199, i16 0, i16 %s_load" [Conv.cpp:199->CNN.cpp:49]   --->   Operation 131 'select' 'select_ln199_2' <Predicate = true> <Delay = 0.35> <CoreInst = "Sel">   --->   Core 73 'Sel' <Latency = 0> <II = 1> <Delay = 0.35> <FuncUnit> <Opcode : 'select'> <InPorts = 3> <OutPorts = 1>
ST_9 : Operation 132 [1/1] (0.00ns)   --->   "%shl_ln7 = bitconcatenate i24 @_ssdm_op_BitConcatenate.i24.i16.i8, i16 %select_ln199_2, i8 0" [Conv.cpp:205->CNN.cpp:49]   --->   Operation 132 'bitconcatenate' 'shl_ln7' <Predicate = true> <Delay = 0.00>
ST_9 : Operation 133 [2/2] (0.64ns) (root node of the DSP)   --->   "%add_ln205_4 = add i24 %shl_ln7, i24 %mul_ln205" [Conv.cpp:205->CNN.cpp:49]   --->   Operation 133 'add' 'add_ln205_4' <Predicate = true> <Delay = 0.64> <CoreInst = "DSP48">   --->   Core 127 'DSP48' <Latency = 3> <II = 1> <Delay = 0.53> <IPBlock> <Opcode : '' 'add' 'sub' 'mul' 'select'> <InPorts = 0> <OutPorts = 1> <Sync> <CReg>
ST_9 : Operation 151 [1/1] (0.00ns)   --->   "%ret_ln0 = ret"   --->   Operation 151 'ret' 'ret_ln0' <Predicate = (icmp_ln197)> <Delay = 0.00>

State 10 <SV = 9> <Delay = 3.09>
ST_10 : Operation 134 [1/1] (0.00ns)   --->   "%specloopname_ln0 = specloopname void @_ssdm_op_SpecLoopName, void @VITIS_LOOP_197_1_loop_for_ap_7_loop_for_fc_7_loop_for_fa_7_str"   --->   Operation 134 'specloopname' 'specloopname_ln0' <Predicate = true> <Delay = 0.00>
ST_10 : Operation 135 [1/1] (0.00ns)   --->   "%speclooptripcount_ln0 = speclooptripcount void @_ssdm_op_SpecLoopTripCount, i64 204800, i64 204800, i64 204800"   --->   Operation 135 'speclooptripcount' 'speclooptripcount_ln0' <Predicate = true> <Delay = 0.00>
ST_10 : Operation 136 [1/1] (0.00ns)   --->   "%conv_i_i13_i93_i448 = sext i16 %Weights_load" [Conv.cpp:197->CNN.cpp:49]   --->   Operation 136 'sext' 'conv_i_i13_i93_i448' <Predicate = true> <Delay = 0.00>
ST_10 : Operation 137 [1/1] (0.00ns)   --->   "%specpipeline_ln200 = specpipeline void @_ssdm_op_SpecPipeline, i32 4294967295, i32 0, i32 0, i32 0, void @empty_7" [Conv.cpp:200->CNN.cpp:49]   --->   Operation 137 'specpipeline' 'specpipeline_ln200' <Predicate = true> <Delay = 0.00>
ST_10 : Operation 138 [1/2] (0.64ns) (root node of the DSP)   --->   "%add_ln205_4 = add i24 %shl_ln7, i24 %mul_ln205" [Conv.cpp:205->CNN.cpp:49]   --->   Operation 138 'add' 'add_ln205_4' <Predicate = true> <Delay = 0.64> <CoreInst = "DSP48">   --->   Core 127 'DSP48' <Latency = 3> <II = 1> <Delay = 0.53> <IPBlock> <Opcode : '' 'add' 'sub' 'mul' 'select'> <InPorts = 0> <OutPorts = 1> <Sync> <CReg>
ST_10 : Operation 139 [1/1] (0.00ns)   --->   "%s_1 = partselect i16 @_ssdm_op_PartSelect.i16.i24.i32.i32, i24 %add_ln205_4, i32 8, i32 23" [Conv.cpp:205->CNN.cpp:49]   --->   Operation 139 'partselect' 's_1' <Predicate = true> <Delay = 0.00>
ST_10 : Operation 140 [1/1] (0.00ns)   --->   "%sext_ln207 = sext i16 %s_1" [Conv.cpp:207->CNN.cpp:49]   --->   Operation 140 'sext' 'sext_ln207' <Predicate = true> <Delay = 0.00>
ST_10 : Operation 141 [1/1] (0.85ns)   --->   "%add_ln207 = add i17 %sext_ln207, i17 %conv_i_i13_i93_i448" [Conv.cpp:207->CNN.cpp:49]   --->   Operation 141 'add' 'add_ln207' <Predicate = true> <Delay = 0.85> <CoreInst = "Adder">   --->   Core 1 'Adder' <Latency = 0> <II = 1> <Delay = 0.85> <FuncUnit> <Opcode : 'add' 'sub'> <InPorts = 2> <OutPorts = 1>
ST_10 : Operation 142 [1/1] (0.00ns)   --->   "%tmp = bitselect i1 @_ssdm_op_BitSelect.i1.i17.i32, i17 %add_ln207, i32 16" [Conv.cpp:207->CNN.cpp:49]   --->   Operation 142 'bitselect' 'tmp' <Predicate = true> <Delay = 0.00>
ST_10 : Operation 143 [1/1] (0.00ns)   --->   "%zext_ln207_1 = zext i11 %add_ln207_1" [Conv.cpp:207->CNN.cpp:49]   --->   Operation 143 'zext' 'zext_ln207_1' <Predicate = true> <Delay = 0.00>
ST_10 : Operation 144 [1/1] (0.00ns)   --->   "%OutConv7_addr = getelementptr i16 %OutConv7, i64 0, i64 %zext_ln207_1" [Conv.cpp:207->CNN.cpp:49]   --->   Operation 144 'getelementptr' 'OutConv7_addr' <Predicate = true> <Delay = 0.00>
ST_10 : Operation 145 [1/1] (0.85ns)   --->   "%add_ln207_2 = add i16 %Weights_load, i16 %s_1" [Conv.cpp:207->CNN.cpp:49]   --->   Operation 145 'add' 'add_ln207_2' <Predicate = true> <Delay = 0.85> <CoreInst = "Adder">   --->   Core 1 'Adder' <Latency = 0> <II = 1> <Delay = 0.85> <FuncUnit> <Opcode : 'add' 'sub'> <InPorts = 2> <OutPorts = 1>
ST_10 : Operation 146 [1/1] (0.35ns)   --->   "%select_ln207 = select i1 %tmp, i16 0, i16 %add_ln207_2" [Conv.cpp:207->CNN.cpp:49]   --->   Operation 146 'select' 'select_ln207' <Predicate = true> <Delay = 0.35> <CoreInst = "Sel">   --->   Core 73 'Sel' <Latency = 0> <II = 1> <Delay = 0.35> <FuncUnit> <Opcode : 'select'> <InPorts = 3> <OutPorts = 1>
ST_10 : Operation 147 [1/1] (1.23ns)   --->   "%store_ln207 = store i16 %select_ln207, i11 %OutConv7_addr" [Conv.cpp:207->CNN.cpp:49]   --->   Operation 147 'store' 'store_ln207' <Predicate = (icmp_ln204_1 & icmp_ln202_1)> <Delay = 1.23> <CoreInst = "RAM">   --->   Core 83 'RAM' <Latency = 1> <II = 1> <Delay = 1.23> <Storage> <Opcode : 'load' 'store'> <Ports = 2> <Width = 16> <Depth = 1280> <RAM>
ST_10 : Operation 148 [1/1] (0.00ns)   --->   "%br_ln204 = br void %new.latch.for.inc23.i472" [Conv.cpp:204->CNN.cpp:49]   --->   Operation 148 'br' 'br_ln204' <Predicate = (icmp_ln204_1 & icmp_ln202_1)> <Delay = 0.00>
ST_10 : Operation 149 [1/1] (0.42ns)   --->   "%store_ln200 = store i16 %s_1, i16 %s" [Conv.cpp:200->CNN.cpp:49]   --->   Operation 149 'store' 'store_ln200' <Predicate = true> <Delay = 0.42>
ST_10 : Operation 150 [1/1] (0.00ns)   --->   "%br_ln204 = br void %for.body12.i469" [Conv.cpp:204->CNN.cpp:49]   --->   Operation 150 'br' 'br_ln204' <Predicate = true> <Delay = 0.00>


============================================================
+ Verbose Summary: Timing violations
============================================================
Target clock period: 5.000ns, clock uncertainty: 1.350ns.

 <State 1>: 0.427ns
The critical path consists of the following:
	'alloca' operation 18 bit ('indvar_flatten235') [11]  (0.000 ns)
	'store' operation 0 bit ('store_ln0') of constant 0 on local variable 'indvar_flatten235' [13]  (0.427 ns)

 <State 2>: 2.517ns
The critical path consists of the following:
	'load' operation 14 bit ('indvar_flatten211_load', Conv.cpp:199->CNN.cpp:49) on local variable 'indvar_flatten211' [24]  (0.000 ns)
	'icmp' operation 1 bit ('icmp_ln199', Conv.cpp:199->CNN.cpp:49) [37]  (0.831 ns)
	'xor' operation 1 bit ('xor_ln197', Conv.cpp:197->CNN.cpp:49) [39]  (0.287 ns)
	'and' operation 1 bit ('and_ln197_1', Conv.cpp:197->CNN.cpp:49) [42]  (0.287 ns)
	'or' operation 1 bit ('or_ln199', Conv.cpp:199->CNN.cpp:49) [46]  (0.287 ns)
	'select' operation 9 bit ('select_ln202_1', Conv.cpp:202->CNN.cpp:49) [128]  (0.398 ns)
	'store' operation 0 bit ('store_ln202', Conv.cpp:202->CNN.cpp:49) of variable 'select_ln202_1', Conv.cpp:202->CNN.cpp:49 on local variable 'indvar_flatten196' [135]  (0.427 ns)

 <State 3>: 2.591ns
The critical path consists of the following:
	'load' operation 3 bit ('j_load', Conv.cpp:200->CNN.cpp:49) on local variable 'j', Conv.cpp:204->CNN.cpp:49 [31]  (0.000 ns)
	'icmp' operation 1 bit ('icmp_ln204', Conv.cpp:204->CNN.cpp:49) [40]  (0.673 ns)
	'and' operation 1 bit ('and_ln197', Conv.cpp:197->CNN.cpp:49) [50]  (0.000 ns)
	'and' operation 1 bit ('and_ln199', Conv.cpp:199->CNN.cpp:49) [51]  (0.287 ns)
	'or' operation 1 bit ('or_ln200', Conv.cpp:200->CNN.cpp:49) [54]  (0.000 ns)
	'or' operation 1 bit ('or_ln200_1', Conv.cpp:200->CNN.cpp:49) [55]  (0.000 ns)
	'select' operation 3 bit ('select_ln200', Conv.cpp:200->CNN.cpp:49) [56]  (0.287 ns)
	'add' operation 3 bit ('add_ln204', Conv.cpp:204->CNN.cpp:49) [105]  (0.673 ns)
	'icmp' operation 1 bit ('icmp_ln204_1', Conv.cpp:204->CNN.cpp:49) [106]  (0.673 ns)

 <State 4>: 0.996ns
The critical path consists of the following:
	'mul' operation 11 bit of DSP[83] ('mul_ln204', Conv.cpp:204->CNN.cpp:49) [77]  (0.996 ns)

 <State 5>: 3.581ns
The critical path consists of the following:
	'load' operation 6 bit ('n_load', Conv.cpp:197->CNN.cpp:49) on local variable 'n', Conv.cpp:197->CNN.cpp:49 [34]  (0.000 ns)
	'add' operation 6 bit ('add_ln197_1', Conv.cpp:197->CNN.cpp:49) [43]  (0.781 ns)
	'select' operation 6 bit ('select_ln197_1', Conv.cpp:197->CNN.cpp:49) [44]  (0.384 ns)
	'add' operation 10 bit ('add_ln205_2', Conv.cpp:205->CNN.cpp:49) [85]  (0.787 ns)
	'add' operation 13 bit ('add_ln205_5', Conv.cpp:205->CNN.cpp:49) [87]  (0.809 ns)
	'add' operation 14 bit ('add_ln205_3', Conv.cpp:205->CNN.cpp:49) [92]  (0.820 ns)

 <State 6>: 1.882ns
The critical path consists of the following:
	'add' operation 11 bit of DSP[83] ('add_ln205_1', Conv.cpp:205->CNN.cpp:49) [83]  (0.645 ns)
	'getelementptr' operation 11 bit ('OutPadConv7_addr', Conv.cpp:205->CNN.cpp:49) [97]  (0.000 ns)
	'load' operation 16 bit ('OutPadConv7_load', Conv.cpp:205->CNN.cpp:49) on array 'OutPadConv7' [98]  (1.237 ns)

 <State 7>: 2.233ns
The critical path consists of the following:
	'load' operation 16 bit ('Weights_load_88', Conv.cpp:205->CNN.cpp:49) on array 'Weights' [95]  (1.237 ns)
	'mul' operation 24 bit of DSP[103] ('mul_ln205', Conv.cpp:205->CNN.cpp:49) [100]  (0.996 ns)

 <State 8>: 2.068ns
The critical path consists of the following:
	'add' operation 14 bit ('arrayidx51_sum', Conv.cpp:197->CNN.cpp:49) [64]  (0.831 ns)
	'getelementptr' operation 14 bit ('Weights_addr', Conv.cpp:197->CNN.cpp:49) [66]  (0.000 ns)
	'load' operation 16 bit ('Weights_load', Conv.cpp:197->CNN.cpp:49) on array 'Weights' [67]  (1.237 ns)

 <State 9>: 1.237ns
The critical path consists of the following:
	'load' operation 16 bit ('Weights_load', Conv.cpp:197->CNN.cpp:49) on array 'Weights' [67]  (1.237 ns)

 <State 10>: 3.092ns
The critical path consists of the following:
	'add' operation 24 bit of DSP[103] ('add_ln205_4', Conv.cpp:205->CNN.cpp:49) [103]  (0.645 ns)
	'add' operation 16 bit ('add_ln207_2', Conv.cpp:207->CNN.cpp:49) [116]  (0.853 ns)
	'select' operation 16 bit ('select_ln207', Conv.cpp:207->CNN.cpp:49) [117]  (0.357 ns)
	'store' operation 0 bit ('store_ln207', Conv.cpp:207->CNN.cpp:49) of variable 'select_ln207', Conv.cpp:207->CNN.cpp:49 on array 'OutConv7' [122]  (1.237 ns)


============================================================
+ Verbose Summary: Binding
============================================================
N/A
* FSMD analyzer results:
  - Output states:
 - Input state : 
  - Chain level:
	State 1
	State 2
	State 3
	State 4
	State 5
	State 6
	State 7
	State 8
	State 9
	State 10


============================================================
+ Verbose Summary: Datapath Resource usage 
============================================================
N/A
