F:\Ky2nam3\do_an_1\code\doan1\project2\solution2\.autopilot\db\Conv.pp.0.cpp:1316:7: warning: Added loop label VITIS_LOOP_1207_1:   [xilinx-label-all-loops]
      for (i = 0; i < __N - 1; ++i) {
      ^~~
      VITIS_LOOP_1207_1: 
F:\Ky2nam3\do_an_1\code\doan1\project2\solution2\.autopilot\db\Conv.pp.0.cpp:1316:7: note: FIX-IT applied suggested code changes
F:\Ky2nam3\do_an_1\code\doan1\project2\solution2\.autopilot\db\Conv.pp.0.cpp:2290:5: warning: Added loop label VITIS_LOOP_676_1:   [xilinx-label-all-loops]
    for (unsigned i = low; i != high; ++i) {
    ^~~
    VITIS_LOOP_676_1: 
F:\Ky2nam3\do_an_1\code\doan1\project2\solution2\.autopilot\db\Conv.pp.0.cpp:2290:5: note: FIX-IT applied suggested code changes
F:\Ky2nam3\do_an_1\code\doan1\project2\solution2\.autopilot\db\Conv.pp.0.cpp:2304:5: warning: Added loop label VITIS_LOOP_690_1:   [xilinx-label-all-loops]
    for (unsigned i = low; i != high; ++i) {
    ^~~
    VITIS_LOOP_690_1: 
F:\Ky2nam3\do_an_1\code\doan1\project2\solution2\.autopilot\db\Conv.pp.0.cpp:2304:5: note: FIX-IT applied suggested code changes
F:\Ky2nam3\do_an_1\code\doan1\project2\solution2\.autopilot\db\Conv.pp.0.cpp:2318:5: warning: Added loop label VITIS_LOOP_704_1:   [xilinx-label-all-loops]
    for (unsigned i = low; i != high; ++i) {
    ^~~
    VITIS_LOOP_704_1: 
F:\Ky2nam3\do_an_1\code\doan1\project2\solution2\.autopilot\db\Conv.pp.0.cpp:2318:5: note: FIX-IT applied suggested code changes
F:\Ky2nam3\do_an_1\code\doan1\project2\solution2\.autopilot\db\Conv.pp.0.cpp:3947:7: warning: Added loop label VITIS_LOOP_1247_1:   [xilinx-label-all-loops]
      for (i = 0; i < __N - 1; ++i) {
      ^~~
      VITIS_LOOP_1247_1: 
F:\Ky2nam3\do_an_1\code\doan1\project2\solution2\.autopilot\db\Conv.pp.0.cpp:3947:7: note: FIX-IT applied suggested code changes
F:\Ky2nam3\do_an_1\code\doan1\project2\solution2\.autopilot\db\Conv.pp.0.cpp:9756:2: warning: Added loop label VITIS_LOOP_15_1:   [xilinx-label-all-loops]
 for (int n = 0; n < 4; n++){
 ^~~
 VITIS_LOOP_15_1: 
F:\Ky2nam3\do_an_1\code\doan1\project2\solution2\.autopilot\db\Conv.pp.0.cpp:9756:2: note: FIX-IT applied suggested code changes
F:\Ky2nam3\do_an_1\code\doan1\project2\solution2\.autopilot\db\Conv.pp.0.cpp:9782:2: warning: Added loop label VITIS_LOOP_41_1:   [xilinx-label-all-loops]
 for (int n = 0; n < 4; n++){
 ^~~
 VITIS_LOOP_41_1: 
F:\Ky2nam3\do_an_1\code\doan1\project2\solution2\.autopilot\db\Conv.pp.0.cpp:9782:2: note: FIX-IT applied suggested code changes
F:\Ky2nam3\do_an_1\code\doan1\project2\solution2\.autopilot\db\Conv.pp.0.cpp:9808:2: warning: Added loop label VITIS_LOOP_67_1:   [xilinx-label-all-loops]
 for (int n = 0; n < 8; n++){
 ^~~
 VITIS_LOOP_67_1: 
F:\Ky2nam3\do_an_1\code\doan1\project2\solution2\.autopilot\db\Conv.pp.0.cpp:9808:2: note: FIX-IT applied suggested code changes
F:\Ky2nam3\do_an_1\code\doan1\project2\solution2\.autopilot\db\Conv.pp.0.cpp:9834:2: warning: Added loop label VITIS_LOOP_93_1:   [xilinx-label-all-loops]
 for (int n = 0; n < 8; n++){
 ^~~
 VITIS_LOOP_93_1: 
F:\Ky2nam3\do_an_1\code\doan1\project2\solution2\.autopilot\db\Conv.pp.0.cpp:9834:2: note: FIX-IT applied suggested code changes
F:\Ky2nam3\do_an_1\code\doan1\project2\solution2\.autopilot\db\Conv.pp.0.cpp:9860:2: warning: Added loop label VITIS_LOOP_119_1:   [xilinx-label-all-loops]
 for (int n = 0; n < 16; n++){
 ^~~
 VITIS_LOOP_119_1: 
F:\Ky2nam3\do_an_1\code\doan1\project2\solution2\.autopilot\db\Conv.pp.0.cpp:9860:2: note: FIX-IT applied suggested code changes
F:\Ky2nam3\do_an_1\code\doan1\project2\solution2\.autopilot\db\Conv.pp.0.cpp:9886:2: warning: Added loop label VITIS_LOOP_145_1:   [xilinx-label-all-loops]
 for (int n = 0; n < 16; n++){
 ^~~
 VITIS_LOOP_145_1: 
F:\Ky2nam3\do_an_1\code\doan1\project2\solution2\.autopilot\db\Conv.pp.0.cpp:9886:2: note: FIX-IT applied suggested code changes
F:\Ky2nam3\do_an_1\code\doan1\project2\solution2\.autopilot\db\Conv.pp.0.cpp:9912:2: warning: Added loop label VITIS_LOOP_171_1:   [xilinx-label-all-loops]
 for (int n = 0; n < 32; n++){
 ^~~
 VITIS_LOOP_171_1: 
F:\Ky2nam3\do_an_1\code\doan1\project2\solution2\.autopilot\db\Conv.pp.0.cpp:9912:2: note: FIX-IT applied suggested code changes
F:\Ky2nam3\do_an_1\code\doan1\project2\solution2\.autopilot\db\Conv.pp.0.cpp:9938:2: warning: Added loop label VITIS_LOOP_197_1:   [xilinx-label-all-loops]
 for (int n = 0; n < 32; n++){
 ^~~
 VITIS_LOOP_197_1: 
F:\Ky2nam3\do_an_1\code\doan1\project2\solution2\.autopilot\db\Conv.pp.0.cpp:9938:2: note: FIX-IT applied suggested code changes
