#-----------------------------------------------------------
# Vivado v2023.1 (64-bit)
# SW Build 3865809 on Sun May  7 15:05:29 MDT 2023
# IP Build 3864474 on Sun May  7 20:36:21 MDT 2023
# SharedData Build 3865790 on Sun May 07 13:33:03 MDT 2023
# Start of session at: Wed Jun 26 21:15:14 2024
# Process ID: 21176
# Current directory: F:/Ky2nam3/do_an_1/code/doan1/project2/solution2/sim/verilog
# Command line: vivado.exe -source open_wave.tcl
# Log file: F:/Ky2nam3/do_an_1/code/doan1/project2/solution2/sim/verilog/vivado.log
# Journal file: F:/Ky2nam3/do_an_1/code/doan1/project2/solution2/sim/verilog\vivado.jou
# Running On: DESKTOP-FFIISC0, OS: Windows, CPU Frequency: 2304 MHz, CPU Physical cores: 4, Host memory: 17014 MB
#-----------------------------------------------------------
start_gui
source open_wave.tcl
# current_fileset
WARNING: [Board 49-26] cannot add Board Part xilinx.com:kcu105:part0:1.6 available at F:/Vivado/Vivado/2023.1/data/xhub/boards/XilinxBoardStore/boards/Xilinx/kcu105/1.6/board.xml as part xcku040-ffva1156-2-e specified in board_part file is either invalid or not available
WARNING: [Board 49-26] cannot add Board Part xilinx.com:kcu105:part0:1.7 available at F:/Vivado/Vivado/2023.1/data/xhub/boards/XilinxBoardStore/boards/Xilinx/kcu105/1.7/board.xml as part xcku040-ffva1156-2-e specified in board_part file is either invalid or not available
WARNING: [Board 49-26] cannot add Board Part xilinx.com:kcu116:part0:1.4 available at F:/Vivado/Vivado/2023.1/data/xhub/boards/XilinxBoardStore/boards/Xilinx/kcu116/1.4/board.xml as part xcku5p-ffvb676-2-e specified in board_part file is either invalid or not available
WARNING: [Board 49-26] cannot add Board Part xilinx.com:kcu116:part0:1.5 available at F:/Vivado/Vivado/2023.1/data/xhub/boards/XilinxBoardStore/boards/Xilinx/kcu116/1.5/board.xml as part xcku5p-ffvb676-2-e specified in board_part file is either invalid or not available
WARNING: [Board 49-26] cannot add Board Part xilinx.com:vcu108:part0:1.6 available at F:/Vivado/Vivado/2023.1/data/xhub/boards/XilinxBoardStore/boards/Xilinx/vcu108/1.6/board.xml as part xcvu095-ffva2104-2-e specified in board_part file is either invalid or not available
WARNING: [Board 49-26] cannot add Board Part xilinx.com:vcu108:part0:1.7 available at F:/Vivado/Vivado/2023.1/data/xhub/boards/XilinxBoardStore/boards/Xilinx/vcu108/1.7/board.xml as part xcvu095-ffva2104-2-e specified in board_part file is either invalid or not available
WARNING: [Board 49-26] cannot add Board Part xilinx.com:vcu110:part0:1.4 available at F:/Vivado/Vivado/2023.1/data/xhub/boards/XilinxBoardStore/boards/Xilinx/vcu110/1.4/board.xml as part xcvu190-flgc2104-2-e specified in board_part file is either invalid or not available
WARNING: [Board 49-26] cannot add Board Part xilinx.com:vcu128:part0:1.0 available at F:/Vivado/Vivado/2023.1/data/xhub/boards/XilinxBoardStore/boards/Xilinx/vcu128/production/1.0/board.xml as part xcvu37p-fsvh2892-2l-e specified in board_part file is either invalid or not available
WARNING: [Board 49-26] cannot add Board Part xilinx.com:vcu129:part0:1.0 available at F:/Vivado/Vivado/2023.1/data/xhub/boards/XilinxBoardStore/boards/Xilinx/vcu129/production/1.0/board.xml as part xcvu29p-fsga2577-2l-e specified in board_part file is either invalid or not available
WARNING: [Board 49-26] cannot add Board Part xilinx.com:vek280_es:part0:1.0 available at F:/Vivado/Vivado/2023.1/data/xhub/boards/XilinxBoardStore/boards/Xilinx/vek280/es/rev_a/1.0/board.xml as part xcve2802-vsvh1760-2lp-e-s-es1 specified in board_part file is either invalid or not available
WARNING: [Board 49-26] cannot add Board Part xilinx.com:vek280_es:part0:1.1 available at F:/Vivado/Vivado/2023.1/data/xhub/boards/XilinxBoardStore/boards/Xilinx/vek280/es/rev_a/1.1/board.xml as part xcve2802-vsvh1760-2lp-e-s-es1 specified in board_part file is either invalid or not available
WARNING: [Board 49-26] cannot add Board Part xilinx.com:vek280_es_revb:part0:1.0 available at F:/Vivado/Vivado/2023.1/data/xhub/boards/XilinxBoardStore/boards/Xilinx/vek280/es/rev_b/1.0/board.xml as part xcve2802-vsvh1760-2mp-e-s-es1 specified in board_part file is either invalid or not available
WARNING: [Board 49-26] cannot add Board Part xilinx.com:vek280_es_revb:part0:1.1 available at F:/Vivado/Vivado/2023.1/data/xhub/boards/XilinxBoardStore/boards/Xilinx/vek280/es/rev_b/1.1/board.xml as part xcve2802-vsvh1760-2mp-e-s-es1 specified in board_part file is either invalid or not available
WARNING: [Board 49-26] cannot add Board Part xilinx.com:vhk158:part0:1.0 available at F:/Vivado/Vivado/2023.1/data/xhub/boards/XilinxBoardStore/boards/Xilinx/vhk158/production/1.0/board.xml as part xcvh1582-vsva3697-2mp-e-s specified in board_part file is either invalid or not available
WARNING: [Board 49-26] cannot add Board Part xilinx.com:vhk158_es:part0:1.0 available at F:/Vivado/Vivado/2023.1/data/xhub/boards/XilinxBoardStore/boards/Xilinx/vhk158/es/1.0/board.xml as part xcvh1582-vsva3697-2mp-e-s-es1 specified in board_part file is either invalid or not available
WARNING: [Board 49-26] cannot add Board Part xilinx.com:vhk158_es:part0:1.1 available at F:/Vivado/Vivado/2023.1/data/xhub/boards/XilinxBoardStore/boards/Xilinx/vhk158/es/1.1/board.xml as part xcvh1582-vsva3697-2mp-e-s-es1 specified in board_part file is either invalid or not available
WARNING: [Board 49-26] cannot add Board Part xilinx.com:vpk120_es:part0:1.2 available at F:/Vivado/Vivado/2023.1/data/xhub/boards/XilinxBoardStore/boards/Xilinx/vpk120/es/1.2/board.xml as part xcvp1202-vsva2785-2mp-e-s-es1 specified in board_part file is either invalid or not available
WARNING: [Board 49-26] cannot add Board Part xilinx.com:vpk120_es:part0:1.3 available at F:/Vivado/Vivado/2023.1/data/xhub/boards/XilinxBoardStore/boards/Xilinx/vpk120/es/1.3/board.xml as part xcvp1202-vsva2785-2mp-e-s-es1 specified in board_part file is either invalid or not available
WARNING: [Board 49-26] cannot add Board Part xilinx.com:vpk120_es_revb:part0:1.0 available at F:/Vivado/Vivado/2023.1/data/xhub/boards/XilinxBoardStore/boards/Xilinx/vpk120_revb/es/1.0/board.xml as part xcvp1202-vsva2785-2mp-e-s-es1 specified in board_part file is either invalid or not available
WARNING: [Board 49-26] cannot add Board Part xilinx.com:vpk120_es_revb:part0:1.1 available at F:/Vivado/Vivado/2023.1/data/xhub/boards/XilinxBoardStore/boards/Xilinx/vpk120_revb/es/1.1/board.xml as part xcvp1202-vsva2785-2mp-e-s-es1 specified in board_part file is either invalid or not available
WARNING: [Board 49-26] cannot add Board Part xilinx.com:vpk180_es:part0:1.0 available at F:/Vivado/Vivado/2023.1/data/xhub/boards/XilinxBoardStore/boards/Xilinx/vpk180/es/1.0/board.xml as part xcvp1802-lsvc4072-2mp-e-s-es1 specified in board_part file is either invalid or not available
WARNING: [Board 49-26] cannot add Board Part xilinx.com:vpk180_es:part0:1.1 available at F:/Vivado/Vivado/2023.1/data/xhub/boards/XilinxBoardStore/boards/Xilinx/vpk180/es/1.1/board.xml as part xcvp1802-lsvc4072-2mp-e-s-es1 specified in board_part file is either invalid or not available
WARNING: [Board 49-26] cannot add Board Part xilinx.com:zcu208ld:part0:2.0 available at F:/Vivado/Vivado/2023.1/data/xhub/boards/XilinxBoardStore/boards/Xilinx/zcu208ld/production/2.0/board.xml as part xczu58dr-fsvg1517-2-i specified in board_part file is either invalid or not available
WARNING: [Board 49-26] cannot add Board Part xilinx.com:zcu216ld:part0:2.0 available at F:/Vivado/Vivado/2023.1/data/xhub/boards/XilinxBoardStore/boards/Xilinx/zcu216ld/production/2.0/board.xml as part xczu59dr-ffvf1760-2-i specified in board_part file is either invalid or not available
WARNING: [Board 49-26] cannot add Board Part xilinx.com:zcu670:part0:2.0 available at F:/Vivado/Vivado/2023.1/data/xhub/boards/XilinxBoardStore/boards/Xilinx/zcu670/2.0/board.xml as part xczu67dr-fsve1156-2-i specified in board_part file is either invalid or not available
WARNING: [Board 49-26] cannot add Board Part xilinx.com:zcu670ld:part0:1.0 available at F:/Vivado/Vivado/2023.1/data/xhub/boards/XilinxBoardStore/boards/Xilinx/zcu670ld/1.0/board.xml as part xczu57dr-fsve1156-2-i specified in board_part file is either invalid or not available
INFO: [IP_Flow 19-234] Refreshing IP repositories
INFO: [IP_Flow 19-1704] No user IP repositories specified
INFO: [IP_Flow 19-2313] Loaded Vivado IP repository 'F:/Vivado/Vivado/2023.1/data/ip'.
current_fileset: Time (s): cpu = 00:00:39 ; elapsed = 00:00:32 . Memory (MB): peak = 2382.160 ; gain = 406.121
# open_wave_database CNN.wdb
INFO: [Wavedata 42-564]   Found protocol instance at /apatb_CNN_top/AESL_inst_CNN/AESL_inst_CNN_activity
INFO: [Wavedata 42-564]   Found protocol instance at /apatb_CNN_top/AESL_inst_CNN/grp_CNN_Pipeline_VITIS_LOOP_119_1_loop_for_ap_4_fu_800/grp_CNN_Pipeline_VITIS_LOOP_119_1_loop_for_ap_4_fu_800_activity
INFO: [Wavedata 42-564]   Found protocol instance at /apatb_CNN_top/AESL_inst_CNN/grp_CNN_Pipeline_VITIS_LOOP_145_1_loop_for_ap_5_loop_for_fc_5_loop_for_fa_5_fu_814/grp_CNN_Pipeline_VITIS_LOOP_145_1_loop_for_ap_5_loop_for_fc_5_loop_for_fa_5_fu_814_activity
INFO: [Wavedata 42-564]   Found protocol instance at /apatb_CNN_top/AESL_inst_CNN/grp_CNN_Pipeline_VITIS_LOOP_15_1_loop_for_ap_0_fu_732/grp_CNN_Pipeline_VITIS_LOOP_15_1_loop_for_ap_0_fu_732_activity
INFO: [Wavedata 42-564]   Found protocol instance at /apatb_CNN_top/AESL_inst_CNN/grp_CNN_Pipeline_VITIS_LOOP_171_1_loop_for_ap_6_loop_for_fc_6_loop_for_fa_6_fu_834/grp_CNN_Pipeline_VITIS_LOOP_171_1_loop_for_ap_6_loop_for_fc_6_loop_for_fa_6_fu_834_activity
INFO: [Wavedata 42-564]   Found protocol instance at /apatb_CNN_top/AESL_inst_CNN/grp_CNN_Pipeline_VITIS_LOOP_197_1_loop_for_ap_7_loop_for_fc_7_loop_for_fa_7_fu_848/grp_CNN_Pipeline_VITIS_LOOP_197_1_loop_for_ap_7_loop_for_fc_7_loop_for_fa_7_fu_848_activity
INFO: [Wavedata 42-564]   Found protocol instance at /apatb_CNN_top/AESL_inst_CNN/grp_CNN_Pipeline_VITIS_LOOP_41_1_loop_for_ap_1_fu_746/grp_CNN_Pipeline_VITIS_LOOP_41_1_loop_for_ap_1_fu_746_activity
INFO: [Wavedata 42-564]   Found protocol instance at /apatb_CNN_top/AESL_inst_CNN/grp_CNN_Pipeline_VITIS_LOOP_67_1_loop_for_ap_2_fu_766/grp_CNN_Pipeline_VITIS_LOOP_67_1_loop_for_ap_2_fu_766_activity
INFO: [Wavedata 42-564]   Found protocol instance at /apatb_CNN_top/AESL_inst_CNN/grp_CNN_Pipeline_VITIS_LOOP_93_1_fu_871/grp_CNN_Pipeline_VITIS_LOOP_93_1_fu_871_activity
INFO: [Wavedata 42-564]   Found protocol instance at /apatb_CNN_top/AESL_inst_CNN/grp_CNN_Pipeline_VITIS_LOOP_93_1_loop_for_ap_3_fu_780/grp_CNN_Pipeline_VITIS_LOOP_93_1_loop_for_ap_3_fu_780_activity
INFO: [Wavedata 42-564]   Found protocol instance at /apatb_CNN_top/AESL_inst_CNN/grp_CNN_Pipeline_loop_detect_fu_956/grp_CNN_Pipeline_loop_detect_fu_956_activity
INFO: [Wavedata 42-564]   Found protocol instance at /apatb_CNN_top/AESL_inst_CNN/grp_CNN_Pipeline_loop_for_3_channel_pad_1_loop_for_channel_pad_1_fu_740/grp_CNN_Pipeline_loop_for_3_channel_pad_1_loop_for_channel_pad_1_fu_740_activity
INFO: [Wavedata 42-564]   Found protocol instance at /apatb_CNN_top/AESL_inst_CNN/grp_CNN_Pipeline_loop_for_3_channel_pad_2_loop_for_channel_pad_2_fu_760/grp_CNN_Pipeline_loop_for_3_channel_pad_2_loop_for_channel_pad_2_fu_760_activity
INFO: [Wavedata 42-564]   Found protocol instance at /apatb_CNN_top/AESL_inst_CNN/grp_CNN_Pipeline_loop_for_3_channel_pad_3_loop_for_channel_pad_3_fu_774/grp_CNN_Pipeline_loop_for_3_channel_pad_3_loop_for_channel_pad_3_fu_774_activity
INFO: [Wavedata 42-564]   Found protocol instance at /apatb_CNN_top/AESL_inst_CNN/grp_CNN_Pipeline_loop_for_3_channel_pad_4_loop_for_channel_pad_4_fu_794/grp_CNN_Pipeline_loop_for_3_channel_pad_4_loop_for_channel_pad_4_fu_794_activity
INFO: [Wavedata 42-564]   Found protocol instance at /apatb_CNN_top/AESL_inst_CNN/grp_CNN_Pipeline_loop_for_3_channel_pad_5_loop_for_channel_pad_5_fu_808/grp_CNN_Pipeline_loop_for_3_channel_pad_5_loop_for_channel_pad_5_fu_808_activity
INFO: [Wavedata 42-564]   Found protocol instance at /apatb_CNN_top/AESL_inst_CNN/grp_CNN_Pipeline_loop_for_3_channel_pad_6_loop_for_channel_pad_6_fu_828/grp_CNN_Pipeline_loop_for_3_channel_pad_6_loop_for_channel_pad_6_fu_828_activity
INFO: [Wavedata 42-564]   Found protocol instance at /apatb_CNN_top/AESL_inst_CNN/grp_CNN_Pipeline_loop_for_3_channel_pad_7_loop_for_channel_pad_7_fu_842/grp_CNN_Pipeline_loop_for_3_channel_pad_7_loop_for_channel_pad_7_fu_842_activity
INFO: [Wavedata 42-564]   Found protocol instance at /apatb_CNN_top/AESL_inst_CNN/grp_CNN_Pipeline_loop_for_a_Dense_0_fu_886/grp_CNN_Pipeline_loop_for_a_Dense_0_fu_886_activity
INFO: [Wavedata 42-564]   Found protocol instance at /apatb_CNN_top/AESL_inst_CNN/grp_CNN_Pipeline_loop_for_a_Dense_1_fu_927/grp_CNN_Pipeline_loop_for_a_Dense_1_fu_927_activity
INFO: [Wavedata 42-564]   Found protocol instance at /apatb_CNN_top/AESL_inst_CNN/grp_CNN_Pipeline_loop_for_channel_pad_0_fu_724/grp_CNN_Pipeline_loop_for_channel_pad_0_fu_724_activity
INFO: [Wavedata 42-564]   Found protocol instance at /apatb_CNN_top/AESL_inst_CNN/grp_CNN_Pipeline_loop_for_channel_pool_0_loop_for_weight_pool_0_fu_754/grp_CNN_Pipeline_loop_for_channel_pool_0_loop_for_weight_pool_0_fu_754_activity
INFO: [Wavedata 42-564]   Found protocol instance at /apatb_CNN_top/AESL_inst_CNN/grp_CNN_Pipeline_loop_for_channel_pool_1_loop_for_weight_pool_1_fu_788/grp_CNN_Pipeline_loop_for_channel_pool_1_loop_for_weight_pool_1_fu_788_activity
INFO: [Wavedata 42-564]   Found protocol instance at /apatb_CNN_top/AESL_inst_CNN/grp_CNN_Pipeline_loop_for_channel_pool_2_loop_for_weight_pool_2_fu_822/grp_CNN_Pipeline_loop_for_channel_pool_2_loop_for_weight_pool_2_fu_822_activity
INFO: [Wavedata 42-564]   Found protocol instance at /apatb_CNN_top/AESL_inst_CNN/grp_CNN_Pipeline_loop_for_channel_pool_3_loop_for_weight_pool_3_fu_856/grp_CNN_Pipeline_loop_for_channel_pool_3_loop_for_weight_pool_3_fu_856_activity
open_wave_config F:/Ky2nam3/do_an_1/code/doan1/project2/solution2/sim/verilog/CNN.wcfg
open_wave_config: Time (s): cpu = 00:00:07 ; elapsed = 00:00:06 . Memory (MB): peak = 2483.605 ; gain = 101.445
open_wave_database: Time (s): cpu = 00:00:11 ; elapsed = 00:00:11 . Memory (MB): peak = 2484.871 ; gain = 102.711
close_sim
INFO: [Simtcl 6-16] Simulation closed
exit
INFO: [Common 17-206] Exiting Vivado at Wed Jun 26 21:18:00 2024...
