

================================================================
== Vitis HLS Report for 'CNN_Pipeline_loop_for_a_Dense_1'
================================================================
* Date:           Fri Jun  7 16:44:17 2024

* Version:        2023.2 (Build 4023990 on Oct 11 2023)
* Project:        project2
* Solution:       solution2 (Vivado IP Flow Target)
* Product family: zynquplus
* Target device:  xck26-sfvc784-2LV-c


================================================================
== Performance Estimates
================================================================
+ Timing: 
    * Summary: 
    +--------+---------+----------+------------+
    |  Clock |  Target | Estimated| Uncertainty|
    +--------+---------+----------+------------+
    |ap_clk  |  5.00 ns|  3.617 ns|     1.35 ns|
    +--------+---------+----------+------------+

+ Latency: 
    * Summary: 
    +---------+---------+----------+----------+-----+-----+---------+
    |  Latency (cycles) |  Latency (absolute) |  Interval | Pipeline|
    |   min   |   max   |    min   |    max   | min | max |   Type  |
    +---------+---------+----------+----------+-----+-----+---------+
    |       68|       68|  0.340 us|  0.340 us|   68|   68|       no|
    +---------+---------+----------+----------+-----+-----+---------+

    + Detail: 
        * Instance: 
        N/A

        * Loop: 
        +----------------------+---------+---------+----------+-----------+-----------+------+----------+
        |                      |  Latency (cycles) | Iteration|  Initiation Interval  | Trip |          |
        |       Loop Name      |   min   |   max   |  Latency |  achieved |   target  | Count| Pipelined|
        +----------------------+---------+---------+----------+-----------+-----------+------+----------+
        |- loop_for_a_Dense_1  |       66|       66|        23|         11|          1|     5|       yes|
        +----------------------+---------+---------+----------+-----------+-----------+------+----------+



================================================================
== Utilization Estimates
================================================================
* Summary: 
+-----------------+---------+------+--------+--------+-----+
|       Name      | BRAM_18K|  DSP |   FF   |   LUT  | URAM|
+-----------------+---------+------+--------+--------+-----+
|DSP              |        -|    19|       -|       -|    -|
|Expression       |        -|     -|       0|     423|    -|
|FIFO             |        -|     -|       -|       -|    -|
|Instance         |        -|     1|       0|       5|    -|
|Memory           |        -|     -|       -|       -|    -|
|Multiplexer      |        -|     -|       -|     288|    -|
|Register         |        -|     -|     688|       -|    -|
+-----------------+---------+------+--------+--------+-----+
|Total            |        0|    20|     688|     716|    0|
+-----------------+---------+------+--------+--------+-----+
|Available        |      288|  1248|  234240|  117120|   64|
+-----------------+---------+------+--------+--------+-----+
|Utilization (%)  |        0|     1|      ~0|      ~0|    0|
+-----------------+---------+------+--------+--------+-----+

+ Detail: 
    * Instance: 
    +-------------------------+--------------------+---------+----+---+----+-----+
    |         Instance        |       Module       | BRAM_18K| DSP| FF| LUT| URAM|
    +-------------------------+--------------------+---------+----+---+----+-----+
    |mul_16s_16s_24_1_1_U290  |mul_16s_16s_24_1_1  |        0|   1|  0|   5|    0|
    +-------------------------+--------------------+---------+----+---+----+-----+
    |Total                    |                    |        0|   1|  0|   5|    0|
    +-------------------------+--------------------+---------+----+---+----+-----+

    * DSP: 
    +-------------------------------------+--------------------------------+--------------+
    |               Instance              |             Module             |  Expression  |
    +-------------------------------------+--------------------------------+--------------+
    |mac_muladd_16s_16s_24ns_24_4_1_U291  |mac_muladd_16s_16s_24ns_24_4_1  |  i0 + i1 * i2|
    |mac_muladd_16s_16s_24ns_24_4_1_U292  |mac_muladd_16s_16s_24ns_24_4_1  |  i0 + i1 * i2|
    |mac_muladd_16s_16s_24ns_24_4_1_U293  |mac_muladd_16s_16s_24ns_24_4_1  |  i0 + i1 * i2|
    |mac_muladd_16s_16s_24ns_24_4_1_U294  |mac_muladd_16s_16s_24ns_24_4_1  |  i0 + i1 * i2|
    |mac_muladd_16s_16s_24ns_24_4_1_U295  |mac_muladd_16s_16s_24ns_24_4_1  |  i0 + i1 * i2|
    |mac_muladd_16s_16s_24ns_24_4_1_U296  |mac_muladd_16s_16s_24ns_24_4_1  |  i0 + i1 * i2|
    |mac_muladd_16s_16s_24ns_24_4_1_U297  |mac_muladd_16s_16s_24ns_24_4_1  |  i0 + i1 * i2|
    |mac_muladd_16s_16s_24ns_24_4_1_U298  |mac_muladd_16s_16s_24ns_24_4_1  |  i0 + i1 * i2|
    |mac_muladd_16s_16s_24ns_24_4_1_U299  |mac_muladd_16s_16s_24ns_24_4_1  |  i0 + i1 * i2|
    |mac_muladd_16s_16s_24ns_24_4_1_U300  |mac_muladd_16s_16s_24ns_24_4_1  |  i0 + i1 * i2|
    |mac_muladd_16s_16s_24ns_24_4_1_U301  |mac_muladd_16s_16s_24ns_24_4_1  |  i0 + i1 * i2|
    |mac_muladd_16s_16s_24ns_24_4_1_U302  |mac_muladd_16s_16s_24ns_24_4_1  |  i0 + i1 * i2|
    |mac_muladd_16s_16s_24ns_24_4_1_U303  |mac_muladd_16s_16s_24ns_24_4_1  |  i0 + i1 * i2|
    |mac_muladd_16s_16s_24ns_24_4_1_U304  |mac_muladd_16s_16s_24ns_24_4_1  |  i0 + i1 * i2|
    |mac_muladd_16s_16s_24ns_24_4_1_U305  |mac_muladd_16s_16s_24ns_24_4_1  |  i0 + i1 * i2|
    |mac_muladd_16s_16s_24ns_24_4_1_U306  |mac_muladd_16s_16s_24ns_24_4_1  |  i0 + i1 * i2|
    |mac_muladd_16s_16s_24ns_24_4_1_U307  |mac_muladd_16s_16s_24ns_24_4_1  |  i0 + i1 * i2|
    |mac_muladd_16s_16s_24ns_24_4_1_U308  |mac_muladd_16s_16s_24ns_24_4_1  |  i0 + i1 * i2|
    |mac_muladd_16s_16s_24ns_24_4_1_U309  |mac_muladd_16s_16s_24ns_24_4_1  |  i0 + i1 * i2|
    +-------------------------------------+--------------------------------+--------------+

    * Memory: 
    N/A

    * FIFO: 
    N/A

    * Expression: 
    +-----------------------+----------+----+---+----+------------+------------+
    |     Variable Name     | Operation| DSP| FF| LUT| Bitwidth P0| Bitwidth P1|
    +-----------------------+----------+----+---+----+------------+------------+
    |add_ln17_fu_558_p2     |         +|   0|  0|  10|           3|           1|
    |add_ln21_10_fu_675_p2  |         +|   0|  0|  21|          14|          14|
    |add_ln21_12_fu_685_p2  |         +|   0|  0|  21|          14|          14|
    |add_ln21_15_fu_728_p2  |         +|   0|  0|  21|          14|          14|
    |add_ln21_17_fu_759_p2  |         +|   0|  0|  21|          14|          14|
    |add_ln21_19_fu_769_p2  |         +|   0|  0|  21|          14|          14|
    |add_ln21_21_fu_800_p2  |         +|   0|  0|  21|          14|          14|
    |add_ln21_23_fu_810_p2  |         +|   0|  0|  21|          14|          14|
    |add_ln21_25_fu_841_p2  |         +|   0|  0|  21|          14|          14|
    |add_ln21_27_fu_851_p2  |         +|   0|  0|  21|          14|          14|
    |add_ln21_2_fu_620_p2   |         +|   0|  0|  21|          14|          14|
    |add_ln21_30_fu_894_p2  |         +|   0|  0|  21|          14|          14|
    |add_ln21_32_fu_925_p2  |         +|   0|  0|  21|          14|          14|
    |add_ln21_34_fu_935_p2  |         +|   0|  0|  21|          14|          14|
    |add_ln21_4_fu_630_p2   |         +|   0|  0|  21|          14|          14|
    |add_ln21_6_fu_644_p2   |         +|   0|  0|  21|          14|          14|
    |add_ln21_8_fu_654_p2   |         +|   0|  0|  21|          14|          14|
    |add_ln21_fu_581_p2     |         +|   0|  0|  21|          14|          14|
    |add_ln23_fu_1183_p2    |         +|   0|  0|  21|          14|          14|
    |out_Dense_d0           |         +|   0|  0|  23|          16|          16|
    |icmp_ln17_fu_552_p2    |      icmp|   0|  0|  10|           3|           3|
    |ap_enable_pp0          |       xor|   0|  0|   2|           1|           2|
    +-----------------------+----------+----+---+----+------------+------------+
    |Total                  |          |   0|  0| 423|         275|         274|
    +-----------------------+----------+----+---+----+------------+------------+

    * Multiplexer: 
    +----------------------------------+----+-----------+-----+-----------+
    |               Name               | LUT| Input Size| Bits| Total Bits|
    +----------------------------------+----+-----------+-----+-----------+
    |Weights_address0                  |  65|         12|   14|        168|
    |Weights_address1                  |  59|         11|   14|        154|
    |ap_NS_fsm                         |  65|         12|    1|         12|
    |ap_done_int                       |   9|          2|    1|          2|
    |ap_enable_reg_pp0_iter0           |   9|          2|    1|          2|
    |ap_enable_reg_pp0_iter1           |   9|          2|    1|          2|
    |ap_enable_reg_pp0_iter2           |   9|          2|    1|          2|
    |ap_loop_exit_ready_pp0_iter1_reg  |   9|          2|    1|          2|
    |ap_sig_allocacmp_i_1              |   9|          2|    3|          6|
    |i_fu_130                          |   9|          2|    3|          6|
    |reg_444                           |   9|          2|   16|         32|
    |reg_449                           |   9|          2|   16|         32|
    |reg_454                           |   9|          2|   16|         32|
    |reg_459                           |   9|          2|   16|         32|
    +----------------------------------+----+-----------+-----+-----------+
    |Total                             | 288|         57|  104|        484|
    +----------------------------------+----+-----------+-----+-----------+

    * Register: 
    +------------------------------------+----+----+-----+-----------+
    |                Name                | FF | LUT| Bits| Const Bits|
    +------------------------------------+----+----+-----+-----------+
    |Weights_load_11_reg_1619            |  16|   0|   16|          0|
    |Weights_load_13_reg_1644            |  16|   0|   16|          0|
    |Weights_load_15_reg_1669            |  16|   0|   16|          0|
    |Weights_load_17_reg_1694            |  16|   0|   16|          0|
    |Weights_load_18_reg_1719            |  16|   0|   16|          0|
    |Weights_load_19_reg_1724            |  16|   0|   16|          0|
    |ap_CS_fsm                           |  11|   0|   11|          0|
    |ap_done_reg                         |   1|   0|    1|          0|
    |ap_enable_reg_pp0_iter0_reg         |   1|   0|    1|          0|
    |ap_enable_reg_pp0_iter1             |   1|   0|    1|          0|
    |ap_enable_reg_pp0_iter2             |   1|   0|    1|          0|
    |ap_loop_exit_ready_pp0_iter1_reg    |   1|   0|    1|          0|
    |i_1_reg_1472                        |   3|   0|    3|          0|
    |i_1_reg_1472_pp0_iter1_reg          |   3|   0|    3|          0|
    |i_fu_130                            |   3|   0|    3|          0|
    |icmp_ln17_reg_1479                  |   1|   0|    1|          0|
    |reg_444                             |  16|   0|   16|          0|
    |reg_449                             |  16|   0|   16|          0|
    |reg_454                             |  16|   0|   16|          0|
    |reg_459                             |  16|   0|   16|          0|
    |sext_ln21_10_cast_reg_1417          |  24|   0|   24|          0|
    |sext_ln21_11_cast_reg_1412          |  24|   0|   24|          0|
    |sext_ln21_12_cast_reg_1407          |  24|   0|   24|          0|
    |sext_ln21_13_cast_reg_1402          |  24|   0|   24|          0|
    |sext_ln21_14_cast_reg_1397          |  24|   0|   24|          0|
    |sext_ln21_15_cast_reg_1392          |  24|   0|   24|          0|
    |sext_ln21_16_cast_reg_1387          |  24|   0|   24|          0|
    |sext_ln21_17_cast_reg_1382          |  24|   0|   24|          0|
    |sext_ln21_18_cast_reg_1377          |  24|   0|   24|          0|
    |sext_ln21_19_cast_reg_1372          |  24|   0|   24|          0|
    |sext_ln21_1_cast_reg_1462           |  24|   0|   24|          0|
    |sext_ln21_2_cast_reg_1457           |  24|   0|   24|          0|
    |sext_ln21_3_cast_reg_1452           |  24|   0|   24|          0|
    |sext_ln21_4_cast_reg_1447           |  24|   0|   24|          0|
    |sext_ln21_5_cast_reg_1442           |  24|   0|   24|          0|
    |sext_ln21_6_cast_reg_1437           |  24|   0|   24|          0|
    |sext_ln21_7_cast_reg_1432           |  24|   0|   24|          0|
    |sext_ln21_8_cast_reg_1427           |  24|   0|   24|          0|
    |sext_ln21_9_cast_reg_1422           |  24|   0|   24|          0|
    |sext_ln21_cast_reg_1467             |  24|   0|   24|          0|
    |tmp_s_reg_1519                      |  16|   0|   16|          0|
    |zext_ln17_1_reg_1483                |   3|   0|   14|         11|
    |zext_ln17_1_reg_1483_pp0_iter1_reg  |   3|   0|   14|         11|
    +------------------------------------+----+----+-----+-----------+
    |Total                               | 688|   0|  710|         22|
    +------------------------------------+----+----+-----+-----------+



================================================================
== Interface
================================================================
* Summary: 
+--------------------+-----+-----+------------+---------------------------------+--------------+
|      RTL Ports     | Dir | Bits|  Protocol  |          Source Object          |    C Type    |
+--------------------+-----+-----+------------+---------------------------------+--------------+
|ap_clk              |   in|    1|  ap_ctrl_hs|  CNN_Pipeline_loop_for_a_Dense_1|  return value|
|ap_rst              |   in|    1|  ap_ctrl_hs|  CNN_Pipeline_loop_for_a_Dense_1|  return value|
|ap_start            |   in|    1|  ap_ctrl_hs|  CNN_Pipeline_loop_for_a_Dense_1|  return value|
|ap_done             |  out|    1|  ap_ctrl_hs|  CNN_Pipeline_loop_for_a_Dense_1|  return value|
|ap_idle             |  out|    1|  ap_ctrl_hs|  CNN_Pipeline_loop_for_a_Dense_1|  return value|
|ap_ready            |  out|    1|  ap_ctrl_hs|  CNN_Pipeline_loop_for_a_Dense_1|  return value|
|Weights_address0    |  out|   14|   ap_memory|                          Weights|         array|
|Weights_ce0         |  out|    1|   ap_memory|                          Weights|         array|
|Weights_q0          |   in|   16|   ap_memory|                          Weights|         array|
|Weights_address1    |  out|   14|   ap_memory|                          Weights|         array|
|Weights_ce1         |  out|    1|   ap_memory|                          Weights|         array|
|Weights_q1          |   in|   16|   ap_memory|                          Weights|         array|
|sext_ln21           |   in|   16|     ap_none|                        sext_ln21|        scalar|
|sext_ln21_1         |   in|   16|     ap_none|                      sext_ln21_1|        scalar|
|sext_ln21_2         |   in|   16|     ap_none|                      sext_ln21_2|        scalar|
|sext_ln21_3         |   in|   16|     ap_none|                      sext_ln21_3|        scalar|
|sext_ln21_4         |   in|   16|     ap_none|                      sext_ln21_4|        scalar|
|sext_ln21_5         |   in|   16|     ap_none|                      sext_ln21_5|        scalar|
|sext_ln21_6         |   in|   16|     ap_none|                      sext_ln21_6|        scalar|
|sext_ln21_7         |   in|   16|     ap_none|                      sext_ln21_7|        scalar|
|sext_ln21_8         |   in|   16|     ap_none|                      sext_ln21_8|        scalar|
|sext_ln21_9         |   in|   16|     ap_none|                      sext_ln21_9|        scalar|
|sext_ln21_10        |   in|   16|     ap_none|                     sext_ln21_10|        scalar|
|sext_ln21_11        |   in|   16|     ap_none|                     sext_ln21_11|        scalar|
|sext_ln21_12        |   in|   16|     ap_none|                     sext_ln21_12|        scalar|
|sext_ln21_13        |   in|   16|     ap_none|                     sext_ln21_13|        scalar|
|sext_ln21_14        |   in|   16|     ap_none|                     sext_ln21_14|        scalar|
|sext_ln21_15        |   in|   16|     ap_none|                     sext_ln21_15|        scalar|
|sext_ln21_16        |   in|   16|     ap_none|                     sext_ln21_16|        scalar|
|sext_ln21_17        |   in|   16|     ap_none|                     sext_ln21_17|        scalar|
|sext_ln21_18        |   in|   16|     ap_none|                     sext_ln21_18|        scalar|
|sext_ln21_19        |   in|   16|     ap_none|                     sext_ln21_19|        scalar|
|out_Dense_address0  |  out|    3|   ap_memory|                        out_Dense|         array|
|out_Dense_ce0       |  out|    1|   ap_memory|                        out_Dense|         array|
|out_Dense_we0       |  out|    1|   ap_memory|                        out_Dense|         array|
|out_Dense_d0        |  out|   16|   ap_memory|                        out_Dense|         array|
+--------------------+-----+-----+------------+---------------------------------+--------------+

