

================================================================
== Vitis HLS Report for 'CNN_Pipeline_VITIS_LOOP_197_1_loop_for_ap_7_loop_for_fc_7_loop_for_fa_7'
================================================================
* Date:           Fri Jun  7 16:44:16 2024

* Version:        2023.2 (Build 4023990 on Oct 11 2023)
* Project:        project2
* Solution:       solution2 (Vivado IP Flow Target)
* Product family: zynquplus
* Target device:  xck26-sfvc784-2LV-c


================================================================
== Performance Estimates
================================================================
+ Timing: 
    * Summary: 
    +--------+---------+----------+------------+
    |  Clock |  Target | Estimated| Uncertainty|
    +--------+---------+----------+------------+
    |ap_clk  |  5.00 ns|  3.581 ns|     1.35 ns|
    +--------+---------+----------+------------+

+ Latency: 
    * Summary: 
    +---------+---------+----------+----------+--------+--------+---------+
    |  Latency (cycles) |  Latency (absolute) |     Interval    | Pipeline|
    |   min   |   max   |    min   |    max   |   min  |   max  |   Type  |
    +---------+---------+----------+----------+--------+--------+---------+
    |   204809|   204809|  1.024 ms|  1.024 ms|  204809|  204809|       no|
    +---------+---------+----------+----------+--------+--------+---------+

    + Detail: 
        * Instance: 
        N/A

        * Loop: 
        +--------------------------------------------------------------+---------+---------+----------+-----------+-----------+--------+----------+
        |                                                              |  Latency (cycles) | Iteration|  Initiation Interval  |  Trip  |          |
        |                           Loop Name                          |   min   |   max   |  Latency |  achieved |   target  |  Count | Pipelined|
        +--------------------------------------------------------------+---------+---------+----------+-----------+-----------+--------+----------+
        |- VITIS_LOOP_197_1_loop_for_ap_7_loop_for_fc_7_loop_for_fa_7  |   204807|   204807|         9|          1|          1|  204800|       yes|
        +--------------------------------------------------------------+---------+---------+----------+-----------+-----------+--------+----------+



================================================================
== Utilization Estimates
================================================================
* Summary: 
+-----------------+---------+------+--------+--------+-----+
|       Name      | BRAM_18K|  DSP |   FF   |   LUT  | URAM|
+-----------------+---------+------+--------+--------+-----+
|DSP              |        -|     2|       -|       -|    -|
|Expression       |        -|     -|       0|     521|    -|
|FIFO             |        -|     -|       -|       -|    -|
|Instance         |        -|     -|       -|       -|    -|
|Memory           |        -|     -|       -|       -|    -|
|Multiplexer      |        -|     -|       -|     108|    -|
|Register         |        -|     -|     626|     224|    -|
+-----------------+---------+------+--------+--------+-----+
|Total            |        0|     2|     626|     853|    0|
+-----------------+---------+------+--------+--------+-----+
|Available        |      288|  1248|  234240|  117120|   64|
+-----------------+---------+------+--------+--------+-----+
|Utilization (%)  |        0|    ~0|      ~0|      ~0|    0|
+-----------------+---------+------+--------+--------+-----+

+ Detail: 
    * Instance: 
    N/A

    * DSP: 
    +-------------------------------------+--------------------------------+--------------+
    |               Instance              |             Module             |  Expression  |
    +-------------------------------------+--------------------------------+--------------+
    |mac_muladd_16s_16s_24ns_24_4_1_U190  |mac_muladd_16s_16s_24ns_24_4_1  |  i0 + i1 * i2|
    |mac_muladd_6ns_6ns_6ns_11_4_1_U189   |mac_muladd_6ns_6ns_6ns_11_4_1   |  i0 + i1 * i2|
    +-------------------------------------+--------------------------------+--------------+

    * Memory: 
    N/A

    * FIFO: 
    N/A

    * Expression: 
    +--------------------------+----------+----+---+----+------------+------------+
    |       Variable Name      | Operation| DSP| FF| LUT| Bitwidth P0| Bitwidth P1|
    +--------------------------+----------+----+---+----+------------+------------+
    |add_ln197_1_fu_436_p2     |         +|   0|  0|  13|           6|           1|
    |add_ln197_fu_236_p2       |         +|   0|  0|  25|          18|           1|
    |add_ln199_1_fu_286_p2     |         +|   0|  0|  21|          14|           1|
    |add_ln199_fu_449_p2       |         +|   0|  0|  13|           6|           1|
    |add_ln202_1_fu_272_p2     |         +|   0|  0|  16|           9|           1|
    |add_ln202_fu_355_p2       |         +|   0|  0|  13|           6|           1|
    |add_ln204_fu_395_p2       |         +|   0|  0|  10|           3|           1|
    |add_ln205_2_fu_536_p2     |         +|   0|  0|  17|          10|          10|
    |add_ln205_3_fu_572_p2     |         +|   0|  0|  21|          14|          14|
    |add_ln205_5_fu_546_p2     |         +|   0|  0|  20|          13|          13|
    |add_ln205_6_fu_556_p2     |         +|   0|  0|  17|          13|          13|
    |add_ln205_7_fu_562_p2     |         +|   0|  0|  17|          13|          13|
    |add_ln205_fu_526_p2       |         +|   0|  0|  13|           6|           6|
    |add_ln207_1_fu_588_p2     |         +|   0|  0|  18|          11|          11|
    |add_ln207_2_fu_686_p2     |         +|   0|  0|  23|          16|          16|
    |add_ln207_3_fu_578_p2     |         +|   0|  0|  16|           9|           9|
    |add_ln207_fu_668_p2       |         +|   0|  0|  24|          17|          17|
    |arrayidx51_sum_fu_623_p2  |         +|   0|  0|  21|          14|          14|
    |and_ln197_1_fu_260_p2     |       and|   0|  0|   2|           1|           1|
    |and_ln197_fu_344_p2       |       and|   0|  0|   2|           1|           1|
    |and_ln199_fu_349_p2       |       and|   0|  0|   2|           1|           1|
    |icmp_ln197_fu_230_p2      |      icmp|   0|  0|  25|          18|          17|
    |icmp_ln199_fu_242_p2      |      icmp|   0|  0|  21|          14|          13|
    |icmp_ln202_1_fu_407_p2    |      icmp|   0|  0|  13|           6|           5|
    |icmp_ln202_fu_254_p2      |      icmp|   0|  0|  16|           9|           8|
    |icmp_ln204_1_fu_401_p2    |      icmp|   0|  0|  10|           3|           3|
    |icmp_ln204_fu_321_p2      |      icmp|   0|  0|  10|           3|           3|
    |or_ln199_1_fu_339_p2      |        or|   0|  0|   2|           1|           1|
    |or_ln199_fu_266_p2        |        or|   0|  0|   2|           1|           1|
    |or_ln200_1_fu_366_p2      |        or|   0|  0|   2|           1|           1|
    |or_ln200_fu_361_p2        |        or|   0|  0|   2|           1|           1|
    |OutConv7_d0               |    select|   0|  0|  16|           1|           1|
    |select_ln197_1_fu_442_p3  |    select|   0|  0|   6|           1|           6|
    |select_ln197_fu_429_p3    |    select|   0|  0|   6|           1|           1|
    |select_ln199_1_fu_455_p3  |    select|   0|  0|   6|           1|           6|
    |select_ln199_2_fu_637_p3  |    select|   0|  0|  16|           1|           1|
    |select_ln199_3_fu_292_p3  |    select|   0|  0|  14|           1|           1|
    |select_ln199_fu_327_p3    |    select|   0|  0|   6|           1|           1|
    |select_ln200_fu_371_p3    |    select|   0|  0|   3|           1|           1|
    |select_ln202_1_fu_278_p3  |    select|   0|  0|   9|           1|           1|
    |select_ln202_fu_379_p3    |    select|   0|  0|   6|           1|           6|
    |ap_enable_pp0             |       xor|   0|  0|   2|           1|           2|
    |xor_ln197_fu_248_p2       |       xor|   0|  0|   2|           1|           2|
    |xor_ln199_fu_334_p2       |       xor|   0|  0|   2|           1|           2|
    +--------------------------+----------+----+---+----+------------+------------+
    |Total                     |          |   0|  0| 521|         271|         230|
    +--------------------------+----------+----+---+----+------------+------------+

    * Multiplexer: 
    +--------------------------+----+-----------+-----+-----------+
    |           Name           | LUT| Input Size| Bits| Total Bits|
    +--------------------------+----+-----------+-----+-----------+
    |ap_done_int               |   9|          2|    1|          2|
    |ap_enable_reg_pp0_iter1   |   9|          2|    1|          2|
    |ap_enable_reg_pp0_iter2   |   9|          2|    1|          2|
    |ap_sig_allocacmp_s_load   |   9|          2|   16|         32|
    |indvar_flatten196_fu_110  |   9|          2|    9|         18|
    |indvar_flatten211_fu_118  |   9|          2|   14|         28|
    |indvar_flatten235_fu_126  |   9|          2|   18|         36|
    |j_fu_102                  |   9|          2|    3|          6|
    |k_fu_106                  |   9|          2|    6|         12|
    |n_fu_122                  |   9|          2|    6|         12|
    |s_fu_98                   |   9|          2|   16|         32|
    |y_fu_114                  |   9|          2|    6|         12|
    +--------------------------+----+-----------+-----+-----------+
    |Total                     | 108|         24|   97|        194|
    +--------------------------+----+-----------+-----+-----------+

    * Register: 
    +------------------------------------+----+----+-----+-----------+
    |                Name                | FF | LUT| Bits| Const Bits|
    +------------------------------------+----+----+-----+-----------+
    |Weights_load_reg_887                |  16|   0|   16|          0|
    |add_ln205_3_reg_852                 |  14|   0|   14|          0|
    |add_ln207_1_reg_857                 |  11|   0|   11|          0|
    |and_ln197_1_reg_801                 |   1|   0|    1|          0|
    |ap_CS_fsm                           |   1|   0|    1|          0|
    |ap_done_reg                         |   1|   0|    1|          0|
    |ap_enable_reg_pp0_iter1             |   1|   0|    1|          0|
    |ap_enable_reg_pp0_iter2             |   1|   0|    1|          0|
    |ap_enable_reg_pp0_iter3             |   1|   0|    1|          0|
    |ap_enable_reg_pp0_iter4             |   1|   0|    1|          0|
    |ap_enable_reg_pp0_iter5             |   1|   0|    1|          0|
    |ap_enable_reg_pp0_iter6             |   1|   0|    1|          0|
    |ap_enable_reg_pp0_iter7             |   1|   0|    1|          0|
    |ap_enable_reg_pp0_iter8             |   1|   0|    1|          0|
    |ap_enable_reg_pp0_iter9             |   1|   0|    1|          0|
    |ap_loop_exit_ready_pp0_iter2_reg    |   1|   0|    1|          0|
    |ap_loop_exit_ready_pp0_iter3_reg    |   1|   0|    1|          0|
    |ap_loop_exit_ready_pp0_iter4_reg    |   1|   0|    1|          0|
    |ap_loop_exit_ready_pp0_iter5_reg    |   1|   0|    1|          0|
    |ap_loop_exit_ready_pp0_iter6_reg    |   1|   0|    1|          0|
    |ap_loop_exit_ready_pp0_iter7_reg    |   1|   0|    1|          0|
    |ap_loop_exit_ready_pp0_iter8_reg    |   1|   0|    1|          0|
    |empty_157_reg_829                   |   5|   0|    5|          0|
    |empty_157_reg_829_pp0_iter3_reg     |   5|   0|    5|          0|
    |icmp_ln199_reg_783                  |   1|   0|    1|          0|
    |icmp_ln202_1_reg_838                |   1|   0|    1|          0|
    |icmp_ln202_reg_796                  |   1|   0|    1|          0|
    |icmp_ln204_1_reg_834                |   1|   0|    1|          0|
    |indvar_flatten196_fu_110            |   9|   0|    9|          0|
    |indvar_flatten211_fu_118            |  14|   0|   14|          0|
    |indvar_flatten235_fu_126            |  18|   0|   18|          0|
    |j_fu_102                            |   3|   0|    3|          0|
    |k_fu_106                            |   6|   0|    6|          0|
    |n_fu_122                            |   6|   0|    6|          0|
    |or_ln199_reg_807                    |   1|   0|    1|          0|
    |s_fu_98                             |  16|   0|   16|          0|
    |select_ln197_1_reg_842              |   6|   0|    6|          0|
    |select_ln200_reg_813                |   3|   0|    3|          0|
    |select_ln200_reg_813_pp0_iter3_reg  |   3|   0|    3|          0|
    |select_ln202_reg_819                |   6|   0|    6|          0|
    |select_ln202_reg_819_pp0_iter3_reg  |   6|   0|    6|          0|
    |xor_ln197_reg_791                   |   1|   0|    1|          0|
    |y_fu_114                            |   6|   0|    6|          0|
    |add_ln207_1_reg_857                 |  64|  32|   11|          0|
    |and_ln197_1_reg_801                 |  64|  32|    1|          0|
    |icmp_ln199_reg_783                  |  64|  32|    1|          0|
    |icmp_ln202_1_reg_838                |  64|  32|    1|          0|
    |icmp_ln204_1_reg_834                |  64|  32|    1|          0|
    |or_ln199_reg_807                    |  64|  32|    1|          0|
    |select_ln197_1_reg_842              |  64|  32|    6|          0|
    +------------------------------------+----+----+-----+-----------+
    |Total                               | 626| 224|  200|          0|
    +------------------------------------+----+----+-----+-----------+



================================================================
== Interface
================================================================
* Summary: 
+----------------------+-----+-----+------------+-------------------------------------------------------------------------+--------------+
|       RTL Ports      | Dir | Bits|  Protocol  |                              Source Object                              |    C Type    |
+----------------------+-----+-----+------------+-------------------------------------------------------------------------+--------------+
|ap_clk                |   in|    1|  ap_ctrl_hs|  CNN_Pipeline_VITIS_LOOP_197_1_loop_for_ap_7_loop_for_fc_7_loop_for_fa_7|  return value|
|ap_rst                |   in|    1|  ap_ctrl_hs|  CNN_Pipeline_VITIS_LOOP_197_1_loop_for_ap_7_loop_for_fc_7_loop_for_fa_7|  return value|
|ap_start              |   in|    1|  ap_ctrl_hs|  CNN_Pipeline_VITIS_LOOP_197_1_loop_for_ap_7_loop_for_fc_7_loop_for_fa_7|  return value|
|ap_done               |  out|    1|  ap_ctrl_hs|  CNN_Pipeline_VITIS_LOOP_197_1_loop_for_ap_7_loop_for_fc_7_loop_for_fa_7|  return value|
|ap_idle               |  out|    1|  ap_ctrl_hs|  CNN_Pipeline_VITIS_LOOP_197_1_loop_for_ap_7_loop_for_fc_7_loop_for_fa_7|  return value|
|ap_ready              |  out|    1|  ap_ctrl_hs|  CNN_Pipeline_VITIS_LOOP_197_1_loop_for_ap_7_loop_for_fc_7_loop_for_fa_7|  return value|
|Weights_address0      |  out|   14|   ap_memory|                                                                  Weights|         array|
|Weights_ce0           |  out|    1|   ap_memory|                                                                  Weights|         array|
|Weights_q0            |   in|   16|   ap_memory|                                                                  Weights|         array|
|Weights_address1      |  out|   14|   ap_memory|                                                                  Weights|         array|
|Weights_ce1           |  out|    1|   ap_memory|                                                                  Weights|         array|
|Weights_q1            |   in|   16|   ap_memory|                                                                  Weights|         array|
|OutPadConv7_address0  |  out|   11|   ap_memory|                                                              OutPadConv7|         array|
|OutPadConv7_ce0       |  out|    1|   ap_memory|                                                              OutPadConv7|         array|
|OutPadConv7_q0        |   in|   16|   ap_memory|                                                              OutPadConv7|         array|
|OutConv7_address0     |  out|   11|   ap_memory|                                                                 OutConv7|         array|
|OutConv7_ce0          |  out|    1|   ap_memory|                                                                 OutConv7|         array|
|OutConv7_we0          |  out|    1|   ap_memory|                                                                 OutConv7|         array|
|OutConv7_d0           |  out|   16|   ap_memory|                                                                 OutConv7|         array|
+----------------------+-----+-----+------------+-------------------------------------------------------------------------+--------------+

