

================================================================
== Vitis HLS Report for 'CNN_Pipeline_loop_for_3_channel_pad_4_loop_for_channel_pad_4'
================================================================
* Date:           Fri Jun  7 16:44:13 2024

* Version:        2023.2 (Build 4023990 on Oct 11 2023)
* Project:        project2
* Solution:       solution2 (Vivado IP Flow Target)
* Product family: zynquplus
* Target device:  xck26-sfvc784-2LV-c


================================================================
== Performance Estimates
================================================================
+ Timing: 
    * Summary: 
    +--------+---------+----------+------------+
    |  Clock |  Target | Estimated| Uncertainty|
    +--------+---------+----------+------------+
    |ap_clk  |  5.00 ns|  2.970 ns|     1.35 ns|
    +--------+---------+----------+------------+

+ Latency: 
    * Summary: 
    +---------+---------+----------+----------+-----+-----+---------+
    |  Latency (cycles) |  Latency (absolute) |  Interval | Pipeline|
    |   min   |   max   |    min   |    max   | min | max |   Type  |
    +---------+---------+----------+----------+-----+-----+---------+
    |      676|      676|  3.380 us|  3.380 us|  676|  676|       no|
    +---------+---------+----------+----------+-----+-----+---------+

    + Detail: 
        * Instance: 
        N/A

        * Loop: 
        +---------------------------------------------------+---------+---------+----------+-----------+-----------+------+----------+
        |                                                   |  Latency (cycles) | Iteration|  Initiation Interval  | Trip |          |
        |                     Loop Name                     |   min   |   max   |  Latency |  achieved |   target  | Count| Pipelined|
        +---------------------------------------------------+---------+---------+----------+-----------+-----------+------+----------+
        |- loop_for_3_channel_pad_4_loop_for_channel_pad_4  |      674|      674|         4|          1|          1|   672|       yes|
        +---------------------------------------------------+---------+---------+----------+-----------+-----------+------+----------+



================================================================
== Utilization Estimates
================================================================
* Summary: 
+-----------------+---------+------+--------+--------+-----+
|       Name      | BRAM_18K|  DSP |   FF   |   LUT  | URAM|
+-----------------+---------+------+--------+--------+-----+
|DSP              |        -|     1|       -|       -|    -|
|Expression       |        -|     -|       0|     183|    -|
|FIFO             |        -|     -|       -|       -|    -|
|Instance         |        -|     -|       -|       -|    -|
|Memory           |        -|     -|       -|       -|    -|
|Multiplexer      |        -|     -|       -|      72|    -|
|Register         |        -|     -|     170|      64|    -|
+-----------------+---------+------+--------+--------+-----+
|Total            |        0|     1|     170|     319|    0|
+-----------------+---------+------+--------+--------+-----+
|Available        |      288|  1248|  234240|  117120|   64|
+-----------------+---------+------+--------+--------+-----+
|Utilization (%)  |        0|    ~0|      ~0|      ~0|    0|
+-----------------+---------+------+--------+--------+-----+

+ Detail: 
    * Instance: 
    N/A

    * DSP: 
    +------------------------------------+-------------------------------+--------------+
    |              Instance              |             Module            |  Expression  |
    +------------------------------------+-------------------------------+--------------+
    |mac_muladd_4ns_7ns_7ns_10_4_1_U118  |mac_muladd_4ns_7ns_7ns_10_4_1  |  i0 + i1 * i2|
    +------------------------------------+-------------------------------+--------------+

    * Memory: 
    N/A

    * FIFO: 
    N/A

    * Expression: 
    +--------------------------+----------+----+---+----+------------+------------+
    |       Variable Name      | Operation| DSP| FF| LUT| Bitwidth P0| Bitwidth P1|
    +--------------------------+----------+----+---+----+------------+------------+
    |add_ln109_1_fu_146_p2     |         +|   0|  0|  12|           4|           1|
    |add_ln109_fu_120_p2       |         +|   0|  0|  17|          10|           1|
    |add_ln111_fu_184_p2       |         +|   0|  0|  14|           7|           1|
    |add_ln112_1_fu_233_p2     |         +|   0|  0|  18|          10|          10|
    |add_ln112_2_fu_249_p2     |         +|   0|  0|  18|          10|          10|
    |add_ln112_3_fu_239_p2     |         +|   0|  0|  15|           8|           3|
    |icmp_ln109_fu_114_p2      |      icmp|   0|  0|  17|          10|          10|
    |icmp_ln111_fu_132_p2      |      icmp|   0|  0|  14|           7|           7|
    |icmp_ln112_1_fu_260_p2    |      icmp|   0|  0|  14|           7|           7|
    |icmp_ln112_fu_178_p2      |      icmp|   0|  0|  13|           6|           1|
    |or_ln112_fu_265_p2        |        or|   0|  0|   2|           1|           1|
    |OutPadConv4_d0            |    select|   0|  0|  16|           1|           1|
    |select_ln109_1_fu_152_p3  |    select|   0|  0|   4|           1|           4|
    |select_ln109_fu_138_p3    |    select|   0|  0|   7|           1|           1|
    |ap_enable_pp0             |       xor|   0|  0|   2|           1|           2|
    +--------------------------+----------+----+---+----+------------+------------+
    |Total                     |          |   0|  0| 183|          84|          60|
    +--------------------------+----------+----+---+----+------------+------------+

    * Multiplexer: 
    +----------------------------------------+----+-----------+-----+-----------+
    |                  Name                  | LUT| Input Size| Bits| Total Bits|
    +----------------------------------------+----+-----------+-----+-----------+
    |ap_done_int                             |   9|          2|    1|          2|
    |ap_enable_reg_pp0_iter1                 |   9|          2|    1|          2|
    |ap_sig_allocacmp_c_load                 |   9|          2|    4|          8|
    |ap_sig_allocacmp_indvar_flatten62_load  |   9|          2|   10|         20|
    |ap_sig_allocacmp_n_load                 |   9|          2|    7|         14|
    |c_fu_62                                 |   9|          2|    4|          8|
    |indvar_flatten62_fu_66                  |   9|          2|   10|         20|
    |n_fu_58                                 |   9|          2|    7|         14|
    +----------------------------------------+----+-----------+-----+-----------+
    |Total                                   |  72|         16|   44|         88|
    +----------------------------------------+----+-----------+-----+-----------+

    * Register: 
    +----------------------------------+----+----+-----+-----------+
    |               Name               | FF | LUT| Bits| Const Bits|
    +----------------------------------+----+----+-----+-----------+
    |ap_CS_fsm                         |   1|   0|    1|          0|
    |ap_done_reg                       |   1|   0|    1|          0|
    |ap_enable_reg_pp0_iter1           |   1|   0|    1|          0|
    |ap_enable_reg_pp0_iter2           |   1|   0|    1|          0|
    |ap_enable_reg_pp0_iter3           |   1|   0|    1|          0|
    |ap_loop_exit_ready_pp0_iter1_reg  |   1|   0|    1|          0|
    |ap_loop_exit_ready_pp0_iter2_reg  |   1|   0|    1|          0|
    |c_fu_62                           |   4|   0|    4|          0|
    |empty_reg_329                     |   3|   0|    3|          0|
    |empty_reg_329_pp0_iter1_reg       |   3|   0|    3|          0|
    |icmp_ln112_reg_335                |   1|   0|    1|          0|
    |indvar_flatten62_fu_66            |  10|   0|   10|          0|
    |n_fu_58                           |   7|   0|    7|          0|
    |select_ln109_reg_317              |   7|   0|    7|          0|
    |icmp_ln112_reg_335                |  64|  32|    1|          0|
    |select_ln109_reg_317              |  64|  32|    7|          0|
    +----------------------------------+----+----+-----+-----------+
    |Total                             | 170|  64|   50|          0|
    +----------------------------------+----+----+-----+-----------+



================================================================
== Interface
================================================================
* Summary: 
+----------------------+-----+-----+------------+--------------------------------------------------------------+--------------+
|       RTL Ports      | Dir | Bits|  Protocol  |                         Source Object                        |    C Type    |
+----------------------+-----+-----+------------+--------------------------------------------------------------+--------------+
|ap_clk                |   in|    1|  ap_ctrl_hs|  CNN_Pipeline_loop_for_3_channel_pad_4_loop_for_channel_pad_4|  return value|
|ap_rst                |   in|    1|  ap_ctrl_hs|  CNN_Pipeline_loop_for_3_channel_pad_4_loop_for_channel_pad_4|  return value|
|ap_start              |   in|    1|  ap_ctrl_hs|  CNN_Pipeline_loop_for_3_channel_pad_4_loop_for_channel_pad_4|  return value|
|ap_done               |  out|    1|  ap_ctrl_hs|  CNN_Pipeline_loop_for_3_channel_pad_4_loop_for_channel_pad_4|  return value|
|ap_idle               |  out|    1|  ap_ctrl_hs|  CNN_Pipeline_loop_for_3_channel_pad_4_loop_for_channel_pad_4|  return value|
|ap_ready              |  out|    1|  ap_ctrl_hs|  CNN_Pipeline_loop_for_3_channel_pad_4_loop_for_channel_pad_4|  return value|
|OutPadConv4_address0  |  out|   10|   ap_memory|                                                   OutPadConv4|         array|
|OutPadConv4_ce0       |  out|    1|   ap_memory|                                                   OutPadConv4|         array|
|OutPadConv4_we0       |  out|    1|   ap_memory|                                                   OutPadConv4|         array|
|OutPadConv4_d0        |  out|   16|   ap_memory|                                                   OutPadConv4|         array|
|OutPool1_address0     |  out|   10|   ap_memory|                                                      OutPool1|         array|
|OutPool1_ce0          |  out|    1|   ap_memory|                                                      OutPool1|         array|
|OutPool1_q0           |   in|   16|   ap_memory|                                                      OutPool1|         array|
+----------------------+-----+-----+------------+--------------------------------------------------------------+--------------+

