

================================================================
== Vitis HLS Report for 'CNN_Pipeline_VITIS_LOOP_67_1_loop_for_ap_2'
================================================================
* Date:           Fri Jun  7 16:44:11 2024

* Version:        2023.2 (Build 4023990 on Oct 11 2023)
* Project:        project2
* Solution:       solution2 (Vivado IP Flow Target)
* Product family: zynquplus
* Target device:  xck26-sfvc784-2LV-c


================================================================
== Performance Estimates
================================================================
+ Timing: 
    * Summary: 
    +--------+---------+----------+------------+
    |  Clock |  Target | Estimated| Uncertainty|
    +--------+---------+----------+------------+
    |ap_clk  |  5.00 ns|  3.617 ns|     1.35 ns|
    +--------+---------+----------+------------+

+ Latency: 
    * Summary: 
    +---------+---------+-----------+-----------+-------+-------+---------+
    |  Latency (cycles) |   Latency (absolute)  |    Interval   | Pipeline|
    |   min   |   max   |    min    |    max    |  min  |  max  |   Type  |
    +---------+---------+-----------+-----------+-------+-------+---------+
    |    14094|    14094|  70.470 us|  70.470 us|  14094|  14094|       no|
    +---------+---------+-----------+-----------+-------+-------+---------+

    + Detail: 
        * Instance: 
        N/A

        * Loop: 
        +---------------------------------+---------+---------+----------+-----------+-----------+------+----------+
        |                                 |  Latency (cycles) | Iteration|  Initiation Interval  | Trip |          |
        |            Loop Name            |   min   |   max   |  Latency |  achieved |   target  | Count| Pipelined|
        +---------------------------------+---------+---------+----------+-----------+-----------+------+----------+
        |- VITIS_LOOP_67_1_loop_for_ap_2  |    14092|    14092|        24|         11|          1|  1280|       yes|
        +---------------------------------+---------+---------+----------+-----------+-----------+------+----------+



================================================================
== Utilization Estimates
================================================================
* Summary: 
+-----------------+---------+------+--------+--------+-----+
|       Name      | BRAM_18K|  DSP |   FF   |   LUT  | URAM|
+-----------------+---------+------+--------+--------+-----+
|DSP              |        -|    19|       -|       -|    -|
|Expression       |        -|     -|       0|     822|    -|
|FIFO             |        -|     -|       -|       -|    -|
|Instance         |        -|     1|       0|       5|    -|
|Memory           |        -|     -|       -|       -|    -|
|Multiplexer      |        -|     -|       -|     469|    -|
|Register         |        -|     -|     515|       -|    -|
+-----------------+---------+------+--------+--------+-----+
|Total            |        0|    20|     515|    1296|    0|
+-----------------+---------+------+--------+--------+-----+
|Available        |      288|  1248|  234240|  117120|   64|
+-----------------+---------+------+--------+--------+-----+
|Utilization (%)  |        0|     1|      ~0|       1|    0|
+-----------------+---------+------+--------+--------+-----+

+ Detail: 
    * Instance: 
    +------------------------+--------------------+---------+----+---+----+-----+
    |        Instance        |       Module       | BRAM_18K| DSP| FF| LUT| URAM|
    +------------------------+--------------------+---------+----+---+----+-----+
    |mul_16s_16s_24_1_1_U46  |mul_16s_16s_24_1_1  |        0|   1|  0|   5|    0|
    +------------------------+--------------------+---------+----+---+----+-----+
    |Total                   |                    |        0|   1|  0|   5|    0|
    +------------------------+--------------------+---------+----+---+----+-----+

    * DSP: 
    +------------------------------------+--------------------------------+--------------+
    |              Instance              |             Module             |  Expression  |
    +------------------------------------+--------------------------------+--------------+
    |mac_muladd_16s_16s_24ns_24_4_1_U47  |mac_muladd_16s_16s_24ns_24_4_1  |  i0 + i1 * i2|
    |mac_muladd_16s_16s_24ns_24_4_1_U48  |mac_muladd_16s_16s_24ns_24_4_1  |  i0 + i1 * i2|
    |mac_muladd_16s_16s_24ns_24_4_1_U49  |mac_muladd_16s_16s_24ns_24_4_1  |  i0 + i1 * i2|
    |mac_muladd_16s_16s_24ns_24_4_1_U50  |mac_muladd_16s_16s_24ns_24_4_1  |  i0 + i1 * i2|
    |mac_muladd_16s_16s_24ns_24_4_1_U51  |mac_muladd_16s_16s_24ns_24_4_1  |  i0 + i1 * i2|
    |mac_muladd_16s_16s_24ns_24_4_1_U52  |mac_muladd_16s_16s_24ns_24_4_1  |  i0 + i1 * i2|
    |mac_muladd_16s_16s_24ns_24_4_1_U53  |mac_muladd_16s_16s_24ns_24_4_1  |  i0 + i1 * i2|
    |mac_muladd_16s_16s_24ns_24_4_1_U54  |mac_muladd_16s_16s_24ns_24_4_1  |  i0 + i1 * i2|
    |mac_muladd_16s_16s_24ns_24_4_1_U55  |mac_muladd_16s_16s_24ns_24_4_1  |  i0 + i1 * i2|
    |mac_muladd_16s_16s_24ns_24_4_1_U56  |mac_muladd_16s_16s_24ns_24_4_1  |  i0 + i1 * i2|
    |mac_muladd_16s_16s_24ns_24_4_1_U57  |mac_muladd_16s_16s_24ns_24_4_1  |  i0 + i1 * i2|
    |mac_muladd_16s_16s_24ns_24_4_1_U58  |mac_muladd_16s_16s_24ns_24_4_1  |  i0 + i1 * i2|
    |mac_muladd_16s_16s_24ns_24_4_1_U59  |mac_muladd_16s_16s_24ns_24_4_1  |  i0 + i1 * i2|
    |mac_muladd_16s_16s_24ns_24_4_1_U60  |mac_muladd_16s_16s_24ns_24_4_1  |  i0 + i1 * i2|
    |mac_muladd_16s_16s_24ns_24_4_1_U61  |mac_muladd_16s_16s_24ns_24_4_1  |  i0 + i1 * i2|
    |mac_muladd_16s_16s_24ns_24_4_1_U62  |mac_muladd_16s_16s_24ns_24_4_1  |  i0 + i1 * i2|
    |mac_muladd_16s_16s_24ns_24_4_1_U63  |mac_muladd_16s_16s_24ns_24_4_1  |  i0 + i1 * i2|
    |mac_muladd_16s_16s_24ns_24_4_1_U64  |mac_muladd_16s_16s_24ns_24_4_1  |  i0 + i1 * i2|
    |mac_muladd_16s_16s_24ns_24_4_1_U65  |mac_muladd_16s_16s_24ns_24_4_1  |  i0 + i1 * i2|
    +------------------------------------+--------------------------------+--------------+

    * Memory: 
    N/A

    * FIFO: 
    N/A

    * Expression: 
    +---------------------------+----------+----+---+----+------------+------------+
    |       Variable Name       | Operation| DSP| FF| LUT| Bitwidth P0| Bitwidth P1|
    +---------------------------+----------+----+---+----+------------+------------+
    |add_ln67_1_fu_612_p2       |         +|   0|  0|  12|           4|           1|
    |add_ln67_fu_586_p2         |         +|   0|  0|  18|          11|           1|
    |add_ln75_10_fu_785_p2      |         +|   0|  0|  15|           8|           3|
    |add_ln75_11_fu_814_p2      |         +|   0|  0|  15|           8|           7|
    |add_ln75_13_fu_795_p2      |         +|   0|  0|  16|           9|           8|
    |add_ln75_14_fu_824_p2      |         +|   0|  0|  15|           8|           7|
    |add_ln75_16_fu_834_p2      |         +|   0|  0|  16|           9|           8|
    |add_ln75_17_fu_869_p2      |         +|   0|  0|  15|           8|           7|
    |add_ln75_19_fu_844_p2      |         +|   0|  0|  16|           9|           8|
    |add_ln75_1_fu_623_p2       |         +|   0|  0|  15|           8|           1|
    |add_ln75_20_fu_879_p2      |         +|   0|  0|  15|           8|           7|
    |add_ln75_22_fu_889_p2      |         +|   0|  0|  16|           9|           8|
    |add_ln75_23_fu_937_p2      |         +|   0|  0|  16|           9|           7|
    |add_ln75_25_fu_899_p2      |         +|   0|  0|  16|           9|           8|
    |add_ln75_26_fu_948_p2      |         +|   0|  0|  16|           9|           7|
    |add_ln75_28_fu_959_p2      |         +|   0|  0|  16|           9|           9|
    |add_ln75_29_fu_1004_p2     |         +|   0|  0|  16|           9|           7|
    |add_ln75_2_fu_694_p2       |         +|   0|  0|  15|           8|           7|
    |add_ln75_31_fu_969_p2      |         +|   0|  0|  16|           9|           9|
    |add_ln75_32_fu_1014_p2     |         +|   0|  0|  16|           9|           7|
    |add_ln75_34_fu_1024_p2     |         +|   0|  0|  16|           9|           9|
    |add_ln75_35_fu_1094_p2     |         +|   0|  0|  16|           9|           7|
    |add_ln75_37_fu_1034_p2     |         +|   0|  0|  16|           9|           9|
    |add_ln75_38_fu_1104_p2     |         +|   0|  0|  16|           9|           7|
    |add_ln75_40_fu_1114_p2     |         +|   0|  0|  16|           9|           9|
    |add_ln75_41_fu_1175_p2     |         +|   0|  0|  16|           9|           7|
    |add_ln75_43_fu_1124_p2     |         +|   0|  0|  17|          10|           9|
    |add_ln75_44_fu_1185_p2     |         +|   0|  0|  16|           9|           7|
    |add_ln75_46_fu_1195_p2     |         +|   0|  0|  17|          10|           9|
    |add_ln75_47_fu_1240_p2     |         +|   0|  0|  16|           9|           7|
    |add_ln75_49_fu_1205_p2     |         +|   0|  0|  17|          10|           9|
    |add_ln75_4_fu_705_p2       |         +|   0|  0|  15|           8|           2|
    |add_ln75_50_fu_1250_p2     |         +|   0|  0|  16|           9|           7|
    |add_ln75_52_fu_1260_p2     |         +|   0|  0|  17|          10|           9|
    |add_ln75_53_fu_1304_p2     |         +|   0|  0|  16|           9|           7|
    |add_ln75_55_fu_1270_p2     |         +|   0|  0|  17|          10|           9|
    |add_ln75_56_fu_1314_p2     |         +|   0|  0|  16|           9|           7|
    |add_ln75_5_fu_765_p2       |         +|   0|  0|  15|           8|           7|
    |add_ln75_7_fu_715_p2       |         +|   0|  0|  15|           8|           2|
    |add_ln75_8_fu_775_p2       |         +|   0|  0|  15|           8|           7|
    |add_ln75_fu_683_p2         |         +|   0|  0|  15|           8|           7|
    |add_ln77_1_fu_1144_p2      |         +|   0|  0|  18|          11|          11|
    |add_ln77_2_fu_1642_p2      |         +|   0|  0|  23|          16|          16|
    |add_ln77_3_fu_1135_p2      |         +|   0|  0|  16|           9|           9|
    |add_ln77_fu_1624_p2        |         +|   0|  0|  24|          17|          17|
    |arrayidx17_sum_fu_1327_p2  |         +|   0|  0|  16|           9|           9|
    |empty_156_fu_677_p2        |         +|   0|  0|  15|           8|           8|
    |icmp_ln67_fu_580_p2        |      icmp|   0|  0|  18|          11|          11|
    |icmp_ln69_fu_598_p2        |      icmp|   0|  0|  15|           8|           8|
    |OutConv2_d0                |    select|   0|  0|  16|           1|           1|
    |select_ln67_1_fu_644_p3    |    select|   0|  0|   4|           1|           4|
    |select_ln67_fu_604_p3      |    select|   0|  0|   8|           1|           1|
    |ap_enable_pp0              |       xor|   0|  0|   2|           1|           2|
    +---------------------------+----------+----+---+----+------------+------------+
    |Total                      |          |   0|  0| 822|         452|         377|
    +---------------------------+----------+----+---+----+------------+------------+

    * Multiplexer: 
    +----------------------------------------+----+-----------+-----+-----------+
    |                  Name                  | LUT| Input Size| Bits| Total Bits|
    +----------------------------------------+----+-----------+-----+-----------+
    |OutPadConv2_address0                    |  59|         11|   10|        110|
    |OutPadConv2_address1                    |  59|         11|   10|        110|
    |Weights_address0                        |  65|         12|   14|        168|
    |Weights_address1                        |  59|         11|   14|        154|
    |ap_NS_fsm                               |  65|         12|    1|         12|
    |ap_done_int                             |   9|          2|    1|          2|
    |ap_enable_reg_pp0_iter0                 |   9|          2|    1|          2|
    |ap_enable_reg_pp0_iter1                 |   9|          2|    1|          2|
    |ap_enable_reg_pp0_iter2                 |   9|          2|    1|          2|
    |ap_loop_exit_ready_pp0_iter1_reg        |   9|          2|    1|          2|
    |ap_sig_allocacmp_indvar_flatten34_load  |   9|          2|   11|         22|
    |ap_sig_allocacmp_n_load                 |   9|          2|    4|          8|
    |ap_sig_allocacmp_y_load                 |   9|          2|    8|         16|
    |indvar_flatten34_fu_160                 |   9|          2|   11|         22|
    |n_fu_156                                |   9|          2|    4|          8|
    |reg_527                                 |   9|          2|   16|         32|
    |reg_532                                 |   9|          2|   16|         32|
    |reg_537                                 |   9|          2|   16|         32|
    |reg_542                                 |   9|          2|   16|         32|
    |reg_547                                 |   9|          2|   16|         32|
    |reg_552                                 |   9|          2|   16|         32|
    |reg_557                                 |   9|          2|   16|         32|
    |y_fu_152                                |   9|          2|    8|         16|
    +----------------------------------------+----+-----------+-----+-----------+
    |Total                                   | 469|         93|  212|        880|
    +----------------------------------------+----+-----------+-----+-----------+

    * Register: 
    +-----------------------------------+----+----+-----+-----------+
    |                Name               | FF | LUT| Bits| Const Bits|
    +-----------------------------------+----+----+-----+-----------+
    |OutPadConv2_load_11_reg_2121       |  16|   0|   16|          0|
    |OutPadConv2_load_12_reg_2169       |  16|   0|   16|          0|
    |OutPadConv2_load_13_reg_2179       |  16|   0|   16|          0|
    |OutPadConv2_load_15_reg_2229       |  16|   0|   16|          0|
    |OutPadConv2_load_16_reg_2269       |  16|   0|   16|          0|
    |OutPadConv2_load_17_reg_2279       |  16|   0|   16|          0|
    |OutPadConv2_load_18_reg_2319       |  16|   0|   16|          0|
    |OutPadConv2_load_19_reg_2329       |  16|   0|   16|          0|
    |OutPadConv2_load_9_reg_2081        |  16|   0|   16|          0|
    |Weights_load_27_reg_2364           |  16|   0|   16|          0|
    |Weights_load_39_reg_2159           |  16|   0|   16|          0|
    |Weights_load_41_reg_2214           |  16|   0|   16|          0|
    |Weights_load_43_reg_2259           |  16|   0|   16|          0|
    |Weights_load_45_reg_2309           |  16|   0|   16|          0|
    |Weights_load_46_reg_2354           |  16|   0|   16|          0|
    |Weights_load_47_reg_2359           |  16|   0|   16|          0|
    |add_ln67_1_reg_1871                |   4|   0|    4|          0|
    |add_ln77_1_reg_2194                |  11|   0|   11|          0|
    |add_ln77_1_reg_2194_pp0_iter1_reg  |  11|   0|   11|          0|
    |ap_CS_fsm                          |  11|   0|   11|          0|
    |ap_done_reg                        |   1|   0|    1|          0|
    |ap_enable_reg_pp0_iter0_reg        |   1|   0|    1|          0|
    |ap_enable_reg_pp0_iter1            |   1|   0|    1|          0|
    |ap_enable_reg_pp0_iter2            |   1|   0|    1|          0|
    |ap_loop_exit_ready_pp0_iter1_reg   |   1|   0|    1|          0|
    |empty_156_reg_1897                 |   6|   0|    8|          2|
    |empty_reg_1891                     |   3|   0|    3|          0|
    |icmp_ln67_reg_1848                 |   1|   0|    1|          0|
    |icmp_ln67_reg_1848_pp0_iter1_reg   |   1|   0|    1|          0|
    |icmp_ln69_reg_1857                 |   1|   0|    1|          0|
    |indvar_flatten34_fu_160            |  11|   0|   11|          0|
    |n_fu_156                           |   4|   0|    4|          0|
    |n_load_reg_1852                    |   4|   0|    4|          0|
    |p_cast86_reg_2042                  |   6|   0|    9|          3|
    |reg_523                            |  16|   0|   16|          0|
    |reg_527                            |  16|   0|   16|          0|
    |reg_532                            |  16|   0|   16|          0|
    |reg_537                            |  16|   0|   16|          0|
    |reg_542                            |  16|   0|   16|          0|
    |reg_547                            |  16|   0|   16|          0|
    |reg_552                            |  16|   0|   16|          0|
    |reg_557                            |  16|   0|   16|          0|
    |select_ln67_1_reg_1886             |   4|   0|    4|          0|
    |select_ln67_reg_1862               |   8|   0|    8|          0|
    |tmp_45_reg_1952                    |  16|   0|   16|          0|
    |y_fu_152                           |   8|   0|    8|          0|
    |zext_ln69_2_reg_2136               |   8|   0|   10|          2|
    |zext_ln69_3_reg_1928               |   8|   0|    9|          1|
    +-----------------------------------+----+----+-----+-----------+
    |Total                              | 515|   0|  523|          8|
    +-----------------------------------+----+----+-----+-----------+



================================================================
== Interface
================================================================
* Summary: 
+----------------------+-----+-----+------------+--------------------------------------------+--------------+
|       RTL Ports      | Dir | Bits|  Protocol  |                Source Object               |    C Type    |
+----------------------+-----+-----+------------+--------------------------------------------+--------------+
|ap_clk                |   in|    1|  ap_ctrl_hs|  CNN_Pipeline_VITIS_LOOP_67_1_loop_for_ap_2|  return value|
|ap_rst                |   in|    1|  ap_ctrl_hs|  CNN_Pipeline_VITIS_LOOP_67_1_loop_for_ap_2|  return value|
|ap_start              |   in|    1|  ap_ctrl_hs|  CNN_Pipeline_VITIS_LOOP_67_1_loop_for_ap_2|  return value|
|ap_done               |  out|    1|  ap_ctrl_hs|  CNN_Pipeline_VITIS_LOOP_67_1_loop_for_ap_2|  return value|
|ap_idle               |  out|    1|  ap_ctrl_hs|  CNN_Pipeline_VITIS_LOOP_67_1_loop_for_ap_2|  return value|
|ap_ready              |  out|    1|  ap_ctrl_hs|  CNN_Pipeline_VITIS_LOOP_67_1_loop_for_ap_2|  return value|
|Weights_address0      |  out|   14|   ap_memory|                                     Weights|         array|
|Weights_ce0           |  out|    1|   ap_memory|                                     Weights|         array|
|Weights_q0            |   in|   16|   ap_memory|                                     Weights|         array|
|Weights_address1      |  out|   14|   ap_memory|                                     Weights|         array|
|Weights_ce1           |  out|    1|   ap_memory|                                     Weights|         array|
|Weights_q1            |   in|   16|   ap_memory|                                     Weights|         array|
|OutPadConv2_address0  |  out|   10|   ap_memory|                                 OutPadConv2|         array|
|OutPadConv2_ce0       |  out|    1|   ap_memory|                                 OutPadConv2|         array|
|OutPadConv2_q0        |   in|   16|   ap_memory|                                 OutPadConv2|         array|
|OutPadConv2_address1  |  out|   10|   ap_memory|                                 OutPadConv2|         array|
|OutPadConv2_ce1       |  out|    1|   ap_memory|                                 OutPadConv2|         array|
|OutPadConv2_q1        |   in|   16|   ap_memory|                                 OutPadConv2|         array|
|OutConv2_address0     |  out|   11|   ap_memory|                                    OutConv2|         array|
|OutConv2_ce0          |  out|    1|   ap_memory|                                    OutConv2|         array|
|OutConv2_we0          |  out|    1|   ap_memory|                                    OutConv2|         array|
|OutConv2_d0           |  out|   16|   ap_memory|                                    OutConv2|         array|
+----------------------+-----+-----+------------+--------------------------------------------+--------------+

