

================================================================
== Vitis HLS Report for 'CNN'
================================================================
* Date:           Fri Jun  7 16:44:19 2024

* Version:        2023.2 (Build 4023990 on Oct 11 2023)
* Project:        project2
* Solution:       solution2 (Vivado IP Flow Target)
* Product family: zynquplus
* Target device:  xck26-sfvc784-2LV-c


================================================================
== Performance Estimates
================================================================
+ Timing: 
    * Summary: 
    +--------+---------+----------+------------+
    |  Clock |  Target | Estimated| Uncertainty|
    +--------+---------+----------+------------+
    |ap_clk  |  5.00 ns|  3.620 ns|     1.35 ns|
    +--------+---------+----------+------------+

+ Latency: 
    * Summary: 
    +---------+---------+----------+----------+--------+--------+---------+
    |  Latency (cycles) |  Latency (absolute) |     Interval    | Pipeline|
    |   min   |   max   |    min   |    max   |   min  |   max  |   Type  |
    +---------+---------+----------+----------+--------+--------+---------+
    |   506338|   506338|  2.532 ms|  2.532 ms|  506339|  506339|       no|
    +---------+---------+----------+----------+--------+--------+---------+

    + Detail: 
        * Instance: 
        +------------------------------------------------------------------------------------+-------------------------------------------------------------------------+---------+---------+-----------+-----------+--------+--------+---------+
        |                                                                                    |                                                                         |  Latency (cycles) |   Latency (absolute)  |     Interval    | Pipeline|
        |                                      Instance                                      |                                  Module                                 |   min   |   max   |    min    |    max    |   min  |   max  |   Type  |
        +------------------------------------------------------------------------------------+-------------------------------------------------------------------------+---------+---------+-----------+-----------+--------+--------+---------+
        |grp_CNN_Pipeline_loop_for_channel_pad_0_fu_724                                      |CNN_Pipeline_loop_for_channel_pad_0                                      |      326|      326|   1.630 us|   1.630 us|     326|     326|       no|
        |grp_CNN_Pipeline_VITIS_LOOP_15_1_loop_for_ap_0_fu_732                               |CNN_Pipeline_VITIS_LOOP_15_1_loop_for_ap_0                               |     3847|     3847|  19.235 us|  19.235 us|    3847|    3847|       no|
        |grp_CNN_Pipeline_loop_for_3_channel_pad_1_loop_for_channel_pad_1_fu_740             |CNN_Pipeline_loop_for_3_channel_pad_1_loop_for_channel_pad_1             |     1299|     1299|   6.495 us|   6.495 us|    1299|    1299|       no|
        |grp_CNN_Pipeline_VITIS_LOOP_41_1_loop_for_ap_1_fu_746                               |CNN_Pipeline_VITIS_LOOP_41_1_loop_for_ap_1                               |    14093|    14093|  70.465 us|  70.465 us|   14093|   14093|       no|
        |grp_CNN_Pipeline_loop_for_channel_pool_0_loop_for_weight_pool_0_fu_754              |CNN_Pipeline_loop_for_channel_pool_0_loop_for_weight_pool_0              |      643|      643|   3.215 us|   3.215 us|     643|     643|       no|
        |grp_CNN_Pipeline_loop_for_3_channel_pad_2_loop_for_channel_pad_2_fu_760             |CNN_Pipeline_loop_for_3_channel_pad_2_loop_for_channel_pad_2             |      659|      659|   3.295 us|   3.295 us|     659|     659|       no|
        |grp_CNN_Pipeline_VITIS_LOOP_67_1_loop_for_ap_2_fu_766                               |CNN_Pipeline_VITIS_LOOP_67_1_loop_for_ap_2                               |    14094|    14094|  70.470 us|  70.470 us|   14094|   14094|       no|
        |grp_CNN_Pipeline_loop_for_3_channel_pad_3_loop_for_channel_pad_3_fu_774             |CNN_Pipeline_loop_for_3_channel_pad_3_loop_for_channel_pad_3             |     1316|     1316|   6.580 us|   6.580 us|    1316|    1316|       no|
        |grp_CNN_Pipeline_VITIS_LOOP_93_1_loop_for_ap_3_fu_780                               |CNN_Pipeline_VITIS_LOOP_93_1_loop_for_ap_3                               |    26904|    26904|   0.135 ms|   0.135 ms|   26904|   26904|       no|
        |grp_CNN_Pipeline_loop_for_channel_pool_1_loop_for_weight_pool_1_fu_788              |CNN_Pipeline_loop_for_channel_pool_1_loop_for_weight_pool_1              |      644|      644|   3.220 us|   3.220 us|     644|     644|       no|
        |grp_CNN_Pipeline_loop_for_3_channel_pad_4_loop_for_channel_pad_4_fu_794             |CNN_Pipeline_loop_for_3_channel_pad_4_loop_for_channel_pad_4             |      676|      676|   3.380 us|   3.380 us|     676|     676|       no|
        |grp_CNN_Pipeline_VITIS_LOOP_119_1_loop_for_ap_4_fu_800                              |CNN_Pipeline_VITIS_LOOP_119_1_loop_for_ap_4                              |    26904|    26904|   0.135 ms|   0.135 ms|   26904|   26904|       no|
        |grp_CNN_Pipeline_loop_for_3_channel_pad_5_loop_for_channel_pad_5_fu_808             |CNN_Pipeline_loop_for_3_channel_pad_5_loop_for_channel_pad_5             |     1348|     1348|   6.740 us|   6.740 us|    1348|    1348|       no|
        |grp_CNN_Pipeline_VITIS_LOOP_145_1_loop_for_ap_5_loop_for_fc_5_loop_for_fa_5_fu_814  |CNN_Pipeline_VITIS_LOOP_145_1_loop_for_ap_5_loop_for_fc_5_loop_for_fa_5  |   102409|   102409|   0.512 ms|   0.512 ms|  102409|  102409|       no|
        |grp_CNN_Pipeline_loop_for_channel_pool_2_loop_for_weight_pool_2_fu_822              |CNN_Pipeline_loop_for_channel_pool_2_loop_for_weight_pool_2              |      644|      644|   3.220 us|   3.220 us|     644|     644|       no|
        |grp_CNN_Pipeline_loop_for_3_channel_pad_6_loop_for_channel_pad_6_fu_828             |CNN_Pipeline_loop_for_3_channel_pad_6_loop_for_channel_pad_6             |      708|      708|   3.540 us|   3.540 us|     708|     708|       no|
        |grp_CNN_Pipeline_VITIS_LOOP_171_1_loop_for_ap_6_loop_for_fc_6_loop_for_fa_6_fu_834  |CNN_Pipeline_VITIS_LOOP_171_1_loop_for_ap_6_loop_for_fc_6_loop_for_fa_6  |   102409|   102409|   0.512 ms|   0.512 ms|  102409|  102409|       no|
        |grp_CNN_Pipeline_loop_for_3_channel_pad_7_loop_for_channel_pad_7_fu_842             |CNN_Pipeline_loop_for_3_channel_pad_7_loop_for_channel_pad_7             |     1412|     1412|   7.060 us|   7.060 us|    1412|    1412|       no|
        |grp_CNN_Pipeline_VITIS_LOOP_197_1_loop_for_ap_7_loop_for_fc_7_loop_for_fa_7_fu_848  |CNN_Pipeline_VITIS_LOOP_197_1_loop_for_ap_7_loop_for_fc_7_loop_for_fa_7  |   204809|   204809|   1.024 ms|   1.024 ms|  204809|  204809|       no|
        |grp_CNN_Pipeline_loop_for_channel_pool_3_loop_for_weight_pool_3_fu_856              |CNN_Pipeline_loop_for_channel_pool_3_loop_for_weight_pool_3              |      649|      649|   3.245 us|   3.245 us|     649|     649|       no|
        |grp_CNN_Pipeline_VITIS_LOOP_93_1_fu_871                                             |CNN_Pipeline_VITIS_LOOP_93_1                                             |       36|       36|   0.180 us|   0.180 us|      36|      36|       no|
        |grp_CNN_Pipeline_loop_for_a_Dense_0_fu_886                                          |CNN_Pipeline_loop_for_a_Dense_0                                          |      359|      359|   1.795 us|   1.795 us|     359|     359|       no|
        |grp_CNN_Pipeline_loop_for_a_Dense_1_fu_927                                          |CNN_Pipeline_loop_for_a_Dense_1                                          |       68|       68|   0.340 us|   0.340 us|      68|      68|       no|
        |grp_CNN_Pipeline_loop_detect_fu_956                                                 |CNN_Pipeline_loop_detect                                                 |        6|        6|  30.000 ns|  30.000 ns|       6|       6|       no|
        +------------------------------------------------------------------------------------+-------------------------------------------------------------------------+---------+---------+-----------+-----------+--------+--------+---------+

        * Loop: 
        N/A



================================================================
== Utilization Estimates
================================================================
* Summary: 
+-----------------+---------+------+--------+--------+-----+
|       Name      | BRAM_18K|  DSP |   FF   |   LUT  | URAM|
+-----------------+---------+------+--------+--------+-----+
|DSP              |        -|     -|       -|       -|    -|
|Expression       |        -|     -|       -|       -|    -|
|FIFO             |        -|     -|       -|       -|    -|
|Instance         |        -|   189|    9186|   16700|    -|
|Memory           |       41|     -|      72|      13|    0|
|Multiplexer      |        -|     -|       -|    2283|    -|
|Register         |        -|     -|     821|       -|    -|
+-----------------+---------+------+--------+--------+-----+
|Total            |       41|   189|   10079|   18996|    0|
+-----------------+---------+------+--------+--------+-----+
|Available        |      288|  1248|  234240|  117120|   64|
+-----------------+---------+------+--------+--------+-----+
|Utilization (%)  |       14|    15|       4|      16|    0|
+-----------------+---------+------+--------+--------+-----+

+ Detail: 
    * Instance: 
    +------------------------------------------------------------------------------------+-------------------------------------------------------------------------+---------+----+------+------+-----+
    |                                      Instance                                      |                                  Module                                 | BRAM_18K| DSP|  FF  |  LUT | URAM|
    +------------------------------------------------------------------------------------+-------------------------------------------------------------------------+---------+----+------+------+-----+
    |grp_CNN_Pipeline_VITIS_LOOP_119_1_loop_for_ap_4_fu_800                              |CNN_Pipeline_VITIS_LOOP_119_1_loop_for_ap_4                              |        0|  40|  1007|  2289|    0|
    |grp_CNN_Pipeline_VITIS_LOOP_145_1_loop_for_ap_5_loop_for_fc_5_loop_for_fa_5_fu_814  |CNN_Pipeline_VITIS_LOOP_145_1_loop_for_ap_5_loop_for_fc_5_loop_for_fa_5  |        0|   2|   616|   825|    0|
    |grp_CNN_Pipeline_VITIS_LOOP_15_1_loop_for_ap_0_fu_732                               |CNN_Pipeline_VITIS_LOOP_15_1_loop_for_ap_0                               |        0|   5|   281|   571|    0|
    |grp_CNN_Pipeline_VITIS_LOOP_171_1_loop_for_ap_6_loop_for_fc_6_loop_for_fa_6_fu_834  |CNN_Pipeline_VITIS_LOOP_171_1_loop_for_ap_6_loop_for_fc_6_loop_for_fa_6  |        0|   2|   870|   964|    0|
    |grp_CNN_Pipeline_VITIS_LOOP_197_1_loop_for_ap_7_loop_for_fc_7_loop_for_fa_7_fu_848  |CNN_Pipeline_VITIS_LOOP_197_1_loop_for_ap_7_loop_for_fc_7_loop_for_fa_7  |        0|   2|   626|   853|    0|
    |grp_CNN_Pipeline_VITIS_LOOP_41_1_loop_for_ap_1_fu_746                               |CNN_Pipeline_VITIS_LOOP_41_1_loop_for_ap_1                               |        0|  20|   439|  1260|    0|
    |grp_CNN_Pipeline_VITIS_LOOP_67_1_loop_for_ap_2_fu_766                               |CNN_Pipeline_VITIS_LOOP_67_1_loop_for_ap_2                               |        0|  20|   515|  1296|    0|
    |grp_CNN_Pipeline_VITIS_LOOP_93_1_fu_871                                             |CNN_Pipeline_VITIS_LOOP_93_1                                             |        0|   1|   177|   500|    0|
    |grp_CNN_Pipeline_VITIS_LOOP_93_1_loop_for_ap_3_fu_780                               |CNN_Pipeline_VITIS_LOOP_93_1_loop_for_ap_3                               |        0|  40|  1000|  2316|    0|
    |grp_CNN_Pipeline_loop_detect_fu_956                                                 |CNN_Pipeline_loop_detect                                                 |        0|   0|    41|   131|    0|
    |grp_CNN_Pipeline_loop_for_3_channel_pad_1_loop_for_channel_pad_1_fu_740             |CNN_Pipeline_loop_for_3_channel_pad_1_loop_for_channel_pad_1             |        0|   0|    59|   319|    0|
    |grp_CNN_Pipeline_loop_for_3_channel_pad_2_loop_for_channel_pad_2_fu_760             |CNN_Pipeline_loop_for_3_channel_pad_2_loop_for_channel_pad_2             |        0|   0|    48|   297|    0|
    |grp_CNN_Pipeline_loop_for_3_channel_pad_3_loop_for_channel_pad_3_fu_774             |CNN_Pipeline_loop_for_3_channel_pad_3_loop_for_channel_pad_3             |        0|   1|   173|   325|    0|
    |grp_CNN_Pipeline_loop_for_3_channel_pad_4_loop_for_channel_pad_4_fu_794             |CNN_Pipeline_loop_for_3_channel_pad_4_loop_for_channel_pad_4             |        0|   1|   170|   319|    0|
    |grp_CNN_Pipeline_loop_for_3_channel_pad_5_loop_for_channel_pad_5_fu_808             |CNN_Pipeline_loop_for_3_channel_pad_5_loop_for_channel_pad_5             |        0|   1|   174|   320|    0|
    |grp_CNN_Pipeline_loop_for_3_channel_pad_6_loop_for_channel_pad_6_fu_828             |CNN_Pipeline_loop_for_3_channel_pad_6_loop_for_channel_pad_6             |        0|   1|   171|   314|    0|
    |grp_CNN_Pipeline_loop_for_3_channel_pad_7_loop_for_channel_pad_7_fu_842             |CNN_Pipeline_loop_for_3_channel_pad_7_loop_for_channel_pad_7             |        0|   1|   175|   316|    0|
    |grp_CNN_Pipeline_loop_for_a_Dense_0_fu_886                                          |CNN_Pipeline_loop_for_a_Dense_0                                          |        0|  32|  1136|  1079|    0|
    |grp_CNN_Pipeline_loop_for_a_Dense_1_fu_927                                          |CNN_Pipeline_loop_for_a_Dense_1                                          |        0|  20|   688|   716|    0|
    |grp_CNN_Pipeline_loop_for_channel_pad_0_fu_724                                      |CNN_Pipeline_loop_for_channel_pad_0                                      |        0|   0|    21|   135|    0|
    |grp_CNN_Pipeline_loop_for_channel_pool_0_loop_for_weight_pool_0_fu_754              |CNN_Pipeline_loop_for_channel_pool_0_loop_for_weight_pool_0              |        0|   0|    78|   315|    0|
    |grp_CNN_Pipeline_loop_for_channel_pool_1_loop_for_weight_pool_1_fu_788              |CNN_Pipeline_loop_for_channel_pool_1_loop_for_weight_pool_1              |        0|   0|   198|   398|    0|
    |grp_CNN_Pipeline_loop_for_channel_pool_2_loop_for_weight_pool_2_fu_822              |CNN_Pipeline_loop_for_channel_pool_2_loop_for_weight_pool_2              |        0|   0|   198|   396|    0|
    |grp_CNN_Pipeline_loop_for_channel_pool_3_loop_for_weight_pool_3_fu_856              |CNN_Pipeline_loop_for_channel_pool_3_loop_for_weight_pool_3              |        0|   0|   325|   446|    0|
    +------------------------------------------------------------------------------------+-------------------------------------------------------------------------+---------+----+------+------+-----+
    |Total                                                                               |                                                                         |        0| 189|  9186| 16700|    0|
    +------------------------------------------------------------------------------------+-------------------------------------------------------------------------+---------+----+------+------+-----+

    * DSP: 
    N/A

    * Memory: 
    +-----------------------+-----------------------------------+---------+----+----+-----+------+-----+------+-------------+
    |         Memory        |               Module              | BRAM_18K| FF | LUT| URAM| Words| Bits| Banks| W*Bits*Banks|
    +-----------------------+-----------------------------------+---------+----+----+-----+------+-----+------+-------------+
    |OutConv0_U             |OutConv0_RAM_AUTO_1R1W             |        2|   0|   0|    0|  1280|   16|     1|        20480|
    |OutConv2_U             |OutConv0_RAM_AUTO_1R1W             |        2|   0|   0|    0|  1280|   16|     1|        20480|
    |OutConv4_U             |OutConv0_RAM_AUTO_1R1W             |        2|   0|   0|    0|  1280|   16|     1|        20480|
    |OutConv6_U             |OutConv0_RAM_AUTO_1R1W             |        2|   0|   0|    0|  1280|   16|     1|        20480|
    |OutConv1_U             |OutConv1_RAM_AUTO_1R1W             |        2|   0|   0|    0|  1280|   16|     1|        20480|
    |OutConv3_U             |OutConv1_RAM_AUTO_1R1W             |        2|   0|   0|    0|  1280|   16|     1|        20480|
    |OutConv5_U             |OutConv1_RAM_AUTO_1R1W             |        2|   0|   0|    0|  1280|   16|     1|        20480|
    |OutConv7_U             |OutConv1_RAM_AUTO_1R1W             |        2|   0|   0|    0|  1280|   16|     1|        20480|
    |OutDense0_U            |OutDense0_RAM_AUTO_1R1W            |        0|  32|   5|    0|    20|   16|     1|          320|
    |OutGlobalAverPool1D_U  |OutGlobalAverPool1D_RAM_AUTO_1R1W  |        0|  24|   6|    0|    32|   12|     1|          384|
    |OutPadConv0_U          |OutPadConv0_RAM_1WNR_AUTO_1R1W     |        1|   0|   0|    0|   324|   16|     1|         5184|
    |OutPadConv1_U          |OutPadConv1_RAM_1WNR_AUTO_1R1W     |        2|   0|   0|    0|  1296|   16|     1|        20736|
    |OutPadConv2_U          |OutPadConv2_RAM_1WNR_AUTO_1R1W     |        1|   0|   0|    0|   656|   16|     1|        10496|
    |OutPadConv3_U          |OutPadConv3_RAM_1WNR_AUTO_1R1W     |        2|   0|   0|    0|  1312|   16|     1|        20992|
    |OutPadConv4_U          |OutPadConv4_RAM_1WNR_AUTO_1R1W     |        1|   0|   0|    0|   672|   16|     1|        10752|
    |OutPadConv5_U          |OutPadConv5_RAM_AUTO_1R1W          |        2|   0|   0|    0|  1344|   16|     1|        21504|
    |OutPadConv6_U          |OutPadConv6_RAM_AUTO_1R1W          |        1|   0|   0|    0|   704|   16|     1|        11264|
    |OutPadConv7_U          |OutPadConv7_RAM_AUTO_1R1W          |        2|   0|   0|    0|  1408|   16|     1|        22528|
    |OutPool0_U             |OutPool0_RAM_AUTO_1R1W             |        1|   0|   0|    0|   640|   16|     1|        10240|
    |OutPool1_U             |OutPool0_RAM_AUTO_1R1W             |        1|   0|   0|    0|   640|   16|     1|        10240|
    |OutPool2_U             |OutPool0_RAM_AUTO_1R1W             |        1|   0|   0|    0|   640|   16|     1|        10240|
    |OutPool3_U             |OutPool3_RAM_AUTO_1R1W             |        1|   0|   0|    0|    64|   16|     1|         1024|
    |OutPool3_1_U           |OutPool3_RAM_AUTO_1R1W             |        1|   0|   0|    0|    64|   16|     1|         1024|
    |OutPool3_2_U           |OutPool3_RAM_AUTO_1R1W             |        1|   0|   0|    0|    64|   16|     1|         1024|
    |OutPool3_3_U           |OutPool3_RAM_AUTO_1R1W             |        1|   0|   0|    0|    64|   16|     1|         1024|
    |OutPool3_4_U           |OutPool3_RAM_AUTO_1R1W             |        1|   0|   0|    0|    64|   16|     1|         1024|
    |OutPool3_5_U           |OutPool3_RAM_AUTO_1R1W             |        1|   0|   0|    0|    64|   16|     1|         1024|
    |OutPool3_6_U           |OutPool3_RAM_AUTO_1R1W             |        1|   0|   0|    0|    64|   16|     1|         1024|
    |OutPool3_7_U           |OutPool3_RAM_AUTO_1R1W             |        1|   0|   0|    0|    64|   16|     1|         1024|
    |OutPool3_8_U           |OutPool3_RAM_AUTO_1R1W             |        1|   0|   0|    0|    64|   16|     1|         1024|
    |OutPool3_9_U           |OutPool3_RAM_AUTO_1R1W             |        1|   0|   0|    0|    64|   16|     1|         1024|
    |out_Dense_U            |out_Dense_RAM_AUTO_1R1W            |        0|  16|   2|    0|     5|   16|     1|           80|
    +-----------------------+-----------------------------------+---------+----+----+-----+------+-----+------+-------------+
    |Total                  |                                   |       41|  72|  13|    0| 20573|  508|    32|       329040|
    +-----------------------+-----------------------------------+---------+----+----+-----+------+-----+------+-------------+

    * FIFO: 
    N/A

    * Expression: 
    N/A

    * Multiplexer: 
    +------------------------------+-----+-----------+-----+-----------+
    |             Name             | LUT | Input Size| Bits| Total Bits|
    +------------------------------+-----+-----------+-----+-----------+
    |OutConv0_address0             |   14|          3|   11|         33|
    |OutConv0_ce0                  |   14|          3|    1|          3|
    |OutConv0_we0                  |    9|          2|    1|          2|
    |OutConv1_address0             |   14|          3|   11|         33|
    |OutConv1_ce0                  |   14|          3|    1|          3|
    |OutConv1_ce1                  |    9|          2|    1|          2|
    |OutConv1_we0                  |    9|          2|    1|          2|
    |OutConv2_address0             |   14|          3|   11|         33|
    |OutConv2_ce0                  |   14|          3|    1|          3|
    |OutConv2_we0                  |    9|          2|    1|          2|
    |OutConv3_address0             |   14|          3|   11|         33|
    |OutConv3_ce0                  |   14|          3|    1|          3|
    |OutConv3_ce1                  |    9|          2|    1|          2|
    |OutConv3_we0                  |    9|          2|    1|          2|
    |OutConv4_address0             |   14|          3|   11|         33|
    |OutConv4_ce0                  |   14|          3|    1|          3|
    |OutConv4_we0                  |    9|          2|    1|          2|
    |OutConv5_address0             |   14|          3|   11|         33|
    |OutConv5_ce0                  |   14|          3|    1|          3|
    |OutConv5_ce1                  |    9|          2|    1|          2|
    |OutConv5_we0                  |    9|          2|    1|          2|
    |OutConv6_address0             |   14|          3|   11|         33|
    |OutConv6_ce0                  |   14|          3|    1|          3|
    |OutConv6_we0                  |    9|          2|    1|          2|
    |OutConv7_address0             |   14|          3|   11|         33|
    |OutConv7_ce0                  |   14|          3|    1|          3|
    |OutConv7_ce1                  |    9|          2|    1|          2|
    |OutConv7_we0                  |    9|          2|    1|          2|
    |OutDense0_address0            |   65|         12|    5|         60|
    |OutDense0_address1            |   59|         11|    5|         55|
    |OutDense0_ce0                 |   14|          3|    1|          3|
    |OutDense0_we0                 |    9|          2|    1|          2|
    |OutGlobalAverPool1D_address0  |   89|         18|    5|         90|
    |OutGlobalAverPool1D_address1  |   81|         17|    5|         85|
    |OutGlobalAverPool1D_ce0       |   14|          3|    1|          3|
    |OutGlobalAverPool1D_we0       |    9|          2|    1|          2|
    |OutPadConv0_address0          |   14|          3|    9|         27|
    |OutPadConv0_ce0               |   14|          3|    1|          3|
    |OutPadConv0_ce1               |    9|          2|    1|          2|
    |OutPadConv0_we0               |    9|          2|    1|          2|
    |OutPadConv1_address0          |   14|          3|   11|         33|
    |OutPadConv1_ce0               |   14|          3|    1|          3|
    |OutPadConv1_ce1               |    9|          2|    1|          2|
    |OutPadConv1_we0               |    9|          2|    1|          2|
    |OutPadConv2_address0          |   14|          3|   10|         30|
    |OutPadConv2_ce0               |   14|          3|    1|          3|
    |OutPadConv2_ce1               |    9|          2|    1|          2|
    |OutPadConv2_we0               |    9|          2|    1|          2|
    |OutPadConv3_address0          |   14|          3|   11|         33|
    |OutPadConv3_ce0               |   14|          3|    1|          3|
    |OutPadConv3_ce1               |    9|          2|    1|          2|
    |OutPadConv3_we0               |    9|          2|    1|          2|
    |OutPadConv4_address0          |   14|          3|   10|         30|
    |OutPadConv4_ce0               |   14|          3|    1|          3|
    |OutPadConv4_ce1               |    9|          2|    1|          2|
    |OutPadConv4_we0               |    9|          2|    1|          2|
    |OutPadConv5_address0          |   14|          3|   11|         33|
    |OutPadConv5_ce0               |   14|          3|    1|          3|
    |OutPadConv5_we0               |    9|          2|    1|          2|
    |OutPadConv6_address0          |   14|          3|   10|         30|
    |OutPadConv6_ce0               |   14|          3|    1|          3|
    |OutPadConv6_we0               |    9|          2|    1|          2|
    |OutPadConv7_address0          |   14|          3|   11|         33|
    |OutPadConv7_ce0               |   14|          3|    1|          3|
    |OutPadConv7_we0               |    9|          2|    1|          2|
    |OutPool0_address0             |   14|          3|   10|         30|
    |OutPool0_ce0                  |   14|          3|    1|          3|
    |OutPool0_we0                  |    9|          2|    1|          2|
    |OutPool1_address0             |   14|          3|   10|         30|
    |OutPool1_ce0                  |   14|          3|    1|          3|
    |OutPool1_we0                  |    9|          2|    1|          2|
    |OutPool2_address0             |   14|          3|   10|         30|
    |OutPool2_ce0                  |   14|          3|    1|          3|
    |OutPool2_we0                  |    9|          2|    1|          2|
    |OutPool3_1_address0           |   14|          3|    6|         18|
    |OutPool3_1_ce0                |   14|          3|    1|          3|
    |OutPool3_1_ce1                |    9|          2|    1|          2|
    |OutPool3_1_we0                |    9|          2|    1|          2|
    |OutPool3_2_address0           |   14|          3|    6|         18|
    |OutPool3_2_ce0                |   14|          3|    1|          3|
    |OutPool3_2_ce1                |    9|          2|    1|          2|
    |OutPool3_2_we0                |    9|          2|    1|          2|
    |OutPool3_3_address0           |   14|          3|    6|         18|
    |OutPool3_3_ce0                |   14|          3|    1|          3|
    |OutPool3_3_ce1                |    9|          2|    1|          2|
    |OutPool3_3_we0                |    9|          2|    1|          2|
    |OutPool3_4_address0           |   14|          3|    6|         18|
    |OutPool3_4_ce0                |   14|          3|    1|          3|
    |OutPool3_4_ce1                |    9|          2|    1|          2|
    |OutPool3_4_we0                |    9|          2|    1|          2|
    |OutPool3_5_address0           |   14|          3|    6|         18|
    |OutPool3_5_ce0                |   14|          3|    1|          3|
    |OutPool3_5_ce1                |    9|          2|    1|          2|
    |OutPool3_5_we0                |    9|          2|    1|          2|
    |OutPool3_6_address0           |   14|          3|    6|         18|
    |OutPool3_6_ce0                |   14|          3|    1|          3|
    |OutPool3_6_ce1                |    9|          2|    1|          2|
    |OutPool3_6_we0                |    9|          2|    1|          2|
    |OutPool3_7_address0           |   14|          3|    6|         18|
    |OutPool3_7_ce0                |   14|          3|    1|          3|
    |OutPool3_7_ce1                |    9|          2|    1|          2|
    |OutPool3_7_we0                |    9|          2|    1|          2|
    |OutPool3_8_address0           |   14|          3|    6|         18|
    |OutPool3_8_ce0                |   14|          3|    1|          3|
    |OutPool3_8_ce1                |    9|          2|    1|          2|
    |OutPool3_8_we0                |    9|          2|    1|          2|
    |OutPool3_9_address0           |   14|          3|    6|         18|
    |OutPool3_9_ce0                |   14|          3|    1|          3|
    |OutPool3_9_ce1                |    9|          2|    1|          2|
    |OutPool3_9_we0                |    9|          2|    1|          2|
    |OutPool3_address0             |   14|          3|    6|         18|
    |OutPool3_ce0                  |   14|          3|    1|          3|
    |OutPool3_ce1                  |    9|          2|    1|          2|
    |OutPool3_we0                  |    9|          2|    1|          2|
    |Weights_address0              |   59|         11|   14|        154|
    |Weights_address1              |   59|         11|   14|        154|
    |Weights_ce0                   |   59|         11|    1|         11|
    |Weights_ce1                   |   59|         11|    1|         11|
    |ap_NS_fsm                     |  414|         78|    1|         78|
    |out_Dense_address0            |   20|          4|    3|         12|
    |out_Dense_ce0                 |   20|          4|    1|          4|
    |out_Dense_we0                 |    9|          2|    1|          2|
    +------------------------------+-----+-----------+-----+-----------+
    |Total                         | 2283|        470|  398|       1692|
    +------------------------------+-----+-----------+-----+-----------+

    * Register: 
    +-------------------------------------------------------------------------------------------------+----+----+-----+-----------+
    |                                               Name                                              | FF | LUT| Bits| Const Bits|
    +-------------------------------------------------------------------------------------------------+----+----+-----+-----------+
    |OutGlobalAverPool1D_load_10_reg_1083                                                             |  12|   0|   12|          0|
    |OutGlobalAverPool1D_load_11_reg_1088                                                             |  12|   0|   12|          0|
    |OutGlobalAverPool1D_load_12_reg_1103                                                             |  12|   0|   12|          0|
    |OutGlobalAverPool1D_load_13_reg_1108                                                             |  12|   0|   12|          0|
    |OutGlobalAverPool1D_load_14_reg_1123                                                             |  12|   0|   12|          0|
    |OutGlobalAverPool1D_load_15_reg_1128                                                             |  12|   0|   12|          0|
    |OutGlobalAverPool1D_load_16_reg_1143                                                             |  12|   0|   12|          0|
    |OutGlobalAverPool1D_load_17_reg_1148                                                             |  12|   0|   12|          0|
    |OutGlobalAverPool1D_load_18_reg_1163                                                             |  12|   0|   12|          0|
    |OutGlobalAverPool1D_load_19_reg_1168                                                             |  12|   0|   12|          0|
    |OutGlobalAverPool1D_load_1_reg_988                                                               |  12|   0|   12|          0|
    |OutGlobalAverPool1D_load_20_reg_1183                                                             |  12|   0|   12|          0|
    |OutGlobalAverPool1D_load_21_reg_1188                                                             |  12|   0|   12|          0|
    |OutGlobalAverPool1D_load_22_reg_1203                                                             |  12|   0|   12|          0|
    |OutGlobalAverPool1D_load_23_reg_1208                                                             |  12|   0|   12|          0|
    |OutGlobalAverPool1D_load_24_reg_1223                                                             |  12|   0|   12|          0|
    |OutGlobalAverPool1D_load_25_reg_1228                                                             |  12|   0|   12|          0|
    |OutGlobalAverPool1D_load_26_reg_1243                                                             |  12|   0|   12|          0|
    |OutGlobalAverPool1D_load_27_reg_1248                                                             |  12|   0|   12|          0|
    |OutGlobalAverPool1D_load_28_reg_1263                                                             |  12|   0|   12|          0|
    |OutGlobalAverPool1D_load_29_reg_1268                                                             |  12|   0|   12|          0|
    |OutGlobalAverPool1D_load_2_reg_1003                                                              |  12|   0|   12|          0|
    |OutGlobalAverPool1D_load_30_reg_1283                                                             |  12|   0|   12|          0|
    |OutGlobalAverPool1D_load_31_reg_1288                                                             |  12|   0|   12|          0|
    |OutGlobalAverPool1D_load_3_reg_1008                                                              |  12|   0|   12|          0|
    |OutGlobalAverPool1D_load_4_reg_1023                                                              |  12|   0|   12|          0|
    |OutGlobalAverPool1D_load_5_reg_1028                                                              |  12|   0|   12|          0|
    |OutGlobalAverPool1D_load_6_reg_1043                                                              |  12|   0|   12|          0|
    |OutGlobalAverPool1D_load_7_reg_1048                                                              |  12|   0|   12|          0|
    |OutGlobalAverPool1D_load_8_reg_1063                                                              |  12|   0|   12|          0|
    |OutGlobalAverPool1D_load_9_reg_1068                                                              |  12|   0|   12|          0|
    |OutGlobalAverPool1D_load_reg_983                                                                 |  12|   0|   12|          0|
    |ap_CS_fsm                                                                                        |  77|   0|   77|          0|
    |grp_CNN_Pipeline_VITIS_LOOP_119_1_loop_for_ap_4_fu_800_ap_start_reg                              |   1|   0|    1|          0|
    |grp_CNN_Pipeline_VITIS_LOOP_145_1_loop_for_ap_5_loop_for_fc_5_loop_for_fa_5_fu_814_ap_start_reg  |   1|   0|    1|          0|
    |grp_CNN_Pipeline_VITIS_LOOP_15_1_loop_for_ap_0_fu_732_ap_start_reg                               |   1|   0|    1|          0|
    |grp_CNN_Pipeline_VITIS_LOOP_171_1_loop_for_ap_6_loop_for_fc_6_loop_for_fa_6_fu_834_ap_start_reg  |   1|   0|    1|          0|
    |grp_CNN_Pipeline_VITIS_LOOP_197_1_loop_for_ap_7_loop_for_fc_7_loop_for_fa_7_fu_848_ap_start_reg  |   1|   0|    1|          0|
    |grp_CNN_Pipeline_VITIS_LOOP_41_1_loop_for_ap_1_fu_746_ap_start_reg                               |   1|   0|    1|          0|
    |grp_CNN_Pipeline_VITIS_LOOP_67_1_loop_for_ap_2_fu_766_ap_start_reg                               |   1|   0|    1|          0|
    |grp_CNN_Pipeline_VITIS_LOOP_93_1_fu_871_ap_start_reg                                             |   1|   0|    1|          0|
    |grp_CNN_Pipeline_VITIS_LOOP_93_1_loop_for_ap_3_fu_780_ap_start_reg                               |   1|   0|    1|          0|
    |grp_CNN_Pipeline_loop_detect_fu_956_ap_start_reg                                                 |   1|   0|    1|          0|
    |grp_CNN_Pipeline_loop_for_3_channel_pad_1_loop_for_channel_pad_1_fu_740_ap_start_reg             |   1|   0|    1|          0|
    |grp_CNN_Pipeline_loop_for_3_channel_pad_2_loop_for_channel_pad_2_fu_760_ap_start_reg             |   1|   0|    1|          0|
    |grp_CNN_Pipeline_loop_for_3_channel_pad_3_loop_for_channel_pad_3_fu_774_ap_start_reg             |   1|   0|    1|          0|
    |grp_CNN_Pipeline_loop_for_3_channel_pad_4_loop_for_channel_pad_4_fu_794_ap_start_reg             |   1|   0|    1|          0|
    |grp_CNN_Pipeline_loop_for_3_channel_pad_5_loop_for_channel_pad_5_fu_808_ap_start_reg             |   1|   0|    1|          0|
    |grp_CNN_Pipeline_loop_for_3_channel_pad_6_loop_for_channel_pad_6_fu_828_ap_start_reg             |   1|   0|    1|          0|
    |grp_CNN_Pipeline_loop_for_3_channel_pad_7_loop_for_channel_pad_7_fu_842_ap_start_reg             |   1|   0|    1|          0|
    |grp_CNN_Pipeline_loop_for_a_Dense_0_fu_886_ap_start_reg                                          |   1|   0|    1|          0|
    |grp_CNN_Pipeline_loop_for_a_Dense_1_fu_927_ap_start_reg                                          |   1|   0|    1|          0|
    |grp_CNN_Pipeline_loop_for_channel_pad_0_fu_724_ap_start_reg                                      |   1|   0|    1|          0|
    |grp_CNN_Pipeline_loop_for_channel_pool_0_loop_for_weight_pool_0_fu_754_ap_start_reg              |   1|   0|    1|          0|
    |grp_CNN_Pipeline_loop_for_channel_pool_1_loop_for_weight_pool_1_fu_788_ap_start_reg              |   1|   0|    1|          0|
    |grp_CNN_Pipeline_loop_for_channel_pool_2_loop_for_weight_pool_2_fu_822_ap_start_reg              |   1|   0|    1|          0|
    |grp_CNN_Pipeline_loop_for_channel_pool_3_loop_for_weight_pool_3_fu_856_ap_start_reg              |   1|   0|    1|          0|
    |input_Dense_load_10_reg_1403                                                                     |  16|   0|   16|          0|
    |input_Dense_load_11_reg_1408                                                                     |  16|   0|   16|          0|
    |input_Dense_load_12_reg_1423                                                                     |  16|   0|   16|          0|
    |input_Dense_load_13_reg_1428                                                                     |  16|   0|   16|          0|
    |input_Dense_load_14_reg_1443                                                                     |  16|   0|   16|          0|
    |input_Dense_load_15_reg_1448                                                                     |  16|   0|   16|          0|
    |input_Dense_load_16_reg_1463                                                                     |  16|   0|   16|          0|
    |input_Dense_load_17_reg_1468                                                                     |  16|   0|   16|          0|
    |input_Dense_load_18_reg_1483                                                                     |  16|   0|   16|          0|
    |input_Dense_load_19_reg_1488                                                                     |  16|   0|   16|          0|
    |input_Dense_load_1_reg_1308                                                                      |  16|   0|   16|          0|
    |input_Dense_load_2_reg_1323                                                                      |  16|   0|   16|          0|
    |input_Dense_load_3_reg_1328                                                                      |  16|   0|   16|          0|
    |input_Dense_load_4_reg_1343                                                                      |  16|   0|   16|          0|
    |input_Dense_load_5_reg_1348                                                                      |  16|   0|   16|          0|
    |input_Dense_load_6_reg_1363                                                                      |  16|   0|   16|          0|
    |input_Dense_load_7_reg_1368                                                                      |  16|   0|   16|          0|
    |input_Dense_load_8_reg_1383                                                                      |  16|   0|   16|          0|
    |input_Dense_load_9_reg_1388                                                                      |  16|   0|   16|          0|
    |input_Dense_load_reg_1303                                                                        |  16|   0|   16|          0|
    |maxindex_reg_1498                                                                                |  16|   0|   16|          0|
    +-------------------------------------------------------------------------------------------------+----+----+-----+-----------+
    |Total                                                                                            | 821|   0|  821|          0|
    +-------------------------------------------------------------------------------------------------+----+----+-----+-----------+



================================================================
== Interface
================================================================
* Summary: 
+------------------+-----+-----+------------+--------------+--------------+
|     RTL Ports    | Dir | Bits|  Protocol  | Source Object|    C Type    |
+------------------+-----+-----+------------+--------------+--------------+
|ap_clk            |   in|    1|  ap_ctrl_hs|           CNN|  return value|
|ap_rst            |   in|    1|  ap_ctrl_hs|           CNN|  return value|
|ap_start          |   in|    1|  ap_ctrl_hs|           CNN|  return value|
|ap_done           |  out|    1|  ap_ctrl_hs|           CNN|  return value|
|ap_idle           |  out|    1|  ap_ctrl_hs|           CNN|  return value|
|ap_ready          |  out|    1|  ap_ctrl_hs|           CNN|  return value|
|InModel_address0  |  out|    9|   ap_memory|       InModel|         array|
|InModel_ce0       |  out|    1|   ap_memory|       InModel|         array|
|InModel_q0        |   in|   16|   ap_memory|       InModel|         array|
|OutModel          |  out|   16|      ap_vld|      OutModel|       pointer|
|OutModel_ap_vld   |  out|    1|      ap_vld|      OutModel|       pointer|
|Weights_address0  |  out|   14|   ap_memory|       Weights|         array|
|Weights_ce0       |  out|    1|   ap_memory|       Weights|         array|
|Weights_q0        |   in|   16|   ap_memory|       Weights|         array|
|Weights_address1  |  out|   14|   ap_memory|       Weights|         array|
|Weights_ce1       |  out|    1|   ap_memory|       Weights|         array|
|Weights_q1        |   in|   16|   ap_memory|       Weights|         array|
+------------------+-----+-----+------------+--------------+--------------+

