

================================================================
== Vitis HLS Report for 'CNN_Pipeline_VITIS_LOOP_171_1_loop_for_ap_6_loop_for_fc_6_loop_for_fa_6'
================================================================
* Date:           Fri Jun  7 16:44:15 2024

* Version:        2023.2 (Build 4023990 on Oct 11 2023)
* Project:        project2
* Solution:       solution2 (Vivado IP Flow Target)
* Product family: zynquplus
* Target device:  xck26-sfvc784-2LV-c


================================================================
== Performance Estimates
================================================================
+ Timing: 
    * Summary: 
    +--------+---------+----------+------------+
    |  Clock |  Target | Estimated| Uncertainty|
    +--------+---------+----------+------------+
    |ap_clk  |  5.00 ns|  3.620 ns|     1.35 ns|
    +--------+---------+----------+------------+

+ Latency: 
    * Summary: 
    +---------+---------+----------+----------+--------+--------+---------+
    |  Latency (cycles) |  Latency (absolute) |     Interval    | Pipeline|
    |   min   |   max   |    min   |    max   |   min  |   max  |   Type  |
    +---------+---------+----------+----------+--------+--------+---------+
    |   102409|   102409|  0.512 ms|  0.512 ms|  102409|  102409|       no|
    +---------+---------+----------+----------+--------+--------+---------+

    + Detail: 
        * Instance: 
        N/A

        * Loop: 
        +--------------------------------------------------------------+---------+---------+----------+-----------+-----------+--------+----------+
        |                                                              |  Latency (cycles) | Iteration|  Initiation Interval  |  Trip  |          |
        |                           Loop Name                          |   min   |   max   |  Latency |  achieved |   target  |  Count | Pipelined|
        +--------------------------------------------------------------+---------+---------+----------+-----------+-----------+--------+----------+
        |- VITIS_LOOP_171_1_loop_for_ap_6_loop_for_fc_6_loop_for_fa_6  |   102407|   102407|         9|          1|          1|  102400|       yes|
        +--------------------------------------------------------------+---------+---------+----------+-----------+-----------+--------+----------+



================================================================
== Utilization Estimates
================================================================
* Summary: 
+-----------------+---------+------+--------+--------+-----+
|       Name      | BRAM_18K|  DSP |   FF   |   LUT  | URAM|
+-----------------+---------+------+--------+--------+-----+
|DSP              |        -|     2|       -|       -|    -|
|Expression       |        -|     -|       0|     504|    -|
|FIFO             |        -|     -|       -|       -|    -|
|Instance         |        -|     -|       -|       -|    -|
|Memory           |        -|     -|       -|       -|    -|
|Multiplexer      |        -|     -|       -|     108|    -|
|Register         |        -|     -|     870|     352|    -|
+-----------------+---------+------+--------+--------+-----+
|Total            |        0|     2|     870|     964|    0|
+-----------------+---------+------+--------+--------+-----+
|Available        |      288|  1248|  234240|  117120|   64|
+-----------------+---------+------+--------+--------+-----+
|Utilization (%)  |        0|    ~0|      ~0|      ~0|    0|
+-----------------+---------+------+--------+--------+-----+

+ Detail: 
    * Instance: 
    N/A

    * DSP: 
    +-------------------------------------+--------------------------------+--------------+
    |               Instance              |             Module             |  Expression  |
    +-------------------------------------+--------------------------------+--------------+
    |mac_muladd_16s_16s_24ns_24_4_1_U181  |mac_muladd_16s_16s_24ns_24_4_1  |  i0 + i1 * i2|
    |mac_muladd_5ns_6ns_6ns_10_4_1_U180   |mac_muladd_5ns_6ns_6ns_10_4_1   |  i0 + i1 * i2|
    +-------------------------------------+--------------------------------+--------------+

    * Memory: 
    N/A

    * FIFO: 
    N/A

    * Expression: 
    +--------------------------+----------+----+---+----+------------+------------+
    |       Variable Name      | Operation| DSP| FF| LUT| Bitwidth P0| Bitwidth P1|
    +--------------------------+----------+----+---+----+------------+------------+
    |add_ln171_1_fu_438_p2     |         +|   0|  0|  13|           6|           1|
    |add_ln171_fu_238_p2       |         +|   0|  0|  24|          17|           1|
    |add_ln173_1_fu_288_p2     |         +|   0|  0|  20|          13|           1|
    |add_ln173_fu_451_p2       |         +|   0|  0|  13|           6|           1|
    |add_ln176_1_fu_274_p2     |         +|   0|  0|  15|           8|           1|
    |add_ln176_fu_357_p2       |         +|   0|  0|  12|           5|           1|
    |add_ln178_fu_397_p2       |         +|   0|  0|  10|           3|           1|
    |add_ln179_2_fu_530_p2     |         +|   0|  0|  16|           9|           9|
    |add_ln179_3_fu_566_p2     |         +|   0|  0|  20|          13|          13|
    |add_ln179_5_fu_540_p2     |         +|   0|  0|  19|          12|          12|
    |add_ln179_6_fu_550_p2     |         +|   0|  0|  17|          12|          12|
    |add_ln179_7_fu_556_p2     |         +|   0|  0|  17|          12|          12|
    |add_ln179_fu_471_p2       |         +|   0|  0|  13|           6|           6|
    |add_ln181_1_fu_634_p2     |         +|   0|  0|  18|          11|          11|
    |add_ln181_2_fu_692_p2     |         +|   0|  0|  23|          16|          16|
    |add_ln181_3_fu_624_p2     |         +|   0|  0|  16|           9|           9|
    |add_ln181_fu_674_p2       |         +|   0|  0|  24|          17|          17|
    |arrayidx45_sum_fu_588_p2  |         +|   0|  0|  20|          13|          13|
    |and_ln171_1_fu_262_p2     |       and|   0|  0|   2|           1|           1|
    |and_ln171_fu_346_p2       |       and|   0|  0|   2|           1|           1|
    |and_ln173_fu_351_p2       |       and|   0|  0|   2|           1|           1|
    |icmp_ln171_fu_232_p2      |      icmp|   0|  0|  24|          17|          16|
    |icmp_ln173_fu_244_p2      |      icmp|   0|  0|  20|          13|          12|
    |icmp_ln176_1_fu_409_p2    |      icmp|   0|  0|  12|           5|           4|
    |icmp_ln176_fu_256_p2      |      icmp|   0|  0|  15|           8|           7|
    |icmp_ln178_1_fu_403_p2    |      icmp|   0|  0|  10|           3|           3|
    |icmp_ln178_fu_323_p2      |      icmp|   0|  0|  10|           3|           3|
    |or_ln173_1_fu_341_p2      |        or|   0|  0|   2|           1|           1|
    |or_ln173_fu_268_p2        |        or|   0|  0|   2|           1|           1|
    |or_ln174_1_fu_368_p2      |        or|   0|  0|   2|           1|           1|
    |or_ln174_fu_363_p2        |        or|   0|  0|   2|           1|           1|
    |OutConv6_d0               |    select|   0|  0|  16|           1|           1|
    |select_ln171_1_fu_444_p3  |    select|   0|  0|   6|           1|           6|
    |select_ln171_fu_431_p3    |    select|   0|  0|   6|           1|           1|
    |select_ln173_1_fu_457_p3  |    select|   0|  0|   6|           1|           6|
    |select_ln173_2_fu_643_p3  |    select|   0|  0|  16|           1|           1|
    |select_ln173_3_fu_294_p3  |    select|   0|  0|  12|           1|           1|
    |select_ln173_fu_329_p3    |    select|   0|  0|   5|           1|           1|
    |select_ln174_fu_373_p3    |    select|   0|  0|   3|           1|           1|
    |select_ln176_1_fu_280_p3  |    select|   0|  0|   8|           1|           1|
    |select_ln176_fu_381_p3    |    select|   0|  0|   5|           1|           5|
    |ap_enable_pp0             |       xor|   0|  0|   2|           1|           2|
    |xor_ln171_fu_250_p2       |       xor|   0|  0|   2|           1|           2|
    |xor_ln173_fu_336_p2       |       xor|   0|  0|   2|           1|           2|
    +--------------------------+----------+----+---+----+------------+------------+
    |Total                     |          |   0|  0| 504|         257|         219|
    +--------------------------+----------+----+---+----+------------+------------+

    * Multiplexer: 
    +--------------------------+----+-----------+-----+-----------+
    |           Name           | LUT| Input Size| Bits| Total Bits|
    +--------------------------+----+-----------+-----+-----------+
    |ap_done_int               |   9|          2|    1|          2|
    |ap_enable_reg_pp0_iter1   |   9|          2|    1|          2|
    |ap_enable_reg_pp0_iter2   |   9|          2|    1|          2|
    |ap_sig_allocacmp_s_load   |   9|          2|   16|         32|
    |indvar_flatten143_fu_112  |   9|          2|    8|         16|
    |indvar_flatten158_fu_120  |   9|          2|   13|         26|
    |indvar_flatten182_fu_128  |   9|          2|   17|         34|
    |j_fu_104                  |   9|          2|    3|          6|
    |k_fu_108                  |   9|          2|    5|         10|
    |n_fu_124                  |   9|          2|    6|         12|
    |s_fu_100                  |   9|          2|   16|         32|
    |y_fu_116                  |   9|          2|    6|         12|
    +--------------------------+----+-----------+-----+-----------+
    |Total                     | 108|         24|   93|        186|
    +--------------------------+----+-----------+-----+-----------+

    * Register: 
    +-----------------------------------+----+----+-----+-----------+
    |                Name               | FF | LUT| Bits| Const Bits|
    +-----------------------------------+----+----+-----+-----------+
    |Weights_load_reg_901               |  16|   0|   16|          0|
    |add_ln181_1_reg_896                |  11|   0|   11|          0|
    |add_ln181_1_reg_896_pp0_iter8_reg  |  11|   0|   11|          0|
    |and_ln171_1_reg_807                |   1|   0|    1|          0|
    |ap_CS_fsm                          |   1|   0|    1|          0|
    |ap_done_reg                        |   1|   0|    1|          0|
    |ap_enable_reg_pp0_iter1            |   1|   0|    1|          0|
    |ap_enable_reg_pp0_iter2            |   1|   0|    1|          0|
    |ap_enable_reg_pp0_iter3            |   1|   0|    1|          0|
    |ap_enable_reg_pp0_iter4            |   1|   0|    1|          0|
    |ap_enable_reg_pp0_iter5            |   1|   0|    1|          0|
    |ap_enable_reg_pp0_iter6            |   1|   0|    1|          0|
    |ap_enable_reg_pp0_iter7            |   1|   0|    1|          0|
    |ap_enable_reg_pp0_iter8            |   1|   0|    1|          0|
    |ap_enable_reg_pp0_iter9            |   1|   0|    1|          0|
    |ap_loop_exit_ready_pp0_iter2_reg   |   1|   0|    1|          0|
    |ap_loop_exit_ready_pp0_iter3_reg   |   1|   0|    1|          0|
    |ap_loop_exit_ready_pp0_iter4_reg   |   1|   0|    1|          0|
    |ap_loop_exit_ready_pp0_iter5_reg   |   1|   0|    1|          0|
    |ap_loop_exit_ready_pp0_iter6_reg   |   1|   0|    1|          0|
    |ap_loop_exit_ready_pp0_iter7_reg   |   1|   0|    1|          0|
    |ap_loop_exit_ready_pp0_iter8_reg   |   1|   0|    1|          0|
    |empty_158_reg_835                  |   4|   0|    4|          0|
    |empty_reg_858                      |   5|   0|    5|          0|
    |icmp_ln173_reg_789                 |   1|   0|    1|          0|
    |icmp_ln176_1_reg_844               |   1|   0|    1|          0|
    |icmp_ln176_reg_802                 |   1|   0|    1|          0|
    |icmp_ln178_1_reg_840               |   1|   0|    1|          0|
    |indvar_flatten143_fu_112           |   8|   0|    8|          0|
    |indvar_flatten158_fu_120           |  13|   0|   13|          0|
    |indvar_flatten182_fu_128           |  17|   0|   17|          0|
    |j_fu_104                           |   3|   0|    3|          0|
    |k_fu_108                           |   5|   0|    5|          0|
    |n_fu_124                           |   6|   0|    6|          0|
    |or_ln173_reg_813                   |   1|   0|    1|          0|
    |s_fu_100                           |  16|   0|   16|          0|
    |select_ln171_1_reg_848             |   6|   0|    6|          0|
    |select_ln173_1_reg_853             |   6|   0|    6|          0|
    |select_ln174_reg_819               |   3|   0|    3|          0|
    |select_ln176_reg_825               |   5|   0|    5|          0|
    |xor_ln171_reg_797                  |   1|   0|    1|          0|
    |y_fu_116                           |   6|   0|    6|          0|
    |and_ln171_1_reg_807                |  64|  32|    1|          0|
    |empty_158_reg_835                  |  64|  32|    4|          0|
    |empty_reg_858                      |  64|  32|    5|          0|
    |icmp_ln173_reg_789                 |  64|  32|    1|          0|
    |icmp_ln176_1_reg_844               |  64|  32|    1|          0|
    |icmp_ln178_1_reg_840               |  64|  32|    1|          0|
    |or_ln173_reg_813                   |  64|  32|    1|          0|
    |select_ln171_1_reg_848             |  64|  32|    6|          0|
    |select_ln173_1_reg_853             |  64|  32|    6|          0|
    |select_ln174_reg_819               |  64|  32|    3|          0|
    |select_ln176_reg_825               |  64|  32|    5|          0|
    +-----------------------------------+----+----+-----+-----------+
    |Total                              | 870| 352|  200|          0|
    +-----------------------------------+----+----+-----+-----------+



================================================================
== Interface
================================================================
* Summary: 
+----------------------+-----+-----+------------+-------------------------------------------------------------------------+--------------+
|       RTL Ports      | Dir | Bits|  Protocol  |                              Source Object                              |    C Type    |
+----------------------+-----+-----+------------+-------------------------------------------------------------------------+--------------+
|ap_clk                |   in|    1|  ap_ctrl_hs|  CNN_Pipeline_VITIS_LOOP_171_1_loop_for_ap_6_loop_for_fc_6_loop_for_fa_6|  return value|
|ap_rst                |   in|    1|  ap_ctrl_hs|  CNN_Pipeline_VITIS_LOOP_171_1_loop_for_ap_6_loop_for_fc_6_loop_for_fa_6|  return value|
|ap_start              |   in|    1|  ap_ctrl_hs|  CNN_Pipeline_VITIS_LOOP_171_1_loop_for_ap_6_loop_for_fc_6_loop_for_fa_6|  return value|
|ap_done               |  out|    1|  ap_ctrl_hs|  CNN_Pipeline_VITIS_LOOP_171_1_loop_for_ap_6_loop_for_fc_6_loop_for_fa_6|  return value|
|ap_idle               |  out|    1|  ap_ctrl_hs|  CNN_Pipeline_VITIS_LOOP_171_1_loop_for_ap_6_loop_for_fc_6_loop_for_fa_6|  return value|
|ap_ready              |  out|    1|  ap_ctrl_hs|  CNN_Pipeline_VITIS_LOOP_171_1_loop_for_ap_6_loop_for_fc_6_loop_for_fa_6|  return value|
|Weights_address0      |  out|   14|   ap_memory|                                                                  Weights|         array|
|Weights_ce0           |  out|    1|   ap_memory|                                                                  Weights|         array|
|Weights_q0            |   in|   16|   ap_memory|                                                                  Weights|         array|
|Weights_address1      |  out|   14|   ap_memory|                                                                  Weights|         array|
|Weights_ce1           |  out|    1|   ap_memory|                                                                  Weights|         array|
|Weights_q1            |   in|   16|   ap_memory|                                                                  Weights|         array|
|OutPadConv6_address0  |  out|   10|   ap_memory|                                                              OutPadConv6|         array|
|OutPadConv6_ce0       |  out|    1|   ap_memory|                                                              OutPadConv6|         array|
|OutPadConv6_q0        |   in|   16|   ap_memory|                                                              OutPadConv6|         array|
|OutConv6_address0     |  out|   11|   ap_memory|                                                                 OutConv6|         array|
|OutConv6_ce0          |  out|    1|   ap_memory|                                                                 OutConv6|         array|
|OutConv6_we0          |  out|    1|   ap_memory|                                                                 OutConv6|         array|
|OutConv6_d0           |  out|   16|   ap_memory|                                                                 OutConv6|         array|
+----------------------+-----+-----+------------+-------------------------------------------------------------------------+--------------+

