Copyright 1986-2022 Xilinx, Inc. All Rights Reserved. Copyright 2022-2023 Advanced Micro Devices, Inc. All Rights Reserved.
--------------------------------------------------------------------------------------------------------------------------------------------------
| Tool Version      : Vivado v.2023.1 (win64) Build 3865809 Sun May  7 15:05:29 MDT 2023
| Date              : Thu Jun 27 11:14:17 2024
| Host              : DESKTOP-FFIISC0 running 64-bit major release  (build 9200)
| Command           : report_timing_summary -file ./report/CNN_timing_routed.rpt
| Design            : bd_0_wrapper
| Device            : xck26-sfvc784
| Speed File        : -2LV  PRODUCTION 1.30 05-15-2022
| Design State      : Routed
| Temperature Grade : C
--------------------------------------------------------------------------------------------------------------------------------------------------

Timing Summary Report

------------------------------------------------------------------------------------------------
| Timer Settings
| --------------
------------------------------------------------------------------------------------------------

  Enable Multi Corner Analysis               :  Yes
  Enable Pessimism Removal                   :  Yes
  Pessimism Removal Resolution               :  Nearest Common Node
  Enable Input Delay Default Clock           :  No
  Enable Preset / Clear Arcs                 :  No
  Disable Flight Delays                      :  No
  Ignore I/O Paths                           :  No
  Timing Early Launch at Borrowing Latches   :  No
  Borrow Time for Max Delay Exceptions       :  Yes
  Merge Timing Exceptions                    :  Yes

  Corner  Analyze    Analyze    
  Name    Max Paths  Min Paths  
  ------  ---------  ---------  
  Slow    Yes        Yes        
  Fast    Yes        Yes        


------------------------------------------------------------------------------------------------
| Report Methodology
| ------------------
------------------------------------------------------------------------------------------------

Rule       Severity  Description                    Violations  
---------  --------  -----------------------------  ----------  
TIMING-18  Warning   Missing input or output delay  110         

Note: This report is based on the most recent report_methodology run and may not be up-to-date. Run report_methodology on the current design for the latest report.



check_timing report

Table of Contents
-----------------
1. checking no_clock (0)
2. checking constant_clock (0)
3. checking pulse_width_clock (0)
4. checking unconstrained_internal_endpoints (0)
5. checking no_input_delay (50)
6. checking no_output_delay (47)
7. checking multiple_clock (0)
8. checking generated_clocks (0)
9. checking loops (0)
10. checking partial_input_delay (0)
11. checking partial_output_delay (0)
12. checking latch_loops (0)

1. checking no_clock (0)
------------------------
 There are 0 register/latch pins with no clock.


2. checking constant_clock (0)
------------------------------
 There are 0 register/latch pins with constant_clock.


3. checking pulse_width_clock (0)
---------------------------------
 There are 0 register/latch pins which need pulse_width check


4. checking unconstrained_internal_endpoints (0)
------------------------------------------------
 There are 0 pins that are not constrained for maximum delay.

 There are 0 pins that are not constrained for maximum delay due to constant clock.


5. checking no_input_delay (50)
-------------------------------
 There are 50 input ports with no input delay specified. (HIGH)

 There are 0 input ports with no input delay but user has a false path constraint.


6. checking no_output_delay (47)
--------------------------------
 There are 47 ports with no output delay specified. (HIGH)

 There are 0 ports with no output delay but user has a false path constraint

 There are 0 ports with no output delay but with a timing clock defined on it or propagating through it


7. checking multiple_clock (0)
------------------------------
 There are 0 register/latch pins with multiple clocks.


8. checking generated_clocks (0)
--------------------------------
 There are 0 generated clocks that are not connected to a clock source.


9. checking loops (0)
---------------------
 There are 0 combinational loops in the design.


10. checking partial_input_delay (0)
------------------------------------
 There are 0 input ports with partial input delay specified.


11. checking partial_output_delay (0)
-------------------------------------
 There are 0 ports with partial output delay specified.


12. checking latch_loops (0)
----------------------------
 There are 0 combinational latch loops in the design through latch input



------------------------------------------------------------------------------------------------
| Design Timing Summary
| ---------------------
------------------------------------------------------------------------------------------------

    WNS(ns)      TNS(ns)  TNS Failing Endpoints  TNS Total Endpoints      WHS(ns)      THS(ns)  THS Failing Endpoints  THS Total Endpoints     WPWS(ns)     TPWS(ns)  TPWS Failing Endpoints  TPWS Total Endpoints  
    -------      -------  ---------------------  -------------------      -------      -------  ---------------------  -------------------     --------     --------  ----------------------  --------------------  
      0.360        0.000                      0                41034        0.057        0.000                      0                41034        1.738        0.000                       0                  4049  


All user specified timing constraints are met.


------------------------------------------------------------------------------------------------
| Clock Summary
| -------------
------------------------------------------------------------------------------------------------

Clock   Waveform(ns)         Period(ns)      Frequency(MHz)
-----   ------------         ----------      --------------
ap_clk  {0.000 2.500}        5.000           200.000         


------------------------------------------------------------------------------------------------
| Intra Clock Table
| -----------------
------------------------------------------------------------------------------------------------

Clock             WNS(ns)      TNS(ns)  TNS Failing Endpoints  TNS Total Endpoints      WHS(ns)      THS(ns)  THS Failing Endpoints  THS Total Endpoints     WPWS(ns)     TPWS(ns)  TPWS Failing Endpoints  TPWS Total Endpoints  
-----             -------      -------  ---------------------  -------------------      -------      -------  ---------------------  -------------------     --------     --------  ----------------------  --------------------  
ap_clk              0.360        0.000                      0                41034        0.057        0.000                      0                41034        1.738        0.000                       0                  4049  


------------------------------------------------------------------------------------------------
| Inter Clock Table
| -----------------
------------------------------------------------------------------------------------------------

From Clock    To Clock          WNS(ns)      TNS(ns)  TNS Failing Endpoints  TNS Total Endpoints      WHS(ns)      THS(ns)  THS Failing Endpoints  THS Total Endpoints  
----------    --------          -------      -------  ---------------------  -------------------      -------      -------  ---------------------  -------------------  


------------------------------------------------------------------------------------------------
| Other Path Groups Table
| -----------------------
------------------------------------------------------------------------------------------------

Path Group    From Clock    To Clock          WNS(ns)      TNS(ns)  TNS Failing Endpoints  TNS Total Endpoints      WHS(ns)      THS(ns)  THS Failing Endpoints  THS Total Endpoints  
----------    ----------    --------          -------      -------  ---------------------  -------------------      -------      -------  ---------------------  -------------------  


------------------------------------------------------------------------------------------------
| Timing Details
| --------------
------------------------------------------------------------------------------------------------


---------------------------------------------------------------------------------------------------
From Clock:  ap_clk
  To Clock:  ap_clk

Setup :            0  Failing Endpoints,  Worst Slack        0.360ns,  Total Violation        0.000ns
Hold  :            0  Failing Endpoints,  Worst Slack        0.057ns,  Total Violation        0.000ns
PW    :            0  Failing Endpoints,  Worst Slack        1.738ns,  Total Violation        0.000ns
---------------------------------------------------------------------------------------------------


Max Delay Paths
--------------------------------------------------------------------------------------
Slack (MET) :             0.360ns  (required time - arrival time)
  Source:                 bd_0_i/hls_inst/inst/OutPadConv3_U/ram0_reg_bram_0/CLKARDCLK
                            (rising edge-triggered cell RAMB36E2 clocked by ap_clk  {rise@0.000ns fall@2.500ns period=5.000ns})
  Destination:            bd_0_i/hls_inst/inst/grp_CNN_Pipeline_VITIS_LOOP_93_1_loop_for_ap_3_fu_780/mac_muladd_16s_16s_24ns_24_4_1_U92/CNN_mac_muladd_16s_16s_24ns_24_4_1_DSP48_0_U/p_reg_reg/DSP_A_B_DATA_INST/A[27]
                            (rising edge-triggered cell DSP_A_B_DATA clocked by ap_clk  {rise@0.000ns fall@2.500ns period=5.000ns})
  Path Group:             ap_clk
  Path Type:              Setup (Max at Slow Process Corner)
  Requirement:            5.000ns  (ap_clk rise@5.000ns - ap_clk rise@0.000ns)
  Data Path Delay:        4.019ns  (logic 1.296ns (32.247%)  route 2.723ns (67.753%))
  Logic Levels:           0  
  Clock Path Skew:        -0.052ns (DCD - SCD + CPR)
    Destination Clock Delay (DCD):    0.055ns = ( 5.055 - 5.000 ) 
    Source Clock Delay      (SCD):    0.107ns
    Clock Pessimism Removal (CPR):    0.000ns
  Clock Uncertainty:      0.035ns  ((TSJ^2 + TIJ^2)^1/2 + DJ) / 2 + PE
    Total System Jitter     (TSJ):    0.071ns
    Total Input Jitter      (TIJ):    0.000ns
    Discrete Jitter          (DJ):    0.000ns
    Phase Error              (PE):    0.000ns

    Location             Delay type                Incr(ns)  Path(ns)    Netlist Resource(s)
  -------------------------------------------------------------------    -------------------
                         (clock ap_clk rise edge)     0.000     0.000 r  
                                                      0.000     0.000 r  ap_clk (IN)
                         net (fo=4823, unset)         0.107     0.107    bd_0_i/hls_inst/inst/OutPadConv3_U/ap_clk
    RAMB36_X0Y4          RAMB36E2                                     r  bd_0_i/hls_inst/inst/OutPadConv3_U/ram0_reg_bram_0/CLKARDCLK
  -------------------------------------------------------------------    -------------------
    RAMB36_X0Y4          RAMB36E2 (Prop_RAMB36E2_RAMB36_CLKARDCLK_DOUTADOUT[15])
                                                      1.296     1.403 r  bd_0_i/hls_inst/inst/OutPadConv3_U/ram0_reg_bram_0/DOUTADOUT[15]
                         net (fo=201, routed)         2.723     4.126    bd_0_i/hls_inst/inst/grp_CNN_Pipeline_VITIS_LOOP_93_1_loop_for_ap_3_fu_780/mac_muladd_16s_16s_24ns_24_4_1_U92/CNN_mac_muladd_16s_16s_24ns_24_4_1_DSP48_0_U/p_reg_reg/A[27]
    DSP48E2_X1Y4         DSP_A_B_DATA                                 r  bd_0_i/hls_inst/inst/grp_CNN_Pipeline_VITIS_LOOP_93_1_loop_for_ap_3_fu_780/mac_muladd_16s_16s_24ns_24_4_1_U92/CNN_mac_muladd_16s_16s_24ns_24_4_1_DSP48_0_U/p_reg_reg/DSP_A_B_DATA_INST/A[27]
  -------------------------------------------------------------------    -------------------

                         (clock ap_clk rise edge)     5.000     5.000 r  
                                                      0.000     5.000 r  ap_clk (IN)
                         net (fo=4823, unset)         0.055     5.055    bd_0_i/hls_inst/inst/grp_CNN_Pipeline_VITIS_LOOP_93_1_loop_for_ap_3_fu_780/mac_muladd_16s_16s_24ns_24_4_1_U92/CNN_mac_muladd_16s_16s_24ns_24_4_1_DSP48_0_U/p_reg_reg/CLK
    DSP48E2_X1Y4         DSP_A_B_DATA                                 r  bd_0_i/hls_inst/inst/grp_CNN_Pipeline_VITIS_LOOP_93_1_loop_for_ap_3_fu_780/mac_muladd_16s_16s_24ns_24_4_1_U92/CNN_mac_muladd_16s_16s_24ns_24_4_1_DSP48_0_U/p_reg_reg/DSP_A_B_DATA_INST/CLK
                         clock pessimism              0.000     5.055    
                         clock uncertainty           -0.035     5.020    
    DSP48E2_X1Y4         DSP_A_B_DATA (Setup_DSP_A_B_DATA_DSP48E2_CLK_A[27])
                                                     -0.534     4.486    bd_0_i/hls_inst/inst/grp_CNN_Pipeline_VITIS_LOOP_93_1_loop_for_ap_3_fu_780/mac_muladd_16s_16s_24ns_24_4_1_U92/CNN_mac_muladd_16s_16s_24ns_24_4_1_DSP48_0_U/p_reg_reg/DSP_A_B_DATA_INST
  -------------------------------------------------------------------
                         required time                          4.486    
                         arrival time                          -4.126    
  -------------------------------------------------------------------
                         slack                                  0.360    





Min Delay Paths
--------------------------------------------------------------------------------------
Slack (MET) :             0.057ns  (arrival time - required time)
  Source:                 bd_0_i/hls_inst/inst/out_Dense_U/q0_reg[13]/C
                            (rising edge-triggered cell FDRE clocked by ap_clk  {rise@0.000ns fall@2.500ns period=5.000ns})
  Destination:            bd_0_i/hls_inst/inst/maxindex_reg_1498_reg[13]/D
                            (rising edge-triggered cell FDRE clocked by ap_clk  {rise@0.000ns fall@2.500ns period=5.000ns})
  Path Group:             ap_clk
  Path Type:              Hold (Min at Slow Process Corner)
  Requirement:            0.000ns  (ap_clk rise@0.000ns - ap_clk rise@0.000ns)
  Data Path Delay:        0.173ns  (logic 0.112ns (64.714%)  route 0.061ns (35.286%))
  Logic Levels:           0  
  Clock Path Skew:        0.013ns (DCD - SCD - CPR)
    Destination Clock Delay (DCD):    0.042ns
    Source Clock Delay      (SCD):    0.029ns
    Clock Pessimism Removal (CPR):    -0.000ns

    Location             Delay type                Incr(ns)  Path(ns)    Netlist Resource(s)
  -------------------------------------------------------------------    -------------------
                         (clock ap_clk rise edge)     0.000     0.000 r  
                                                      0.000     0.000 r  ap_clk (IN)
                         net (fo=4823, unset)         0.029     0.029    bd_0_i/hls_inst/inst/out_Dense_U/ap_clk
    SLICE_X26Y72         FDRE                                         r  bd_0_i/hls_inst/inst/out_Dense_U/q0_reg[13]/C
  -------------------------------------------------------------------    -------------------
    SLICE_X26Y72         FDRE (Prop_HFF_SLICEL_C_Q)
                                                      0.112     0.141 r  bd_0_i/hls_inst/inst/out_Dense_U/q0_reg[13]/Q
                         net (fo=4, routed)           0.061     0.202    bd_0_i/hls_inst/inst/out_Dense_q0[13]
    SLICE_X26Y72         FDRE                                         r  bd_0_i/hls_inst/inst/maxindex_reg_1498_reg[13]/D
  -------------------------------------------------------------------    -------------------

                         (clock ap_clk rise edge)     0.000     0.000 r  
                                                      0.000     0.000 r  ap_clk (IN)
                         net (fo=4823, unset)         0.042     0.042    bd_0_i/hls_inst/inst/ap_clk
    SLICE_X26Y72         FDRE                                         r  bd_0_i/hls_inst/inst/maxindex_reg_1498_reg[13]/C
                         clock pessimism              0.000     0.042    
    SLICE_X26Y72         FDRE (Hold_HFF2_SLICEL_C_D)
                                                      0.103     0.145    bd_0_i/hls_inst/inst/maxindex_reg_1498_reg[13]
  -------------------------------------------------------------------
                         required time                         -0.145    
                         arrival time                           0.202    
  -------------------------------------------------------------------
                         slack                                  0.057    





Pulse Width Checks
--------------------------------------------------------------------------------------
Clock Name:         ap_clk
Waveform(ns):       { 0.000 2.500 }
Period(ns):         5.000
Sources:            { ap_clk }

Check Type        Corner  Lib Pin             Reference Pin  Required(ns)  Actual(ns)  Slack(ns)  Location      Pin
Min Period        n/a     RAMB36E2/CLKARDCLK  n/a            1.960         5.000       3.040      RAMB36_X1Y1   bd_0_i/hls_inst/inst/OutConv0_U/ram_reg_bram_0/CLKARDCLK
Low Pulse Width   Slow    RAMD32/CLK          n/a            0.762         2.500       1.738      SLICE_X29Y77  bd_0_i/hls_inst/inst/OutDense0_U/ram_reg_0_15_0_0/DP/CLK
High Pulse Width  Slow    RAMD32/CLK          n/a            0.762         2.500       1.738      SLICE_X29Y77  bd_0_i/hls_inst/inst/OutDense0_U/ram_reg_0_15_0_0/DP/CLK



