

Implementation tool: Xilinx Vivado v.2023.1
Project:             project2
Solution:            solution2
Device target:       xck26-sfvc784-2LV-c
Report date:         Thu Jun 27 11:14:40 +0700 2024

#=== Post-Implementation Resource usage ===
SLICE:            0
LUT:           4913
FF:            3163
DSP:            189
BRAM:            31
URAM:             0
LATCH:            0
SRL:             74
CLB:           1111

#=== Final timing ===
CP required:                     5.000
CP achieved post-synthesis:      3.657
CP achieved post-implementation: 4.640
Timing met
